[2026-01-18T23:40:13.729+0000] {taskinstance.py:1956} INFO - Dependencies all met for dep_context=non-requeueable deps ti=<TaskInstance: reddit_can_complete_pipeline_v2.scraping_reddit_to_kafka scheduled__2026-01-18T12:00:00+00:00 [queued]>
[2026-01-18T23:40:13.771+0000] {taskinstance.py:1956} INFO - Dependencies all met for dep_context=requeueable deps ti=<TaskInstance: reddit_can_complete_pipeline_v2.scraping_reddit_to_kafka scheduled__2026-01-18T12:00:00+00:00 [queued]>
[2026-01-18T23:40:13.774+0000] {taskinstance.py:2170} INFO - Starting attempt 1 of 3
[2026-01-18T23:40:13.835+0000] {taskinstance.py:2191} INFO - Executing <Task(DockerOperator): scraping_reddit_to_kafka> on 2026-01-18 12:00:00+00:00
[2026-01-18T23:40:13.852+0000] {standard_task_runner.py:60} INFO - Started process 228 to run task
[2026-01-18T23:40:13.868+0000] {standard_task_runner.py:87} INFO - Running: ['***', 'tasks', 'run', 'reddit_can_complete_pipeline_v2', 'scraping_reddit_to_kafka', 'scheduled__2026-01-18T12:00:00+00:00', '--job-id', '50', '--raw', '--subdir', 'DAGS_FOLDER/reddit_can_complete_pipeline.py', '--cfg-path', '/tmp/tmpmb49fjrh']
[2026-01-18T23:40:13.877+0000] {standard_task_runner.py:88} INFO - Job 50: Subtask scraping_reddit_to_kafka
[2026-01-18T23:40:14.094+0000] {task_command.py:423} INFO - Running <TaskInstance: reddit_can_complete_pipeline_v2.scraping_reddit_to_kafka scheduled__2026-01-18T12:00:00+00:00 [running]> on host 96dba8bf0e81
[2026-01-18T23:40:14.323+0000] {taskinstance.py:2480} INFO - Exporting env vars: AIRFLOW_CTX_DAG_OWNER='bigdata_team' AIRFLOW_CTX_DAG_ID='reddit_can_complete_pipeline_v2' AIRFLOW_CTX_TASK_ID='scraping_reddit_to_kafka' AIRFLOW_CTX_EXECUTION_DATE='2026-01-18T12:00:00+00:00' AIRFLOW_CTX_TRY_NUMBER='1' AIRFLOW_CTX_DAG_RUN_ID='scheduled__2026-01-18T12:00:00+00:00'
[2026-01-18T23:40:14.576+0000] {docker.py:359} INFO - Starting docker container from image projet-bigdata-can-scraper-producer:latest
[2026-01-18T23:40:18.129+0000] {docker.py:429} INFO - üîå Connexion √† Kafka: kafka:29092
üìç Topic: reddit-can-posts
‚è≥ Attente de Kafka...
[2026-01-18T23:40:18.518+0000] {docker.py:429} INFO - ‚úÖ Kafka est pr√™t!
[2026-01-18T23:40:18.630+0000] {docker.py:429} INFO - ‚úÖ Connect√© √† Kafka!
[2026-01-18T23:40:18.638+0000] {docker.py:429} INFO - ======================================================================
üéØ REDDIT KAFKA PRODUCER - MODE INTENSIF
======================================================================
üìç Topic Kafka: reddit-can-posts
‚è±Ô∏è  Intervalle: 600s
üîç Mots-cl√©s: 52
üìç Subreddits: 18
======================================================================


üîÑ CYCLE #1

======================================================================
[2026-01-18T23:40:18.647+0000] {docker.py:429} INFO - üöÄ COLLECTE INTENSIVE - 2026-01-18 23:40:18
======================================================================

üìç PHASE 1: Recherche cibl√©e par mots-cl√©s
----------------------------------------------------------------------
üîé Recherche: 'AFCON 2025' (global)...
[2026-01-18T23:40:19.817+0000] {docker.py:429} INFO - ‚úÖ Post envoy√©: AFCON 2025 Quarter-Finals Bracket.... (score: 1082)
[2026-01-18T23:40:19.924+0000] {docker.py:429} INFO - ‚úÖ Post envoy√©: Birthplaces of all AFCON 2025 players on the map... (score: 349)
[2026-01-18T23:40:20.030+0000] {docker.py:429} INFO - ‚úÖ Post envoy√©: 2025 AFCON Knockout Bracket... (score: 327)
[2026-01-18T23:40:20.145+0000] {docker.py:429} INFO - ‚úÖ Post envoy√©: AFCON 2025 Semi-Finals Bracket... (score: 127)
[2026-01-18T23:40:20.246+0000] {docker.py:429} INFO - ‚úÖ Post envoy√©: BeIN Sports France's predictions for the 2025 AFCO... (score: 29)
[2026-01-18T23:40:20.355+0000] {docker.py:429} INFO - ‚úÖ Post envoy√©: The 2025 AFCON Semi Finals... (score: 103)
[2026-01-18T23:40:20.459+0000] {docker.py:429} INFO - ‚úÖ Post envoy√©: Zambia coach Moses Sichone on Morocco as the Host ... (score: 6588)
[2026-01-18T23:40:20.581+0000] {docker.py:429} INFO - ‚úÖ Post envoy√©: Scenes as Senegal defeat Morocco in the AFCON 2025... (score: 3065)
[2026-01-18T23:40:20.673+0000] {docker.py:429} INFO - ‚úÖ Post envoy√©: The 29-year-old Abdou Abdel Mefire is the youngest... (score: 2335)
[2026-01-18T23:40:20.779+0000] {docker.py:429} INFO - ‚úÖ Post envoy√©: CAF reveals ball for AFCON 2025 final.... (score: 2010)
[2026-01-18T23:40:20.884+0000] {docker.py:429} INFO - ‚úÖ Post envoy√©: The C√¥te d'Ivoire national football team arriving ... (score: 1632)
[2026-01-18T23:40:20.993+0000] {docker.py:429} INFO - ‚úÖ Post envoy√©: AFCON 2025 Megathread... (score: 49)
[2026-01-18T23:40:21.099+0000] {docker.py:429} INFO - ‚úÖ Post envoy√©: Amad and the rest of the C√¥te d'Ivoire squad arriv... (score: 1418)
[2026-01-18T23:40:21.207+0000] {docker.py:429} INFO - ‚úÖ Post envoy√©: Brahim Diaz wins golden boot at AFCON 2025... (score: 469)
[2026-01-18T23:40:21.318+0000] {docker.py:429} INFO - ‚úÖ Post envoy√©: Kylian Mbappe at the Morocco vs Mali game at Afcon... (score: 1228)
[2026-01-18T23:40:21.426+0000] {docker.py:429} INFO - ‚úÖ Post envoy√©: Live! Senegal vs Morocco ‚Äì AFCON 2025 Final on beI... (score: 1)
[2026-01-18T23:40:21.540+0000] {docker.py:429} INFO - ‚úÖ Post envoy√©: The Senegalese FA has lodged an official complaint... (score: 52)
[2026-01-18T23:40:21.660+0000] {docker.py:429} INFO - ‚úÖ Post envoy√©: Benin's poster ahead of their AFCON game against E... (score: 8016)
[2026-01-18T23:40:21.751+0000] {docker.py:429} INFO - ‚úÖ Post envoy√©: [CAF] Official AFCON 2025 Team of the group stage... (score: 376)
[2026-01-18T23:40:21.860+0000] {docker.py:429} INFO - ‚úÖ Post envoy√©: Sadio Man√© (Senegal) wins Player of the Tournament... (score: 328)
[2026-01-18T23:40:21.966+0000] {docker.py:429} INFO - ‚úÖ Post envoy√©: Morocco to the 2025 AFCON Final!... (score: 147)
[2026-01-18T23:40:22.074+0000] {docker.py:429} INFO - ‚úÖ Post envoy√©: C√¥te d'Ivoire, arrived in style in Morocco for the... (score: 826)
[2026-01-18T23:40:22.181+0000] {docker.py:429} INFO - ‚úÖ Post envoy√©: [CAF] Official AFCON 2025 Team of the group stage... (score: 314)
[2026-01-18T23:40:22.289+0000] {docker.py:429} INFO - ‚úÖ Post envoy√©: Senegal national team celebrate as they lift the A... (score: 394)
[2026-01-18T23:40:22.396+0000] {docker.py:429} INFO - ‚úÖ Post envoy√©: Brahim Diaz opens the scoring for Morocco against ... (score: 566)
[2026-01-18T23:40:22.510+0000] {docker.py:429} INFO - ‚úÖ Post envoy√©: Match Thread: Algeria vs Nigeria - AFCON 2025... (score: 3)
[2026-01-18T23:40:22.624+0000] {docker.py:429} INFO - ‚úÖ Post envoy√©: Nigeria claims bronze at AFCON 2025... (score: 227)
[2026-01-18T23:40:22.733+0000] {docker.py:429} INFO - ‚úÖ Post envoy√©: The first semi-final of AFCON 2025... (score: 97)
[2026-01-18T23:40:22.851+0000] {docker.py:429} INFO - ‚úÖ Post envoy√©: Noussair Mazraoui assist vs Comoros (AFCON 2025 Gr... (score: 349)
[2026-01-18T23:40:22.980+0000] {docker.py:429} INFO - ‚úÖ Post envoy√©: Match Thread: Algeria vs DR Congo - AFCON 2025... (score: 5)
[2026-01-18T23:40:23.064+0000] {docker.py:429} INFO - ‚úÖ Post envoy√©: AFCON 2025 (so far): penalties missed ‚Äî 2/2, bicyc... (score: 396)
[2026-01-18T23:40:23.173+0000] {docker.py:429} INFO - ‚úÖ Post envoy√©: This is how the Senegal national team arrived in R... (score: 52)
[2026-01-18T23:40:23.278+0000] {docker.py:429} INFO - ‚úÖ Post envoy√©: AFCON 2025: Faced with empty seats during Egypt-Zi... (score: 237)
[2026-01-18T23:40:23.395+0000] {docker.py:429} INFO - ‚úÖ Post envoy√©: [Bobby Manzi] Oliver Glasner: ‚ÄúCrystal Palace are ... (score: 1751)
[2026-01-18T23:40:23.494+0000] {docker.py:429} INFO - ‚úÖ Post envoy√©: What if every dual nationality player could repres... (score: 34)
[2026-01-18T23:40:23.599+0000] {docker.py:429} INFO - ‚úÖ Post envoy√©: Nora Fatehi is reportedly dating Spanish Footballe... (score: 50)
[2026-01-18T23:40:23.706+0000] {docker.py:429} INFO - ‚úÖ Post envoy√©: Nigeria claims the AFCON 2025 Bronze Medal... (score: 105)
[2026-01-18T23:40:23.816+0000] {docker.py:429} INFO - ‚úÖ Post envoy√©: The Pharaohs are through to the AFCON 2025 semi-fi... (score: 70)
[2026-01-18T23:40:23.926+0000] {docker.py:429} INFO - ‚úÖ Post envoy√©: Senegal vs Morocco finala AFCON 2025 final as host... (score: 25)
[2026-01-18T23:40:24.032+0000] {docker.py:429} INFO - ‚úÖ Post envoy√©: Nora Fatehi is reportedly dating Spanish Footballe... (score: 92)
[2026-01-18T23:40:24.161+0000] {docker.py:429} INFO - ‚úÖ Post envoy√©: Nigeria will face Algeria in the Quarter Finals AF... (score: 63)
[2026-01-18T23:40:24.273+0000] {docker.py:429} INFO - ‚úÖ Post envoy√©: Opta Supercomputer predicts AFCON 2025  Morocco fa... (score: 81)
[2026-01-18T23:40:24.382+0000] {docker.py:429} INFO - ‚úÖ Post envoy√©: [BBC] 'I can kill you right now' - Sudan's footbal... (score: 3057)
[2026-01-18T23:40:24.492+0000] {docker.py:429} INFO - ‚úÖ Post envoy√©: Match Thread: Algeria vs Equatorial Guinea - AFCON... (score: 3)
[2026-01-18T23:40:24.611+0000] {docker.py:429} INFO - ‚úÖ Post envoy√©: Nigeria will face Morocco in the Semi-Final AFCON ... (score: 39)
[2026-01-18T23:40:24.720+0000] {docker.py:429} INFO - ‚úÖ Post envoy√©: [Megathread] AFCON 2025 Knockout Stages &amp; Tour... (score: 9)
[2026-01-18T23:40:24.835+0000] {docker.py:429} INFO - ‚úÖ Post envoy√©: Match officials for both Afcon 2025 Semifinals... (score: 34)
[2026-01-18T23:40:24.939+0000] {docker.py:429} INFO - ‚úÖ Post envoy√©: AFCON 2025: Ndidi offers to pay Super Eagles' bonu... (score: 92)
[2026-01-18T23:40:25.045+0000] {docker.py:429} INFO - ‚úÖ Post envoy√©: Match Thread: Algeria vs Sudan - AFCON 2025... (score: 5)
[2026-01-18T23:40:25.163+0000] {docker.py:429} INFO - ‚úÖ Post envoy√©: Senegal to the 2025 AFCON Final!... (score: 95)
[2026-01-18T23:40:25.257+0000] {docker.py:429} INFO - ‚Üí 50 posts trouv√©s
[2026-01-18T23:40:28.255+0000] {docker.py:429} INFO - üîé Recherche: 'Africa Cup 2025' (global)...
[2026-01-18T23:40:29.011+0000] {docker.py:429} INFO - ‚úÖ Post envoy√©: The 2025 Africa Cup of Nations Quarter Finals... (score: 43)
[2026-01-18T23:40:29.116+0000] {docker.py:429} INFO - ‚úÖ Post envoy√©: The 2025 Africa Cup of Nations Round of 16... (score: 66)
[2026-01-18T23:40:29.222+0000] {docker.py:429} INFO - ‚úÖ Post envoy√©: Morocco's goal in the Africa Cup of Nations 2025 m... (score: 179)
[2026-01-18T23:40:29.328+0000] {docker.py:429} INFO - ‚úÖ Post envoy√©: Africa Cup of Nations to be held every four years ... (score: 2824)
[2026-01-18T23:40:29.438+0000] {docker.py:429} INFO - ‚úÖ Post envoy√©: As a neutral Fan of CAF 2025 Morocco, who do you w... (score: 22)
[2026-01-18T23:40:29.547+0000] {docker.py:429} INFO - ‚úÖ Post envoy√©: [Pre-Match Thread] Arsenal vs Crystal Palace | 23r... (score: 107)
[2026-01-18T23:40:29.653+0000] {docker.py:429} INFO - ‚úÖ Post envoy√©: Senegal üá∏üá≥ are the champions of the 2025 Africa Cu... (score: 184)
[2026-01-18T23:40:29.760+0000] {docker.py:429} INFO - ‚úÖ Post envoy√©: [Senegalese Football Federation] Concerns regardin... (score: 262)
[2026-01-18T23:40:29.876+0000] {docker.py:429} INFO - ‚úÖ Post envoy√©: Ryan Rickelton, dropped from South Africa‚Äôs T20 Wo... (score: 174)
[2026-01-18T23:40:29.976+0000] {docker.py:429} INFO - ‚úÖ Post envoy√©: Match Thread: Senegal vs Morocco Live Score | Afri... (score: 8)
[2026-01-18T23:40:30.188+0000] {docker.py:429} INFO - ‚úÖ Post envoy√©: The 2025 Africa Cup of Nations Final... (score: 102)
[2026-01-18T23:40:30.291+0000] {docker.py:429} INFO - ‚úÖ Post envoy√©: Man√© v Salah: veteran superstars dominate buildup ... (score: 92)
[2026-01-18T23:40:30.414+0000] {docker.py:429} INFO - ‚úÖ Post envoy√©: EFL Championship Players Called Up For Africa Cup ... (score: 36)
[2026-01-18T23:40:30.513+0000] {docker.py:429} INFO - ‚úÖ Post envoy√©: Match Thread: Senegal vs Egypt Live Score | Africa... (score: 7)
[2026-01-18T23:40:30.622+0000] {docker.py:429} INFO - ‚úÖ Post envoy√©: [Sounders FC] Best of luck to Nouhou and Georgi in... (score: 145)
[2026-01-18T23:40:30.737+0000] {docker.py:429} INFO - ‚úÖ Post envoy√©: Full Match || Africa Cup Of Nations 2025 || Senega... (score: 4)
[2026-01-18T23:40:30.849+0000] {docker.py:429} INFO - ‚úÖ Post envoy√©: Where to Watch AFCON 2025 Live? Africa Cup of Nati... (score: 7)
[2026-01-18T23:40:30.991+0000] {docker.py:429} INFO - ‚úÖ Post envoy√©: AFCON 2025: Team guide and ones to watch ahead of ... (score: 34)
[2026-01-18T23:40:31.129+0000] {docker.py:429} INFO - ‚úÖ Post envoy√©: The 2025 Africa Cup of Nations kicks off... (score: 91)
[2026-01-18T23:40:31.213+0000] {docker.py:429} INFO - ‚úÖ Post envoy√©: Africa Cup Of Nations 2025 Closing Ceremony... (score: 3)
[2026-01-18T23:40:31.327+0000] {docker.py:429} INFO - ‚úÖ Post envoy√©: 17 - South Africa had 17 shots on goal against Egy... (score: 19)
[2026-01-18T23:40:31.443+0000] {docker.py:429} INFO - ‚úÖ Post envoy√©: Full Match || Africa Cup Of Nations 2025 || Nigeri... (score: 10)
[2026-01-18T23:40:31.554+0000] {docker.py:429} INFO - ‚úÖ Post envoy√©: Match Thread: Nigeria vs Morocco Live Score | Afri... (score: 2)
[2026-01-18T23:40:31.661+0000] {docker.py:429} INFO - ‚úÖ Post envoy√©: Full Match || Africa Cup Of Nations 2025 || Senega... (score: 8)
[2026-01-18T23:40:31.771+0000] {docker.py:429} INFO - ‚úÖ Post envoy√©: Africa Cup of Nations Group Standings after Matchd... (score: 37)
[2026-01-18T23:40:31.869+0000] {docker.py:429} INFO - ‚úÖ Post envoy√©: African Record: 135 television channels worldwide ... (score: 21)
[2026-01-18T23:40:31.988+0000] {docker.py:429} INFO - ‚úÖ Post envoy√©: Match Thread: Egypt vs Nigeria Live Score | Africa... (score: 5)
[2026-01-18T23:40:32.085+0000] {docker.py:429} INFO - ‚úÖ Post envoy√©: Full Match || Africa Cup Of Nations 2025 || Egypt ... (score: 3)
[2026-01-18T23:40:32.201+0000] {docker.py:429} INFO - ‚úÖ Post envoy√©: Equatorial Guinea vs Algeria, Africa Cup of Nation... (score: 4)
[2026-01-18T23:40:32.309+0000] {docker.py:429} INFO - ‚úÖ Post envoy√©: The Africa Cup 2025 has been added to eFootball (a... (score: 5)
[2026-01-18T23:40:32.431+0000] {docker.py:429} INFO - ‚úÖ Post envoy√©: Africa Cup of Nations 2025 final: Senegal vs Moroc... (score: 1)
[2026-01-18T23:40:32.514+0000] {docker.py:429} INFO - ‚úÖ Post envoy√©: South Africa's Bafana Bafana defeat Angola 2-1 at ... (score: 16)
[2026-01-18T23:40:32.625+0000] {docker.py:429} INFO - ‚úÖ Post envoy√©: BEST WAY TO WATCH Africa Cup of Nations ùêøùêºùí±ùê∏ ùíÆùíØùëÖùê∏ùíú... (score: 1)
[2026-01-18T23:40:32.758+0000] {docker.py:429} INFO - ‚úÖ Post envoy√©: [ùêíùêìream]HERE‚ÄôS*! WAY TO WATCH Africa Cup of Nation... (score: 1)
[2026-01-18T23:40:32.888+0000] {docker.py:429} INFO - ‚úÖ Post envoy√©: CAN I find Senegal vs Morocco ùíÆùìâùìá‚ÑØùí∂ùìÇ: Africa Cup o... (score: 1)
[2026-01-18T23:40:33.022+0000] {docker.py:429} INFO - ‚úÖ Post envoy√©: [ùêíùêìream]HERE‚ÄôS*! WAY TO WATCH Africa Cup of Nation... (score: 1)
[2026-01-18T23:40:33.142+0000] {docker.py:429} INFO - ‚úÖ Post envoy√©: How can I Senegal vs Morocco Africa Cup of Nations... (score: 1)
[2026-01-18T23:40:33.257+0000] {docker.py:429} INFO - ‚úÖ Post envoy√©: How I find Senegal vs Morocco ùíÆùìâùìá‚ÑØùí∂ùìÇ: Africa Cup o... (score: 1)
[2026-01-18T23:40:33.365+0000] {docker.py:429} INFO - ‚úÖ Post envoy√©: BEST WAY TO WATCH Africa Cup of Nations ùêøùêºùí±ùê∏ ùíÆùíØùëÖùê∏ùíú... (score: 1)
[2026-01-18T23:40:33.480+0000] {docker.py:429} INFO - ‚úÖ Post envoy√©: Here's I find Africa Cup of Nations ùïùùïöùïßùïñ ùïäùï•ùï£ùïñùïíùïûùï§... (score: 1)
[2026-01-18T23:40:33.579+0000] {docker.py:429} INFO - ‚úÖ Post envoy√©: Here's I find Africa Cup of Nations ùïùùïöùïßùïñ ùïäùï•ùï£ùïñùïíùïûùï§... (score: 1)
[2026-01-18T23:40:33.687+0000] {docker.py:429} INFO - ‚úÖ Post envoy√©: How I find Africa Cup of Nations ùíÆùìâùìá‚ÑØùí∂ùìÇ: Africa Cu... (score: 1)
[2026-01-18T23:40:33.792+0000] {docker.py:429} INFO - ‚úÖ Post envoy√©: How I find Africa Cup of Nations ùíÆùìâùìá‚ÑØùí∂ùìÇ: Africa Cu... (score: 1)
[2026-01-18T23:40:33.902+0000] {docker.py:429} INFO - ‚úÖ Post envoy√©: Africa cup paying out... (score: 36)
[2026-01-18T23:40:34.007+0000] {docker.py:429} INFO - ‚úÖ Post envoy√©: Epic Showdown: Senegal Battles Morocco for Glory i... (score: 1)
[2026-01-18T23:40:34.114+0000] {docker.py:429} INFO - ‚úÖ Post envoy√©: Zimbabwe vs South Africa, Africa Cup of Nations, 2... (score: 3)
[2026-01-18T23:40:34.226+0000] {docker.py:429} INFO - ‚úÖ Post envoy√©: Ivory Coast vs Cameroon, Africa Cup of Nations, 28... (score: 3)
[2026-01-18T23:40:34.332+0000] {docker.py:429} INFO - ‚úÖ Post envoy√©: PURE REALISM: SIMULATING THE AFRICA CUP... (score: 11)
[2026-01-18T23:40:34.439+0000] {docker.py:429} INFO - ‚úÖ Post envoy√©: Match Thread: Egypt vs Ivory Coast Live Score | Af... (score: 9)
[2026-01-18T23:40:34.538+0000] {docker.py:429} INFO - ‚Üí 50 posts trouv√©s
[2026-01-18T23:40:37.541+0000] {docker.py:429} INFO - üîé Recherche: 'Morocco AFCON' (global)...
[2026-01-18T23:40:38.669+0000] {docker.py:429} INFO - ‚úÖ Post envoy√©: Morocco will meet Senegal in the AFCON final on Su... (score: 1763)
[2026-01-18T23:40:38.881+0000] {docker.py:429} INFO - ‚úÖ Post envoy√©: The sound level in the Moulay Abdellah Stadium in ... (score: 32)
[2026-01-18T23:40:38.991+0000] {docker.py:429} INFO - ‚úÖ Post envoy√©: When can we stop pretending this entire AFCON isn'... (score: 0)
[2026-01-18T23:40:39.095+0000] {docker.py:429} INFO - ‚úÖ Post envoy√©: [Official] Senegal crowned AFCON champions after 1... (score: 6230)
[2026-01-18T23:40:39.301+0000] {docker.py:429} INFO - ‚úÖ Post envoy√©: 92nd-minute Senegal goal disallowed vs Morocco in ... (score: 1892)
[2026-01-18T23:40:39.414+0000] {docker.py:429} INFO - ‚úÖ Post envoy√©: Mbapp√©, Tchouam√©ni and Kound√© are in Morocco for A... (score: 4295)
[2026-01-18T23:40:39.522+0000] {docker.py:429} INFO - ‚úÖ Post envoy√©: Chaos in AFCON final as Senegal coach and players ... (score: 1726)
[2026-01-18T23:40:39.736+0000] {docker.py:429} INFO - ‚úÖ Post envoy√©: Mohamed Salah: "This has been my favorite camp eve... (score: 1720)
[2026-01-18T23:40:39.833+0000] {docker.py:429} INFO - ‚úÖ Post envoy√©: [FotMob] Brahim Diaz has scored in every game so f... (score: 680)
[2026-01-18T23:40:39.940+0000] {docker.py:429} INFO - ‚úÖ Post envoy√©: [FotMob] Brahim Diaz has scored in every game so f... (score: 941)
[2026-01-18T23:40:40.149+0000] {docker.py:429} INFO - ‚úÖ Post envoy√©: Noussair Mazraoui and Morocco reach AFCON 2026 Fin... (score: 739)
[2026-01-18T23:40:40.258+0000] {docker.py:429} INFO - ‚úÖ Post envoy√©: ùó™ùóµùó≤ùóøùó≤ to watch AFCON final (Morocco vs Senegal) Li... (score: 1)
[2026-01-18T23:40:40.369+0000] {docker.py:429} INFO - ‚úÖ Post envoy√©: Spotted a LaPorta Jersey at the Senegal v Egypt AF... (score: 1320)
[2026-01-18T23:40:40.470+0000] {docker.py:429} INFO - ‚úÖ Post envoy√©: LIVE: Senegal vs Morocco ‚Äì AFCON final... (score: 1)
[2026-01-18T23:40:40.681+0000] {docker.py:429} INFO - ‚úÖ Post envoy√©: Morocco Awarded a Last-Minute Penalty Against Sene... (score: 370)
[2026-01-18T23:40:40.787+0000] {docker.py:429} INFO - ‚úÖ Post envoy√©: Since 2022, Morocco has won the CHAN 2024 (domesti... (score: 508)
[2026-01-18T23:40:40.993+0000] {docker.py:429} INFO - ‚úÖ Post envoy√©: Manchester United on Instagram: ‚ÄúCommiserations to... (score: 317)
[2026-01-18T23:40:41.202+0000] {docker.py:429} INFO - ‚úÖ Post envoy√©: Zambia player Wilson Chisala: "Morocco is an overr... (score: 272)
[2026-01-18T23:40:41.409+0000] {docker.py:429} INFO - ‚úÖ Post envoy√©: Morocco are through to the Semi Finals of AFCON... (score: 263)
[2026-01-18T23:40:41.518+0000] {docker.py:429} INFO - ‚úÖ Post envoy√©: Does anyone here actually watch the AFCON that is ... (score: 62)
[2026-01-18T23:40:41.623+0000] {docker.py:429} INFO - ‚úÖ Post envoy√©: South Africa coach Hugo Broos says there is no AFC... (score: 134)
[2026-01-18T23:40:41.737+0000] {docker.py:429} INFO - ‚úÖ Post envoy√©: Air Senegal are looking for the supporter responsi... (score: 297)
[2026-01-18T23:40:41.939+0000] {docker.py:429} INFO - ‚úÖ Post envoy√©: Noussair Mazraoui starts for Morocco vs Senegal in... (score: 216)
[2026-01-18T23:40:42.052+0000] {docker.py:429} INFO - ‚úÖ Post envoy√©: A statement from the senegalese foreign ministry a... (score: 66)
[2026-01-18T23:40:42.156+0000] {docker.py:429} INFO - ‚úÖ Post envoy√©: AFCON 2026 Semifinalists... (score: 3729)
[2026-01-18T23:40:42.260+0000] {docker.py:429} INFO - ‚úÖ Post envoy√©: En-Nesyri scores the winning pen and takes Morocco... (score: 27)
[2026-01-18T23:40:42.369+0000] {docker.py:429} INFO - ‚úÖ Post envoy√©: En-Nesyri goat carried Morocco to the AFCON final... (score: 194)
[2026-01-18T23:40:42.482+0000] {docker.py:429} INFO - ‚úÖ Post envoy√©: Hosting the AFCON in Morocco was a lose-lose situa... (score: 47)
[2026-01-18T23:40:42.687+0000] {docker.py:429} INFO - ‚úÖ Post envoy√©: Noussair Mazraoui celebrates as Morocco beat Niger... (score: 301)
[2026-01-18T23:40:42.792+0000] {docker.py:429} INFO - ‚úÖ Post envoy√©: Looking to buy tickets for Morocco üá≤üá¶ vs Nigeria üá≥... (score: 35)
[2026-01-18T23:40:42.898+0000] {docker.py:429} INFO - ‚úÖ Post envoy√©: Bryan Mbeumo and Noussair Mazraoui start for Camer... (score: 120)
[2026-01-18T23:40:43.005+0000] {docker.py:429} INFO - ‚úÖ Post envoy√©: Noussair Mazraoui starts for Morocco vs Nigeria in... (score: 199)
[2026-01-18T23:40:43.213+0000] {docker.py:429} INFO - ‚úÖ Post envoy√©: Which country are you supporting in the currently ... (score: 23)
[2026-01-18T23:40:43.318+0000] {docker.py:429} INFO - ‚úÖ Post envoy√©: Where to watch AFCON final (Morocco vs Senegal) Li... (score: 1)
[2026-01-18T23:40:43.726+0000] {docker.py:429} INFO - ‚úÖ Post envoy√©: Where Can i Find Stream Senegal vs Morocco 2026 Af... (score: 1)
[2026-01-18T23:40:43.835+0000] {docker.py:429} INFO - ‚úÖ Post envoy√©: A huge number of TV channels are broadcasting the ... (score: 60)
[2026-01-18T23:40:43.938+0000] {docker.py:429} INFO - ‚Üí 50 posts trouv√©s
[2026-01-18T23:40:46.946+0000] {docker.py:429} INFO - üîé Recherche: 'Senegal AFCON' (global)...
[2026-01-18T23:40:47.851+0000] {docker.py:429} INFO - ‚úÖ Post envoy√©: AFCON referee awards Senegal a corner kick in stop... (score: 8701)
[2026-01-18T23:40:48.158+0000] {docker.py:429} INFO - ‚úÖ Post envoy√©: Egyptian journalists storm out of the Press Confer... (score: 364)
[2026-01-18T23:40:48.267+0000] {docker.py:429} INFO - ‚úÖ Post envoy√©: A DR Congo fan stood for 90+ minutes during the AF... (score: 11678)
[2026-01-18T23:40:48.778+0000] {docker.py:429} INFO - ‚úÖ Post envoy√©: This moment of Sadio Man√© instructing his Senegele... (score: 983)
[2026-01-18T23:40:49.387+0000] {docker.py:429} INFO - ‚úÖ Post envoy√©: Nico Jackson and Mamadou Sarr win AFCON with Seneg... (score: 493)
[2026-01-18T23:40:49.592+0000] {docker.py:429} INFO - ‚úÖ Post envoy√©: Senegal reach the AFCON final!... (score: 513)
[2026-01-18T23:40:49.706+0000] {docker.py:429} INFO - ‚úÖ Post envoy√©: Mo's Egypt take on Sadio's Senegal today at 5PM GM... (score: 471)
[2026-01-18T23:40:50.208+0000] {docker.py:429} INFO - ‚úÖ Post envoy√©: Diouf wins AFCON with Senegal!... (score: 251)
[2026-01-18T23:40:50.316+0000] {docker.py:429} INFO - ‚úÖ Post envoy√©: Senegal win AFCON, the players set to return this ... (score: 179)
[2026-01-18T23:40:50.422+0000] {docker.py:429} INFO - ‚úÖ Post envoy√©: SENEGAL ARE AFCON CHAMPIONS üéäüéäüéäüéä... (score: 186)
[2026-01-18T23:40:50.628+0000] {docker.py:429} INFO - ‚úÖ Post envoy√©: A DR Congo fan stood for 90+ minutes during the AF... (score: 429)
[2026-01-18T23:40:50.732+0000] {docker.py:429} INFO - ‚úÖ Post envoy√©: This man‚Äôs leadership won the AFCON üèÜ for Senegal ... (score: 107)
[2026-01-18T23:40:50.938+0000] {docker.py:429} INFO - ‚úÖ Post envoy√©: Seeing Senegal do well in Afcon... (score: 306)
[2026-01-18T23:40:51.145+0000] {docker.py:429} INFO - ‚úÖ Post envoy√©: SENEGAL WINS AFCON!!! üá∏üá≥... (score: 185)
[2026-01-18T23:40:51.351+0000] {docker.py:429} INFO - ‚úÖ Post envoy√©: Tonight‚Äôs AFCON Final [Senegal vs Morocca] ~ Drop ... (score: 2)
[2026-01-18T23:40:51.585+0000] {docker.py:429} INFO - ‚úÖ Post envoy√©: Following Air Senegal post looking for the fan res... (score: 98)
[2026-01-18T23:40:51.703+0000] {docker.py:429} INFO - ‚úÖ Post envoy√©: AFCON 2025 Final: Senegal vs Morocco ‚Äî more than 1... (score: 25)
[2026-01-18T23:40:51.800+0000] {docker.py:429} INFO - ‚úÖ Post envoy√©: AFCON Final: Senegal üá∏üá≥ vs Morocco üá≤üá¶, this is wha... (score: 46)
[2026-01-18T23:40:52.005+0000] {docker.py:429} INFO - ‚úÖ Post envoy√©: Jakobs and Senegal advances to QF of AFCON... (score: 19)
[2026-01-18T23:40:52.114+0000] {docker.py:429} INFO - ‚úÖ Post envoy√©: From an Algerian's eyes, reaction to the AFCON aft... (score: 1)
[2026-01-18T23:40:52.220+0000] {docker.py:429} INFO - ‚úÖ Post envoy√©: Senegal and Jakobs are AFCON winners. Jakobs only ... (score: 38)
[2026-01-18T23:40:52.330+0000] {docker.py:429} INFO - ‚úÖ Post envoy√©: Ismail Jakobs assists Nicolas Jackson for Senegal'... (score: 77)
[2026-01-18T23:40:52.332+0000] {docker.py:429} INFO - 
[2026-01-18T23:40:52.441+0000] {docker.py:429} INFO - ‚úÖ Post envoy√©: A marabout who had collected the equivalent of 33,... (score: 53)
[2026-01-18T23:40:52.547+0000] {docker.py:429} INFO - ‚úÖ Post envoy√©: [Crystal Palace F.C.] Isma√Øla Sarr and Senegal hav... (score: 70)
[2026-01-18T23:40:52.652+0000] {docker.py:429} INFO - ‚úÖ Post envoy√©: That Senegal vs Morocco AFCON Final... (score: 81)
[2026-01-18T23:40:52.761+0000] {docker.py:429} INFO - ‚úÖ Post envoy√©: Senegal have won the AFCON final with a goal in ex... (score: 3)
[2026-01-18T23:40:52.867+0000] {docker.py:429} INFO - ‚úÖ Post envoy√©: The first AFCON 2025 quarter final match is decide... (score: 40)
[2026-01-18T23:40:52.972+0000] {docker.py:429} INFO - ‚úÖ Post envoy√©: Senegal are through to the AFCON 2025 semi-finals!... (score: 53)
[2026-01-18T23:40:53.072+0000] {docker.py:429} INFO - ‚Üí 50 posts trouv√©s
[2026-01-18T23:40:56.077+0000] {docker.py:429} INFO - üîé Recherche: 'Nigeria AFCON' (global)...
[2026-01-18T23:40:57.150+0000] {docker.py:429} INFO - ‚úÖ Post envoy√©: Algerian Fans Tear Moroccan Banknotes After Disapp... (score: 126)
[2026-01-18T23:40:57.358+0000] {docker.py:429} INFO - ‚úÖ Post envoy√©: Thank you Nigeria I was rooting for you... (score: 0)
[2026-01-18T23:40:57.477+0000] {docker.py:429} INFO - ‚úÖ Post envoy√©: I wan cry. We seriously need to do better at AFCON... (score: 7)
[2026-01-18T23:40:57.585+0000] {docker.py:429} INFO - ‚úÖ Post envoy√©: Nigeria üá≥üá¨ Making every team look bad... (score: 4)
[2026-01-18T23:40:57.687+0000] {docker.py:429} INFO - ‚úÖ Post envoy√©: [Premium Times Nigeria] For the first time in AFCO... (score: 1831)
[2026-01-18T23:40:57.802+0000] {docker.py:429} INFO - ‚úÖ Post envoy√©: Fights break out between journalists at the mixed ... (score: 277)
[2026-01-18T23:40:58.220+0000] {docker.py:429} INFO - ‚úÖ Post envoy√©: A fan brought out a DR Congo flag during Nigeria v... (score: 490)
[2026-01-18T23:40:58.328+0000] {docker.py:429} INFO - ‚úÖ Post envoy√©: Marrakech stadium security prevented a pitch invas... (score: 111)
[2026-01-18T23:40:58.527+0000] {docker.py:429} INFO - ‚úÖ Post envoy√©: Victor Osimhem threatens to leave AFCON camp and r... (score: 1911)
[2026-01-18T23:40:58.936+0000] {docker.py:429} INFO - ‚úÖ Post envoy√©: Algerian Fans Tear Moroccan Banknotes After Disapp... (score: 19)
[2026-01-18T23:40:59.044+0000] {docker.py:429} INFO - ‚úÖ Post envoy√©: Adams Akor goal to put Nigeria 2-0 up against Alge... (score: 111)
[2026-01-18T23:40:59.148+0000] {docker.py:429} INFO - ‚úÖ Post envoy√©: [AFCON] Osimhen has asked to be subbed off in an a... (score: 41)
[2026-01-18T23:40:59.354+0000] {docker.py:429} INFO - ‚úÖ Post envoy√©: Iwobi and Lookman fire Nigeria into 3rd place at A... (score: 85)
[2026-01-18T23:40:59.562+0000] {docker.py:429} INFO - ‚úÖ Post envoy√©: AFCON update Nigeria 4 Mozambique 0... (score: 105)
[2026-01-18T23:40:59.669+0000] {docker.py:429} INFO - ‚úÖ Post envoy√©: Nigeria beat Zaire now DR Congo in the 1994 AFCON ... (score: 117)
[2026-01-18T23:40:59.776+0000] {docker.py:429} INFO - ‚úÖ Post envoy√©: Algerian FA files official complaints to CAF and F... (score: 9)
[2026-01-18T23:40:59.883+0000] {docker.py:429} INFO - ‚úÖ Post envoy√©: Nigeria defeat Tunisia 3-2 and qualify for the AFC... (score: 76)
[2026-01-18T23:40:59.990+0000] {docker.py:429} INFO - ‚úÖ Post envoy√©: AFCON 2025: Super Eagles boss reveals three key la... (score: 13)
[2026-01-18T23:41:00.100+0000] {docker.py:429} INFO - ‚úÖ Post envoy√©: Nigeria is out of AFCon.... (score: 41)
[2026-01-18T23:41:00.210+0000] {docker.py:429} INFO - ‚úÖ Post envoy√©: Osimhen's Nigeria have advanced to the round of 16... (score: 40)
[2026-01-18T23:41:00.314+0000] {docker.py:429} INFO - ‚úÖ Post envoy√©: Nigeria vs Tunisia AFCON Tickets... (score: 3)
[2026-01-18T23:41:00.422+0000] {docker.py:429} INFO - ‚úÖ Post envoy√©: Nigeria Vs Algerian (AFCON 25/26)... (score: 6)
[2026-01-18T23:41:00.546+0000] {docker.py:429} INFO - ‚úÖ Post envoy√©: Nigeria will face Mozambique in the round of 16 of... (score: 29)
[2026-01-18T23:41:00.661+0000] {docker.py:429} INFO - ‚úÖ Post envoy√©: Akinsanmiro: "I was very surprised to be called up... (score: 75)
[2026-01-18T23:41:00.768+0000] {docker.py:429} INFO - ‚úÖ Post envoy√©: Moroccan vs Nigeria afcon tickets for sale... (score: 1)
[2026-01-18T23:41:00.895+0000] {docker.py:429} INFO - ‚úÖ Post envoy√©: JE CHERCHE 1 BILLET POUR LES DEMIES FINALES MAROC-... (score: 3)
[2026-01-18T23:41:00.998+0000] {docker.py:429} INFO - ‚úÖ Post envoy√©: AFCON - Nigeria vs Uganda... (score: 22)
[2026-01-18T23:41:01.111+0000] {docker.py:429} INFO - ‚úÖ Post envoy√©: AFCON: Nigeria vs Tanzania... (score: 12)
[2026-01-18T23:41:01.220+0000] {docker.py:429} INFO - ‚úÖ Post envoy√©: Nigeria advances in AFCON... (score: 43)
[2026-01-18T23:41:01.330+0000] {docker.py:429} INFO - ‚úÖ Post envoy√©: Looking to buy tickets for Morocco üá≤üá¶ vs Nigeria üá≥... (score: 5)
[2026-01-18T23:41:01.435+0000] {docker.py:429} INFO - ‚úÖ Post envoy√©: Looking to buy tickets for Morocco üá≤üá¶ vs Nigeria üá≥... (score: 11)
[2026-01-18T23:41:01.550+0000] {docker.py:429} INFO - ‚úÖ Post envoy√©: Ch√©rif Oudjani goal against Nigeria in the 1990 AF... (score: 53)
[2026-01-18T23:41:01.658+0000] {docker.py:429} INFO - ‚úÖ Post envoy√©: Nigeria will face Mozambique in the round of 16 of... (score: 21)
[2026-01-18T23:41:01.761+0000] {docker.py:429} INFO - ‚úÖ Post envoy√©: The only two teams to post a 100% record in the AF... (score: 20)
[2026-01-18T23:41:01.871+0000] {docker.py:429} INFO - ‚úÖ Post envoy√©: Today's MotD: Uganda vs Nigeria (AFCON, Morocco)... (score: 18)
[2026-01-18T23:41:01.983+0000] {docker.py:429} INFO - ‚úÖ Post envoy√©: Looking to buy tickets for Morocco üá≤üá¶ vs Nigeria üá≥... (score: 9)
[2026-01-18T23:41:02.116+0000] {docker.py:429} INFO - ‚úÖ Post envoy√©: Nigeria's Path to Our 4th AFCON... (score: 5)
[2026-01-18T23:41:02.218+0000] {docker.py:429} INFO - ‚úÖ Post envoy√©: Nigeria vs Tunisia Preview: Prediction, Team News,... (score: 3)
[2026-01-18T23:41:02.351+0000] {docker.py:429} INFO - ‚úÖ Post envoy√©: Algeria vs Nigeria: AFCON Giants Clash in High-Sta... (score: 6)
[2026-01-18T23:41:02.450+0000] {docker.py:429} INFO - ‚úÖ Post envoy√©: AFCON: Wilfred Ndidi shouldn't have taken the resp... (score: 5)
[2026-01-18T23:41:02.544+0000] {docker.py:429} INFO - ‚Üí 50 posts trouv√©s
[2026-01-18T23:41:05.542+0000] {docker.py:429} INFO - üìç PHASE 2: Scraping des subreddits
----------------------------------------------------------------------
üîç Scraping r/soccer/hot (limit=50)...
[2026-01-18T23:41:06.314+0000] {docker.py:429} INFO - ‚úÖ Post envoy√©: Edouard Mendy penalty save against Morocco 90+13'... (score: 7471)
[2026-01-18T23:41:06.519+0000] {docker.py:429} INFO - ‚úÖ Post envoy√©: Senegal [1] - 0 Morocco - Pape Gueye 94'... (score: 4090)
[2026-01-18T23:41:06.729+0000] {docker.py:429} INFO - ‚úÖ Post envoy√©: Senegal players refuse to continue playing after M... (score: 2469)
[2026-01-18T23:41:06.835+0000] {docker.py:429} INFO - ‚úÖ Post envoy√©: Senegal players leaving the field after a controve... (score: 2145)
[2026-01-18T23:41:07.161+0000] {docker.py:429} INFO - ‚úÖ Post envoy√©: Alternate angles of Bono great save vs Senegal... (score: 1391)
[2026-01-18T23:41:07.269+0000] {docker.py:429} INFO - ‚úÖ Post envoy√©: Sadio Man√© Urges Senegal Teammates Back Onto the P... (score: 1342)
[2026-01-18T23:41:07.384+0000] {docker.py:429} INFO - ‚úÖ Post envoy√©: Senegal fans clash with security staff before Brah... (score: 819)
[2026-01-18T23:41:07.500+0000] {docker.py:429} INFO - ‚úÖ Post envoy√©: Ibrahim Mbaye (Senegal) posted on his Snapchat sto... (score: 444)
[2026-01-18T23:41:07.729+0000] {docker.py:429} INFO - ‚úÖ Post envoy√©: Cherif Ndiaye miss against Morocco 112'... (score: 493)
[2026-01-18T23:41:07.929+0000] {docker.py:429} INFO - ‚úÖ Post envoy√©: Post Match Thread: Senegal 1-0 Morocco... (score: 446)
[2026-01-18T23:41:08.142+0000] {docker.py:429} INFO - ‚úÖ Post envoy√©: [Middle East Eye] Rare protest held at Manchester ... (score: 1590)
[2026-01-18T23:41:08.348+0000] {docker.py:429} INFO - ‚úÖ Post envoy√©: Bono's (Morocco's GK) 1v1 save vs Senegal 38'... (score: 340)
[2026-01-18T23:41:08.458+0000] {docker.py:429} INFO - ‚úÖ Post envoy√©: Edouard Mendy's (foreshadowing) gesture to Morocco... (score: 124)
[2026-01-18T23:41:08.558+0000] {docker.py:429} INFO - ‚Üí 21 posts CAN trouv√©s
[2026-01-18T23:41:10.559+0000] {docker.py:429} INFO - üîç Scraping r/soccer/new (limit=50)...
[2026-01-18T23:41:11.296+0000] {docker.py:429} INFO - ‚úÖ Post envoy√©: Morocco haven't won an afcon in half a century.Sen... (score: 0)
[2026-01-18T23:41:13.309+0000] {docker.py:429} INFO - ‚Üí 20 posts CAN trouv√©s
[2026-01-18T23:41:15.309+0000] {docker.py:429} INFO - üîç Scraping r/football/hot (limit=50)...
[2026-01-18T23:41:16.271+0000] {docker.py:429} INFO - ‚úÖ Post envoy√©: The African Cup of Nations final mayhem.... (score: 120)
[2026-01-18T23:41:16.373+0000] {docker.py:429} INFO - ‚úÖ Post envoy√©: Africa Cup of Nations final: Senegal crowned champ... (score: 5)
[2026-01-18T23:41:16.480+0000] {docker.py:429} INFO - ‚úÖ Post envoy√©: What a Game Morocco vs Senegal AFCON Final... (score: 6)
[2026-01-18T23:41:16.596+0000] {docker.py:429} INFO - ‚úÖ Post envoy√©: Afcon.. Embarrassing, shame on senagal... (score: 0)
[2026-01-18T23:41:16.695+0000] {docker.py:429} INFO - ‚úÖ Post envoy√©: Morocco beats Nigeria on penalties to reach Africa... (score: 72)
[2026-01-18T23:41:16.796+0000] {docker.py:429} INFO - ‚Üí 5 posts CAN trouv√©s
[2026-01-18T23:41:18.797+0000] {docker.py:429} INFO - üîç Scraping r/football/new (limit=50)...
[2026-01-18T23:41:20.145+0000] {docker.py:429} INFO - ‚Üí 5 posts CAN trouv√©s
[2026-01-18T23:41:22.147+0000] {docker.py:429} INFO - üîç Scraping r/sports/hot (limit=50)...
[2026-01-18T23:41:22.983+0000] {docker.py:429} INFO - ‚úÖ Post envoy√©: Chaos at Africa Cup of Nations final after Senegal... (score: 104)
[2026-01-18T23:41:23.091+0000] {docker.py:429} INFO - ‚úÖ Post envoy√©: Senegal players refused to continue playing after ... (score: 16)
[2026-01-18T23:41:23.198+0000] {docker.py:429} INFO - ‚úÖ Post envoy√©: Scenes as Senegal defeat Morocco in the AFCON 2025... (score: 3)
[2026-01-18T23:41:23.303+0000] {docker.py:429} INFO - ‚Üí 3 posts CAN trouv√©s
[2026-01-18T23:41:25.302+0000] {docker.py:429} INFO - üîç Scraping r/sports/new (limit=50)...
[2026-01-18T23:41:26.356+0000] {docker.py:429} INFO - ‚Üí 3 posts CAN trouv√©s
[2026-01-18T23:41:28.357+0000] {docker.py:429} INFO - üîç Scraping r/worldcup/hot (limit=50)...
[2026-01-18T23:41:29.417+0000] {docker.py:429} INFO - ‚úÖ Post envoy√©: World Champions paired with CONCACAF sides in the ... (score: 17)
[2026-01-18T23:41:29.520+0000] {docker.py:429} INFO - ‚úÖ Post envoy√©: World Cup qualification shines as new objective fo... (score: 44)
[2026-01-18T23:41:29.727+0000] {docker.py:429} INFO - ‚úÖ Post envoy√©: Nigeria files World Cup complaint to FIFA over Con... (score: 174)
[2026-01-18T23:41:29.833+0000] {docker.py:429} INFO - ‚úÖ Post envoy√©: World Cup countries Senegal and C√¥te d‚ÄôIvoire amon... (score: 205)
[2026-01-18T23:41:29.933+0000] {docker.py:429} INFO - ‚Üí 5 posts CAN trouv√©s
[2026-01-18T23:41:31.938+0000] {docker.py:429} INFO - üîç Scraping r/worldcup/new (limit=50)...
[2026-01-18T23:41:33.296+0000] {docker.py:429} INFO - ‚Üí 5 posts CAN trouv√©s
[2026-01-18T23:41:35.299+0000] {docker.py:429} INFO - üîç Scraping r/Africa/hot (limit=50)...
[2026-01-18T23:41:36.340+0000] {docker.py:429} INFO - ‚úÖ Post envoy√©: üá¶üá¥üá®üá© In the Mbanza Kongo region, capital of the fo... (score: 65)
[2026-01-18T23:41:36.446+0000] {docker.py:429} INFO - ‚úÖ Post envoy√©: i miss Kenya/Africa... (score: 26)
[2026-01-18T23:41:36.553+0000] {docker.py:429} INFO - ‚úÖ Post envoy√©: What‚Äôs your opinion about this?... (score: 4)
[2026-01-18T23:41:36.657+0000] {docker.py:429} INFO - ‚úÖ Post envoy√©: Who are you supporting Senegal or Morocco... (score: 5)
[2026-01-18T23:41:36.769+0000] {docker.py:429} INFO - ‚úÖ Post envoy√©: Origins of the Swahili - Dispelling colonial-era E... (score: 197)
[2026-01-18T23:41:36.877+0000] {docker.py:429} INFO - ‚úÖ Post envoy√©: Saudi Arabia to forge military pact with Egypt and... (score: 90)
[2026-01-18T23:41:36.984+0000] {docker.py:429} INFO - ‚úÖ Post envoy√©: Guys who live in the west or in a country outside ... (score: 32)
[2026-01-18T23:41:37.092+0000] {docker.py:429} INFO - ‚úÖ Post envoy√©: The indigenous Mtepe ship technology of Swahili, E... (score: 148)
[2026-01-18T23:41:37.196+0000] {docker.py:429} INFO - ‚úÖ Post envoy√©: Death of Chimamanda Ngozi Adichie‚Äôs son prompts ca... (score: 28)
[2026-01-18T23:41:37.301+0000] {docker.py:429} INFO - ‚úÖ Post envoy√©: The Nigerian Republic in a Ditch: The Rise and Tra... (score: 5)
[2026-01-18T23:41:37.409+0000] {docker.py:429} INFO - ‚úÖ Post envoy√©: When The Swahili and Somali people visited Guangzh... (score: 297)
[2026-01-18T23:41:37.517+0000] {docker.py:429} INFO - ‚úÖ Post envoy√©: Startup Funding In Africa In 2025... (score: 20)
[2026-01-18T23:41:37.622+0000] {docker.py:429} INFO - ‚úÖ Post envoy√©: Some nice pictures I took in the Atlas Mountains,A... (score: 69)
[2026-01-18T23:41:37.731+0000] {docker.py:429} INFO - ‚úÖ Post envoy√©: South Africa‚Äôs AGOA uncertainty still looms... (score: 5)
[2026-01-18T23:41:37.835+0000] {docker.py:429} INFO - ‚úÖ Post envoy√©: Cairo Takes Military Step in Sudan War Ahead of Ha... (score: 91)
[2026-01-18T23:41:37.941+0000] {docker.py:429} INFO - ‚úÖ Post envoy√©: Over 500 million illicit arms flood West Africa, 4... (score: 47)
[2026-01-18T23:41:38.046+0000] {docker.py:429} INFO - ‚úÖ Post envoy√©: Seydou Ke√Øta‚Äôs illuminating portraits of life in 2... (score: 5)
[2026-01-18T23:41:38.153+0000] {docker.py:429} INFO - ‚úÖ Post envoy√©: Somalia cancels all agreements with UAE over alleg... (score: 40)
[2026-01-18T23:41:38.259+0000] {docker.py:429} INFO - ‚úÖ Post envoy√©: Why Turkey is building a space port in Somalia... (score: 13)
[2026-01-18T23:41:38.366+0000] {docker.py:429} INFO - ‚úÖ Post envoy√©: Egypt signs renewable energy deals worth $1.8 bill... (score: 9)
[2026-01-18T23:41:38.466+0000] {docker.py:429} INFO - ‚Üí 20 posts CAN trouv√©s
[2026-01-18T23:41:40.464+0000] {docker.py:429} INFO - üîç Scraping r/Africa/new (limit=50)...
[2026-01-18T23:41:43.649+0000] {docker.py:429} INFO - ‚Üí 20 posts CAN trouv√©s
[2026-01-18T23:41:45.667+0000] {docker.py:429} INFO - üîç Scraping r/africapics/hot (limit=50)...
[2026-01-18T23:41:45.986+0000] {docker.py:429} INFO - ‚Üí 0 posts CAN trouv√©s
[2026-01-18T23:41:47.985+0000] {docker.py:429} INFO - üîç Scraping r/africapics/new (limit=50)...
[2026-01-18T23:41:48.233+0000] {docker.py:429} INFO - ‚Üí 0 posts CAN trouv√©s
[2026-01-18T23:41:50.233+0000] {docker.py:429} INFO - üîç Scraping r/African/hot (limit=50)...
[2026-01-18T23:41:50.408+0000] {docker.py:429} INFO - ‚ùå Erreur scraping r/African: 404 Client Error: Not Found for url: https://www.reddit.com/r/African/hot.json?limit=50
[2026-01-18T23:41:52.413+0000] {docker.py:429} INFO - üîç Scraping r/African/new (limit=50)...
[2026-01-18T23:41:52.634+0000] {docker.py:429} INFO - ‚ùå Erreur scraping r/African: 404 Client Error: Not Found for url: https://www.reddit.com/r/African/new.json?limit=50
[2026-01-18T23:41:54.635+0000] {docker.py:429} INFO - üîç Scraping r/Morocco/hot (limit=50)...
[2026-01-18T23:41:55.518+0000] {docker.py:429} INFO - ‚úÖ Post envoy√©: Senegal should have been disqualified... (score: 98)
[2026-01-18T23:41:55.625+0000] {docker.py:429} INFO - ‚úÖ Post envoy√©: Morrocans should still be proud of a fantastic gam... (score: 66)
[2026-01-18T23:41:55.808+0000] {docker.py:429} INFO - ‚úÖ Post envoy√©: Senegal wanna forfeit the final??... (score: 49)
[2026-01-18T23:41:55.914+0000] {docker.py:429} INFO - ‚úÖ Post envoy√©: All Senegal players, along with the coach, should ... (score: 45)
[2026-01-18T23:41:56.024+0000] {docker.py:429} INFO - ‚úÖ Post envoy√©: Morocco‚Äôs false allegations... (score: 37)
[2026-01-18T23:41:56.132+0000] {docker.py:429} INFO - ‚úÖ Post envoy√©: a mauritanian girl zghrtat after senegal scored a ... (score: 21)
[2026-01-18T23:41:56.242+0000] {docker.py:429} INFO - ‚úÖ Post envoy√©: Arabs/Fans in the Arab cup where much better and h... (score: 20)
[2026-01-18T23:41:56.346+0000] {docker.py:429} INFO - ‚úÖ Post envoy√©: Hey, runner up spot is still great. Don't let anyo... (score: 19)
[2026-01-18T23:41:56.453+0000] {docker.py:429} INFO - ‚úÖ Post envoy√©: This is Bs!! L Senegal... (score: 23)
[2026-01-18T23:41:56.559+0000] {docker.py:429} INFO - ‚úÖ Post envoy√©: Don't forget to buy these in case we win the CAF... (score: 47)
[2026-01-18T23:41:56.667+0000] {docker.py:429} INFO - ‚úÖ Post envoy√©: We do care about other‚Äôs opinions too much... (score: 12)
[2026-01-18T23:41:56.769+0000] {docker.py:429} INFO - ‚úÖ Post envoy√©: Good luck in today‚Äôs game... (score: 30)
[2026-01-18T23:41:56.880+0000] {docker.py:429} INFO - ‚úÖ Post envoy√©: Intense AFCON final... (score: 9)
[2026-01-18T23:41:56.986+0000] {docker.py:429} INFO - ‚úÖ Post envoy√©: That's interesting from Senegal... (score: 9)
[2026-01-18T23:41:57.095+0000] {docker.py:429} INFO - ‚úÖ Post envoy√©: Looking for help to make Ramadan special... (score: 3)
[2026-01-18T23:41:57.196+0000] {docker.py:429} INFO - ‚úÖ Post envoy√©: It is what it is. Terrible outcome, we move on.... (score: 2)
[2026-01-18T23:41:57.301+0000] {docker.py:429} INFO - ‚úÖ Post envoy√©: AFCON volunteering left me really disappointed... (score: 186)
[2026-01-18T23:41:57.401+0000] {docker.py:429} INFO - ‚Üí 17 posts CAN trouv√©s
[2026-01-18T23:41:59.404+0000] {docker.py:429} INFO - üîç Scraping r/Morocco/new (limit=50)...
[2026-01-18T23:42:00.658+0000] {docker.py:429} INFO - ‚úÖ Post envoy√©: Will Morocco üá≤üá¶ Won This AFCON... (score: 1)
[2026-01-18T23:42:00.866+0000] {docker.py:429} INFO - ‚úÖ Post envoy√©: Ewa matenssawch hta Speed lebssoh terboch lehmar o... (score: 2)
[2026-01-18T23:42:01.075+0000] {docker.py:429} INFO - ‚úÖ Post envoy√©: Stop Being Benevolent , This Loss Is on Regragui... (score: 0)
[2026-01-18T23:42:02.388+0000] {docker.py:429} INFO - ‚úÖ Post envoy√©: Low attendance at the AFCON final?... (score: 0)
[2026-01-18T23:42:02.496+0000] {docker.py:429} INFO - ‚úÖ Post envoy√©: Maroc vs Senegal... (score: 1)
[2026-01-18T23:42:02.605+0000] {docker.py:429} INFO - ‚úÖ Post envoy√©: Want to learn Darija... (score: 2)
[2026-01-18T23:42:02.708+0000] {docker.py:429} INFO - ‚úÖ Post envoy√©: Where to buy the Vivo X300 Pro in Morocco?... (score: 2)
[2026-01-18T23:42:02.808+0000] {docker.py:429} INFO - ‚Üí 21 posts CAN trouv√©s
[2026-01-18T23:42:04.809+0000] {docker.py:429} INFO - üìç PHASE 3: Top posts du mois
----------------------------------------------------------------------
üîç Scraping r/soccer/top (limit=50)...
[2026-01-18T23:42:05.985+0000] {docker.py:429} INFO - ‚úÖ Post envoy√©: Zinedine Zidane at AFCON watching his son Luca Zid... (score: 10929)
[2026-01-18T23:42:06.095+0000] {docker.py:429} INFO - ‚úÖ Post envoy√©: A fan in the Senegal vs Botswana game (no idea for... (score: 10516)
[2026-01-18T23:42:06.311+0000] {docker.py:429} INFO - ‚úÖ Post envoy√©: Michel Kuka Mboladinga, a DR Congo supporter, prev... (score: 8496)
[2026-01-18T23:42:06.499+0000] {docker.py:429} INFO - ‚Üí 6 posts CAN trouv√©s
[2026-01-18T23:42:08.504+0000] {docker.py:429} INFO - üîç Scraping r/Africa/top (limit=50)...
[2026-01-18T23:42:10.310+0000] {docker.py:429} INFO - ‚úÖ Post envoy√©: West Africa‚Äôs Megacity‚Ä¶Lagos, Nigeria.... (score: 917)
[2026-01-18T23:42:10.417+0000] {docker.py:429} INFO - ‚úÖ Post envoy√©: Medieval Towns of Mali... (score: 718)
[2026-01-18T23:42:10.522+0000] {docker.py:429} INFO - ‚úÖ Post envoy√©: African Diaspora Sex Tourism (LONG READ)... (score: 669)
[2026-01-18T23:42:10.632+0000] {docker.py:429} INFO - ‚úÖ Post envoy√©: Class act by Nigerian player Akor Adams üá≥üá¨ü§ùüèøüá®üá©... (score: 590)
[2026-01-18T23:42:10.739+0000] {docker.py:429} INFO - ‚úÖ Post envoy√©: Algeria Government Declares French Colonisation A ... (score: 567)
[2026-01-18T23:42:10.847+0000] {docker.py:429} INFO - ‚úÖ Post envoy√©: Mogadishu Somalia üá∏üá¥... (score: 536)
[2026-01-18T23:42:10.953+0000] {docker.py:429} INFO - ‚úÖ Post envoy√©: Mali and Burkina Faso impose travel ban on US citi... (score: 455)
[2026-01-18T23:42:11.057+0000] {docker.py:429} INFO - ‚úÖ Post envoy√©: Angolans didn‚Äôt get to share that sweet border wit... (score: 333)
[2026-01-18T23:42:11.163+0000] {docker.py:429} INFO - ‚úÖ Post envoy√©: Why do SOME North Africans claim not to be African... (score: 317)
[2026-01-18T23:42:11.367+0000] {docker.py:429} INFO - ‚úÖ Post envoy√©: Burkina Faso foils plot to assassinate Capt Ibrahi... (score: 294)
[2026-01-18T23:42:11.472+0000] {docker.py:429} INFO - ‚úÖ Post envoy√©: During the U.S intervention in Somalia in the earl... (score: 268)
[2026-01-18T23:42:11.584+0000] {docker.py:429} INFO - ‚úÖ Post envoy√©: Ghana's president urged to rally African leaders b... (score: 267)
[2026-01-18T23:42:11.690+0000] {docker.py:429} INFO - ‚úÖ Post envoy√©: Eyo Festival of Lagos Nigeria, Dec 27, 2025... (score: 245)
[2026-01-18T23:42:11.802+0000] {docker.py:429} INFO - ‚úÖ Post envoy√©: Explain why Somaliland is a big deal?... (score: 222)
[2026-01-18T23:42:11.911+0000] {docker.py:429} INFO - ‚úÖ Post envoy√©: Israel becomes first country to recognize Somalila... (score: 202)
[2026-01-18T23:42:12.016+0000] {docker.py:429} INFO - ‚úÖ Post envoy√©: Burkina Faso, Mali and Niger Launch NATO-Like Mili... (score: 202)
[2026-01-18T23:42:12.216+0000] {docker.py:429} INFO - ‚úÖ Post envoy√©: UAE recognizes Somaliland Passports but blocks Vis... (score: 196)
[2026-01-18T23:42:12.324+0000] {docker.py:429} INFO - ‚úÖ Post envoy√©: US launches 'powerful strikes' against Islamic Sta... (score: 169)
[2026-01-18T23:42:12.436+0000] {docker.py:429} INFO - ‚úÖ Post envoy√©: Le grand Mali... (score: 158)
[2026-01-18T23:42:12.633+0000] {docker.py:429} INFO - ‚Üí 22 posts CAN trouv√©s
[2026-01-18T23:42:14.635+0000] {docker.py:429} INFO - üîç Scraping r/Morocco/top (limit=50)...
[2026-01-18T23:42:16.704+0000] {docker.py:429} INFO - ‚úÖ Post envoy√©: Kicked out from this place because two girls... (score: 1571)
[2026-01-18T23:42:16.814+0000] {docker.py:429} INFO - ‚úÖ Post envoy√©: Handmade map of Morocco... (score: 734)
[2026-01-18T23:42:16.921+0000] {docker.py:429} INFO - ‚úÖ Post envoy√©: Wld l malik m9mr 3la l mghreb rab7... (score: 494)
[2026-01-18T23:42:17.030+0000] {docker.py:429} INFO - ‚úÖ Post envoy√©: Morocco is beautiful ‚ùÑÔ∏èü•∂üèîÔ∏è... (score: 452)
[2026-01-18T23:42:17.135+0000] {docker.py:429} INFO - ‚úÖ Post envoy√©: Sick of foreigners looking to retire in Morocco... (score: 403)
[2026-01-18T23:42:17.241+0000] {docker.py:429} INFO - ‚úÖ Post envoy√©: All the bad Google reviews for Milk+Honey Casablan... (score: 291)
[2026-01-18T23:42:17.347+0000] {docker.py:429} INFO - ‚úÖ Post envoy√©: I made map of Morocco in English Arabic and Tamazi... (score: 290)
[2026-01-18T23:42:17.454+0000] {docker.py:429} INFO - ‚úÖ Post envoy√©: I moved to Morocco two months ago and i already re... (score: 258)
[2026-01-18T23:42:17.560+0000] {docker.py:429} INFO - ‚úÖ Post envoy√©: weird name for a caf√© lol... (score: 235)
[2026-01-18T23:42:17.666+0000] {docker.py:429} INFO - ‚úÖ Post envoy√©: After visiting Malaysia, I feel more proud of Moro... (score: 230)
[2026-01-18T23:42:17.772+0000] {docker.py:429} INFO - ‚úÖ Post envoy√©: Orange Morocco has exceeded all legal limits in re... (score: 211)
[2026-01-18T23:42:17.877+0000] {docker.py:429} INFO - ‚úÖ Post envoy√©: The best player in Africa's history: this is the b... (score: 212)
[2026-01-18T23:42:17.985+0000] {docker.py:429} INFO - ‚úÖ Post envoy√©: Took this shot at Tangier Stadium during the Seneg... (score: 192)
[2026-01-18T23:42:18.085+0000] {docker.py:429} INFO - ‚Üí 13 posts CAN trouv√©s
[2026-01-18T23:42:20.086+0000] {docker.py:429} INFO - üí¨ PHASE 4: R√©cup√©ration des commentaires
----------------------------------------------------------------------
   üìù Commentaires pour: A DR Congo fan stood for 90+ minutes during the AF...
[2026-01-18T23:42:20.660+0000] {docker.py:429} INFO - ‚Üí 9 commentaires r√©cup√©r√©s
[2026-01-18T23:42:22.660+0000] {docker.py:429} INFO - üìù Commentaires pour: A DR Congo fan stood for 90+ minutes during the AF...
[2026-01-18T23:42:23.260+0000] {docker.py:429} INFO - ‚Üí 9 commentaires r√©cup√©r√©s
[2026-01-18T23:42:25.262+0000] {docker.py:429} INFO - üìù Commentaires pour: Zinedine Zidane at AFCON watching his son Luca Zid...
[2026-01-18T23:42:25.671+0000] {docker.py:429} INFO - ‚Üí 8 commentaires r√©cup√©r√©s
[2026-01-18T23:42:27.669+0000] {docker.py:429} INFO - üìù Commentaires pour: A fan in the Senegal vs Botswana game (no idea for...
[2026-01-18T23:42:28.242+0000] {docker.py:429} INFO - ‚Üí 16 commentaires r√©cup√©r√©s
[2026-01-18T23:42:30.242+0000] {docker.py:429} INFO - üìù Commentaires pour: AFCON referee awards Senegal a corner kick in stop...
[2026-01-18T23:42:30.819+0000] {docker.py:429} INFO - ‚Üí 15 commentaires r√©cup√©r√©s
[2026-01-18T23:42:32.815+0000] {docker.py:429} INFO - üìù Commentaires pour: AFCON referee awards Senegal a corner kick in stop...
[2026-01-18T23:42:33.191+0000] {docker.py:429} INFO - ‚Üí 15 commentaires r√©cup√©r√©s
[2026-01-18T23:42:35.191+0000] {docker.py:429} INFO - üìù Commentaires pour: Michel Kuka Mboladinga, a DR Congo supporter, prev...
[2026-01-18T23:42:35.750+0000] {docker.py:429} INFO - ‚Üí 15 commentaires r√©cup√©r√©s
[2026-01-18T23:42:37.749+0000] {docker.py:429} INFO - üìù Commentaires pour: Benin's poster ahead of their AFCON game against E...
[2026-01-18T23:42:38.346+0000] {docker.py:429} INFO - ‚Üí 13 commentaires r√©cup√©r√©s
[2026-01-18T23:42:40.350+0000] {docker.py:429} INFO - üìù Commentaires pour: Benin's poster ahead of their AFCON game against E...
[2026-01-18T23:42:40.702+0000] {docker.py:429} INFO - ‚Üí 13 commentaires r√©cup√©r√©s
[2026-01-18T23:42:42.704+0000] {docker.py:429} INFO - üìù Commentaires pour: Edouard Mendy penalty save against Morocco 90+13'...
[2026-01-18T23:42:43.192+0000] {docker.py:429} INFO - ‚Üí 14 commentaires r√©cup√©r√©s
[2026-01-18T23:42:45.193+0000] {docker.py:429} INFO - ======================================================================
üìä RAPPORT DE COLLECTE INTENSIVE
======================================================================
Posts envoy√©s:         308
Commentaires envoy√©s:  90
Doublons √©vit√©s:       165
Erreurs:               0
Total unique:          398
======================================================================
[2026-01-18T23:42:45.195+0000] {docker.py:429} INFO - ‚è∏Ô∏è  Pause de 600s avant prochain cycle...
[2026-01-18T23:52:14.255+0000] {timeout.py:68} ERROR - Process timed out, PID: 228
[2026-01-18T23:52:14.418+0000] {taskinstance.py:2698} ERROR - Task failed with exception
Traceback (most recent call last):
  File "/home/airflow/.local/lib/python3.11/site-packages/airflow/providers/docker/operators/docker.py", line 426, in _run_image_with_mounts
    for log_chunk in logstream:
  File "/home/airflow/.local/lib/python3.11/site-packages/docker/types/daemon.py", line 29, in __next__
    return next(self._stream)
           ^^^^^^^^^^^^^^^^^^
  File "/home/airflow/.local/lib/python3.11/site-packages/docker/api/client.py", line 428, in <genexpr>
    gen = (data for (_, data) in gen)
          ^^^^^^^^^^^^^^^^^^^^^^^^^^^
  File "/home/airflow/.local/lib/python3.11/site-packages/docker/utils/socket.py", line 112, in frames_iter_no_tty
    (stream, n) = next_frame_header(socket)
                  ^^^^^^^^^^^^^^^^^^^^^^^^^
  File "/home/airflow/.local/lib/python3.11/site-packages/docker/utils/socket.py", line 84, in next_frame_header
    data = read_exactly(socket, 8)
           ^^^^^^^^^^^^^^^^^^^^^^^
  File "/home/airflow/.local/lib/python3.11/site-packages/docker/utils/socket.py", line 69, in read_exactly
    next_data = read(socket, n - len(data))
                ^^^^^^^^^^^^^^^^^^^^^^^^^^^
  File "/home/airflow/.local/lib/python3.11/site-packages/docker/utils/socket.py", line 40, in read
    poll.poll()
  File "/home/airflow/.local/lib/python3.11/site-packages/airflow/utils/timeout.py", line 69, in handle_timeout
    raise AirflowTaskTimeout(self.error_message)
airflow.exceptions.AirflowTaskTimeout: Timeout, PID: 228

During handling of the above exception, another exception occurred:

Traceback (most recent call last):
  File "/home/airflow/.local/lib/python3.11/site-packages/docker/api/client.py", line 265, in _raise_for_status
    response.raise_for_status()
  File "/home/airflow/.local/lib/python3.11/site-packages/requests/models.py", line 1021, in raise_for_status
    raise HTTPError(http_error_msg, response=self)
requests.exceptions.HTTPError: 409 Client Error: Conflict for url: http+docker://localhost/v1.51/containers/a4076aab3f522850adcf35975804f88babdcca79727cc8fba3e797e91c01c7e0?v=False&link=False&force=False

The above exception was the direct cause of the following exception:

Traceback (most recent call last):
  File "/home/airflow/.local/lib/python3.11/site-packages/airflow/models/taskinstance.py", line 428, in _execute_task
    result = execute_callable(context=context, **execute_callable_kwargs)
             ^^^^^^^^^^^^^^^^^^^^^^^^^^^^^^^^^^^^^^^^^^^^^^^^^^^^^^^^^^^^
  File "/home/airflow/.local/lib/python3.11/site-packages/airflow/providers/docker/operators/docker.py", line 502, in execute
    return self._run_image()
           ^^^^^^^^^^^^^^^^^
  File "/home/airflow/.local/lib/python3.11/site-packages/airflow/providers/docker/operators/docker.py", line 376, in _run_image
    return self._run_image_with_mounts(self.mounts, add_tmp_variable=False)
           ^^^^^^^^^^^^^^^^^^^^^^^^^^^^^^^^^^^^^^^^^^^^^^^^^^^^^^^^^^^^^^^^
  File "/home/airflow/.local/lib/python3.11/site-packages/airflow/providers/docker/operators/docker.py", line 455, in _run_image_with_mounts
    self.cli.remove_container(self.container["Id"])
  File "/home/airflow/.local/lib/python3.11/site-packages/docker/utils/decorators.py", line 19, in wrapped
    return f(self, resource_id, *args, **kwargs)
           ^^^^^^^^^^^^^^^^^^^^^^^^^^^^^^^^^^^^^
  File "/home/airflow/.local/lib/python3.11/site-packages/docker/api/container.py", line 1036, in remove_container
    self._raise_for_status(res)
  File "/home/airflow/.local/lib/python3.11/site-packages/docker/api/client.py", line 267, in _raise_for_status
    raise create_api_error_from_http_exception(e) from e
          ^^^^^^^^^^^^^^^^^^^^^^^^^^^^^^^^^^^^^^^
  File "/home/airflow/.local/lib/python3.11/site-packages/docker/errors.py", line 39, in create_api_error_from_http_exception
    raise cls(e, response=response, explanation=explanation) from e
docker.errors.APIError: 409 Client Error for http+docker://localhost/v1.51/containers/a4076aab3f522850adcf35975804f88babdcca79727cc8fba3e797e91c01c7e0?v=False&link=False&force=False: Conflict ("cannot remove container "a4076aab3f522850adcf35975804f88babdcca79727cc8fba3e797e91c01c7e0": container is running: stop the container before removing or force remove")
[2026-01-18T23:52:14.582+0000] {taskinstance.py:1138} INFO - Marking task as UP_FOR_RETRY. dag_id=reddit_can_complete_pipeline_v2, task_id=scraping_reddit_to_kafka, execution_date=20260118T120000, start_date=20260118T234013, end_date=20260118T235214
[2026-01-18T23:52:14.736+0000] {standard_task_runner.py:107} ERROR - Failed to execute job 50 for task scraping_reddit_to_kafka (409 Client Error for http+docker://localhost/v1.51/containers/a4076aab3f522850adcf35975804f88babdcca79727cc8fba3e797e91c01c7e0?v=False&link=False&force=False: Conflict ("cannot remove container "a4076aab3f522850adcf35975804f88babdcca79727cc8fba3e797e91c01c7e0": container is running: stop the container before removing or force remove"); 228)
[2026-01-18T23:52:14.813+0000] {local_task_job_runner.py:234} INFO - Task exited with return code 1
[2026-01-18T23:52:15.051+0000] {taskinstance.py:3280} INFO - 0 downstream tasks scheduled from follow-on schedule check
