[2026-01-05T00:18:28.660+0000] {taskinstance.py:1956} INFO - Dependencies all met for dep_context=non-requeueable deps ti=<TaskInstance: reddit_can_complete_pipeline.scraping_reddit_to_kafka scheduled__2026-01-04T18:00:00+00:00 [queued]>
[2026-01-05T00:18:28.682+0000] {taskinstance.py:1956} INFO - Dependencies all met for dep_context=requeueable deps ti=<TaskInstance: reddit_can_complete_pipeline.scraping_reddit_to_kafka scheduled__2026-01-04T18:00:00+00:00 [queued]>
[2026-01-05T00:18:28.683+0000] {taskinstance.py:2170} INFO - Starting attempt 3 of 3
[2026-01-05T00:18:28.723+0000] {taskinstance.py:2191} INFO - Executing <Task(DockerOperator): scraping_reddit_to_kafka> on 2026-01-04 18:00:00+00:00
[2026-01-05T00:18:28.734+0000] {standard_task_runner.py:60} INFO - Started process 7250 to run task
[2026-01-05T00:18:28.741+0000] {standard_task_runner.py:87} INFO - Running: ['***', 'tasks', 'run', 'reddit_can_complete_pipeline', 'scraping_reddit_to_kafka', 'scheduled__2026-01-04T18:00:00+00:00', '--job-id', '44', '--raw', '--subdir', 'DAGS_FOLDER/reddit_can_complete_pipeline.py', '--cfg-path', '/tmp/tmpy8rntyc5']
[2026-01-05T00:18:28.748+0000] {standard_task_runner.py:88} INFO - Job 44: Subtask scraping_reddit_to_kafka
[2026-01-05T00:18:28.869+0000] {task_command.py:423} INFO - Running <TaskInstance: reddit_can_complete_pipeline.scraping_reddit_to_kafka scheduled__2026-01-04T18:00:00+00:00 [running]> on host ea2e4c1a0da0
[2026-01-05T00:18:29.074+0000] {taskinstance.py:2480} INFO - Exporting env vars: AIRFLOW_CTX_DAG_OWNER='bigdata_team' AIRFLOW_CTX_DAG_ID='reddit_can_complete_pipeline' AIRFLOW_CTX_TASK_ID='scraping_reddit_to_kafka' AIRFLOW_CTX_EXECUTION_DATE='2026-01-04T18:00:00+00:00' AIRFLOW_CTX_TRY_NUMBER='3' AIRFLOW_CTX_DAG_RUN_ID='scheduled__2026-01-04T18:00:00+00:00'
[2026-01-05T00:18:29.314+0000] {docker.py:359} INFO - Starting docker container from image projet-bigdata-can-scraper-producer:latest
[2026-01-05T00:18:29.394+0000] {taskinstance.py:2698} ERROR - Task failed with exception
Traceback (most recent call last):
  File "/home/airflow/.local/lib/python3.11/site-packages/docker/api/client.py", line 265, in _raise_for_status
    response.raise_for_status()
  File "/home/airflow/.local/lib/python3.11/site-packages/requests/models.py", line 1021, in raise_for_status
    raise HTTPError(http_error_msg, response=self)
requests.exceptions.HTTPError: 409 Client Error: Conflict for url: http+docker://localhost/v1.51/containers/create?name=***_scraper_20260104T180000

The above exception was the direct cause of the following exception:

Traceback (most recent call last):
  File "/home/airflow/.local/lib/python3.11/site-packages/airflow/models/taskinstance.py", line 428, in _execute_task
    result = execute_callable(context=context, **execute_callable_kwargs)
             ^^^^^^^^^^^^^^^^^^^^^^^^^^^^^^^^^^^^^^^^^^^^^^^^^^^^^^^^^^^^
  File "/home/airflow/.local/lib/python3.11/site-packages/airflow/providers/docker/operators/docker.py", line 502, in execute
    return self._run_image()
           ^^^^^^^^^^^^^^^^^
  File "/home/airflow/.local/lib/python3.11/site-packages/airflow/providers/docker/operators/docker.py", line 376, in _run_image
    return self._run_image_with_mounts(self.mounts, add_tmp_variable=False)
           ^^^^^^^^^^^^^^^^^^^^^^^^^^^^^^^^^^^^^^^^^^^^^^^^^^^^^^^^^^^^^^^^
  File "/home/airflow/.local/lib/python3.11/site-packages/airflow/providers/docker/operators/docker.py", line 391, in _run_image_with_mounts
    self.container = self.cli.create_container(
                     ^^^^^^^^^^^^^^^^^^^^^^^^^^
  File "/home/airflow/.local/lib/python3.11/site-packages/docker/api/container.py", line 439, in create_container
    return self.create_container_from_config(config, name, platform)
           ^^^^^^^^^^^^^^^^^^^^^^^^^^^^^^^^^^^^^^^^^^^^^^^^^^^^^^^^^
  File "/home/airflow/.local/lib/python3.11/site-packages/docker/api/container.py", line 456, in create_container_from_config
    return self._result(res, True)
           ^^^^^^^^^^^^^^^^^^^^^^^
  File "/home/airflow/.local/lib/python3.11/site-packages/docker/api/client.py", line 271, in _result
    self._raise_for_status(response)
  File "/home/airflow/.local/lib/python3.11/site-packages/docker/api/client.py", line 267, in _raise_for_status
    raise create_api_error_from_http_exception(e) from e
          ^^^^^^^^^^^^^^^^^^^^^^^^^^^^^^^^^^^^^^^
  File "/home/airflow/.local/lib/python3.11/site-packages/docker/errors.py", line 39, in create_api_error_from_http_exception
    raise cls(e, response=response, explanation=explanation) from e
docker.errors.APIError: 409 Client Error for http+docker://localhost/v1.51/containers/create?name=airflow_scraper_20260104T180000: Conflict ("Conflict. The container name "/airflow_scraper_20260104T180000" is already in use by container "d438ed8776ff4bb7c0eaf81b732d1f6e9bbe68987179701d066f5350a25e783a". You have to remove (or rename) that container to be able to reuse that name.")
[2026-01-05T00:18:29.420+0000] {taskinstance.py:1138} INFO - Marking task as FAILED. dag_id=reddit_can_complete_pipeline, task_id=scraping_reddit_to_kafka, execution_date=20260104T180000, start_date=20260105T001828, end_date=20260105T001829
[2026-01-05T00:18:29.452+0000] {standard_task_runner.py:107} ERROR - Failed to execute job 44 for task scraping_reddit_to_kafka (409 Client Error for http+docker://localhost/v1.51/containers/create?name=airflow_scraper_20260104T180000: Conflict ("Conflict. The container name "/airflow_scraper_20260104T180000" is already in use by container "d438ed8776ff4bb7c0eaf81b732d1f6e9bbe68987179701d066f5350a25e783a". You have to remove (or rename) that container to be able to reuse that name."); 7250)
[2026-01-05T00:18:29.480+0000] {local_task_job_runner.py:234} INFO - Task exited with return code 1
[2026-01-05T00:18:29.562+0000] {taskinstance.py:3280} INFO - 0 downstream tasks scheduled from follow-on schedule check
