[2026-01-04T21:37:11.595+0000] {taskinstance.py:1956} INFO - Dependencies all met for dep_context=non-requeueable deps ti=<TaskInstance: reddit_can_complete_pipeline.scraping_reddit_to_kafka manual__2026-01-04T21:37:03+00:00 [queued]>
[2026-01-04T21:37:11.620+0000] {taskinstance.py:1956} INFO - Dependencies all met for dep_context=requeueable deps ti=<TaskInstance: reddit_can_complete_pipeline.scraping_reddit_to_kafka manual__2026-01-04T21:37:03+00:00 [queued]>
[2026-01-04T21:37:11.623+0000] {taskinstance.py:2170} INFO - Starting attempt 1 of 3
[2026-01-04T21:37:11.668+0000] {taskinstance.py:2191} INFO - Executing <Task(DockerOperator): scraping_reddit_to_kafka> on 2026-01-04 21:37:03+00:00
[2026-01-04T21:37:11.681+0000] {standard_task_runner.py:60} INFO - Started process 3774 to run task
[2026-01-04T21:37:11.689+0000] {standard_task_runner.py:87} INFO - Running: ['***', 'tasks', 'run', 'reddit_can_complete_pipeline', 'scraping_reddit_to_kafka', 'manual__2026-01-04T21:37:03+00:00', '--job-id', '32', '--raw', '--subdir', 'DAGS_FOLDER/reddit_can_complete_pipeline.py', '--cfg-path', '/tmp/tmpepgcei_g']
[2026-01-04T21:37:11.696+0000] {standard_task_runner.py:88} INFO - Job 32: Subtask scraping_reddit_to_kafka
[2026-01-04T21:37:11.825+0000] {task_command.py:423} INFO - Running <TaskInstance: reddit_can_complete_pipeline.scraping_reddit_to_kafka manual__2026-01-04T21:37:03+00:00 [running]> on host ea2e4c1a0da0
[2026-01-04T21:37:11.999+0000] {taskinstance.py:2480} INFO - Exporting env vars: AIRFLOW_CTX_DAG_OWNER='bigdata_team' AIRFLOW_CTX_DAG_ID='reddit_can_complete_pipeline' AIRFLOW_CTX_TASK_ID='scraping_reddit_to_kafka' AIRFLOW_CTX_EXECUTION_DATE='2026-01-04T21:37:03+00:00' AIRFLOW_CTX_TRY_NUMBER='1' AIRFLOW_CTX_DAG_RUN_ID='manual__2026-01-04T21:37:03+00:00'
[2026-01-04T21:37:12.211+0000] {docker.py:359} INFO - Starting docker container from image projet-bigdata-can-scraper-producer:latest
[2026-01-04T21:37:14.227+0000] {docker.py:429} INFO - üîå Connexion √† Kafka: kafka:29092
üìç Topic: reddit-can-posts
‚è≥ Attente de Kafka...
[2026-01-04T21:37:14.577+0000] {docker.py:429} INFO - ‚úÖ Kafka est pr√™t!
[2026-01-04T21:37:14.698+0000] {docker.py:429} INFO - ‚úÖ Connect√© √† Kafka!
[2026-01-04T21:37:14.701+0000] {docker.py:429} INFO - ======================================================================
üéØ REDDIT KAFKA PRODUCER - MODE INTENSIF
======================================================================
[2026-01-04T21:37:14.703+0000] {docker.py:429} INFO - üìç Topic Kafka: reddit-can-posts
‚è±Ô∏è  Intervalle: 600s
üîç Mots-cl√©s: 52
üìç Subreddits: 18
======================================================================


üîÑ CYCLE #1

======================================================================
üöÄ COLLECTE INTENSIVE - 2026-01-04 21:37:14
======================================================================

üìç PHASE 1: Recherche cibl√©e par mots-cl√©s
----------------------------------------------------------------------
üîé Recherche: 'AFCON 2025' (global)...
[2026-01-04T21:37:17.519+0000] {docker.py:429} INFO - ‚úÖ Post envoy√©: AFCON 2025 in Morocco will be the first edition wh... (score: 824)
[2026-01-04T21:37:17.632+0000] {docker.py:429} INFO - ‚úÖ Post envoy√©: Birthplaces of all AFCON 2025 players on the map... (score: 334)
[2026-01-04T21:37:17.729+0000] {docker.py:429} INFO - ‚úÖ Post envoy√©: Meet Assad, the official mascot for AFCON 2025... (score: 140)
[2026-01-04T21:37:17.835+0000] {docker.py:429} INFO - ‚úÖ Post envoy√©: Clubs with the most players in AFCON 2025... (score: 38)
[2026-01-04T21:37:17.942+0000] {docker.py:429} INFO - ‚úÖ Post envoy√©: AFCON 2025: Faced with empty seats during Egypt-Zi... (score: 239)
[2026-01-04T21:37:18.050+0000] {docker.py:429} INFO - ‚úÖ Post envoy√©: Opta Supercomputer predicts AFCON 2025  Morocco fa... (score: 83)
[2026-01-04T21:37:18.155+0000] {docker.py:429} INFO - ‚úÖ Post envoy√©: Zambia coach Moses Sichone on Morocco as the Host ... (score: 6568)
[2026-01-04T21:37:18.259+0000] {docker.py:429} INFO - ‚úÖ Post envoy√©: "Show Dem" Nike commercial for AFCON 2025, featuri... (score: 3319)
[2026-01-04T21:37:18.368+0000] {docker.py:429} INFO - ‚úÖ Post envoy√©: The 29-year-old Abdou Abdel Mefire is the youngest... (score: 2340)
[2026-01-04T21:37:18.474+0000] {docker.py:429} INFO - ‚úÖ Post envoy√©: The C√¥te d'Ivoire national football team arriving ... (score: 1633)
[2026-01-04T21:37:18.583+0000] {docker.py:429} INFO - ‚úÖ Post envoy√©: Amad and the rest of the C√¥te d'Ivoire squad arriv... (score: 1415)
[2026-01-04T21:37:18.771+0000] {docker.py:429} INFO - ‚úÖ Post envoy√©: Kylian Mbappe at the Morocco vs Mali game at Afcon... (score: 1223)
[2026-01-04T21:37:18.898+0000] {docker.py:429} INFO - ‚úÖ Post envoy√©: AFCON 2025 Megathread... (score: 29)
[2026-01-04T21:37:18.983+0000] {docker.py:429} INFO - ‚úÖ Post envoy√©: 2025 AFCON Knockout Bracket... (score: 324)
[2026-01-04T21:37:19.094+0000] {docker.py:429} INFO - ‚úÖ Post envoy√©: C√¥te d'Ivoire, arrived in style in Morocco for the... (score: 824)
[2026-01-04T21:37:19.193+0000] {docker.py:429} INFO - ‚úÖ Post envoy√©: [CAF] Official AFCON 2025 Team of the group stage... (score: 318)
[2026-01-04T21:37:19.298+0000] {docker.py:429} INFO - ‚úÖ Post envoy√©: [CAF] Official AFCON 2025 Team of the group stage... (score: 307)
[2026-01-04T21:37:19.404+0000] {docker.py:429} INFO - ‚úÖ Post envoy√©: Brahim Diaz opens the scoring for Morocco against ... (score: 567)
[2026-01-04T21:37:19.510+0000] {docker.py:429} INFO - ‚úÖ Post envoy√©: Noussair Mazraoui assist vs Comoros (AFCON 2025 Gr... (score: 349)
[2026-01-04T21:37:19.620+0000] {docker.py:429} INFO - ‚úÖ Post envoy√©: AFCON 2025 (so far): penalties missed ‚Äî 2/2, bicyc... (score: 397)
[2026-01-04T21:37:19.728+0000] {docker.py:429} INFO - ‚úÖ Post envoy√©: What if every dual nationality player could repres... (score: 39)
[2026-01-04T21:37:19.832+0000] {docker.py:429} INFO - ‚úÖ Post envoy√©: Question for Algerians attending the 2025 AFCON in... (score: 59)
[2026-01-04T21:37:19.940+0000] {docker.py:429} INFO - ‚úÖ Post envoy√©: BeIN Sports France's predictions for the 2025 AFCO... (score: 33)
[2026-01-04T21:37:20.043+0000] {docker.py:429} INFO - ‚úÖ Post envoy√©: Match Thread: Algeria vs Equatorial Guinea - AFCON... (score: 3)
[2026-01-04T21:37:20.153+0000] {docker.py:429} INFO - ‚úÖ Post envoy√©: [BBC] 'I can kill you right now' - Sudan's footbal... (score: 3016)
[2026-01-04T21:37:20.262+0000] {docker.py:429} INFO - ‚úÖ Post envoy√©: Match Thread: Algeria vs Sudan - AFCON 2025... (score: 6)
[2026-01-04T21:37:20.367+0000] {docker.py:429} INFO - ‚úÖ Post envoy√©: Match Thread: Algeria vs Burkina Faso - AFCON 2025... (score: 3)
[2026-01-04T21:37:20.473+0000] {docker.py:429} INFO - ‚úÖ Post envoy√©: CAF fines Egypt 5000 dollars after AFCON 2025 open... (score: 101)
[2026-01-04T21:37:20.579+0000] {docker.py:429} INFO - ‚úÖ Post envoy√©: Two weeks until AFCON 2025... (score: 117)
[2026-01-04T21:37:20.684+0000] {docker.py:429} INFO - ‚úÖ Post envoy√©: EFL Championship Players Called Up For Africa Cup ... (score: 34)
[2026-01-04T21:37:20.791+0000] {docker.py:429} INFO - ‚úÖ Post envoy√©: Mali will face Tunisia in the round of 16 of AFCON... (score: 23)
[2026-01-04T21:37:20.896+0000] {docker.py:429} INFO - ‚úÖ Post envoy√©: The 2025 AFCON Squad... (score: 3)
[2026-01-04T21:37:21.003+0000] {docker.py:429} INFO - ‚úÖ Post envoy√©: Crown Prince Moulay Hassan Greets Players and Kick... (score: 55)
[2026-01-04T21:37:21.109+0000] {docker.py:429} INFO - ‚úÖ Post envoy√©: I made clean stadium &amp; city access diagrams fo... (score: 4)
[2026-01-04T21:37:21.217+0000] {docker.py:429} INFO - ‚úÖ Post envoy√©: AFCON 2025 Group Stage best XI by CAF... (score: 45)
[2026-01-04T21:37:21.323+0000] {docker.py:429} INFO - ‚úÖ Post envoy√©: Post-Match Thread: Algeria vs Sudan - AFCON 2025... (score: 4)
[2026-01-04T21:37:21.431+0000] {docker.py:429} INFO - ‚úÖ Post envoy√©: Post-Match Thread: Algeria vs Burkina Faso - AFCON... (score: 4)
[2026-01-04T21:37:21.537+0000] {docker.py:429} INFO - ‚úÖ Post envoy√©: [Official] Senegal squad for 2025 AFCON... (score: 52)
[2026-01-04T21:37:21.643+0000] {docker.py:429} INFO - ‚úÖ Post envoy√©: Morocco will face Tanzania in the round of 16 of A... (score: 25)
[2026-01-04T21:37:21.750+0000] {docker.py:429} INFO - ‚úÖ Post envoy√©: South Africa will face Cameroon in the round of 16... (score: 47)
[2026-01-04T21:37:21.856+0000] {docker.py:429} INFO - ‚úÖ Post envoy√©: Algeria will face DR Congo in the round of 16 of A... (score: 57)
[2026-01-04T21:37:21.961+0000] {docker.py:429} INFO - ‚úÖ Post envoy√©: Nigeria will face Mozambique in the round of 16 of... (score: 30)
[2026-01-04T21:37:22.068+0000] {docker.py:429} INFO - ‚úÖ Post envoy√©: Match thread - Angola VS Zimbabwe - AFCON 2025... (score: 3)
[2026-01-04T21:37:22.176+0000] {docker.py:429} INFO - ‚úÖ Post envoy√©: üî• FOR SALE ‚Äì 2025 AFCON TICKETS FULL ROUND MOROCCA... (score: 0)
[2026-01-04T21:37:22.282+0000] {docker.py:429} INFO - ‚úÖ Post envoy√©: Pre-Match Thread: Algeria vs Burkina Faso - AFCON ... (score: 5)
[2026-01-04T21:37:22.387+0000] {docker.py:429} INFO - ‚úÖ Post envoy√©: Where to Watch AFCON 2025 Live? Africa Cup of Nati... (score: 9)
[2026-01-04T21:37:22.494+0000] {docker.py:429} INFO - ‚úÖ Post envoy√©: The 2025 AFCON Squad... (score: 3)
[2026-01-04T21:37:22.600+0000] {docker.py:429} INFO - ‚úÖ Post envoy√©: AFCON 2025: Team guide and ones to watch ahead of ... (score: 32)
[2026-01-04T21:37:22.708+0000] {docker.py:429} INFO - ‚úÖ Post envoy√©: AFCON 2025 Matchday 1!... (score: 37)
[2026-01-04T21:37:22.815+0000] {docker.py:429} INFO - ‚úÖ Post envoy√©: AFCON 2025 - News Website... (score: 12)
[2026-01-04T21:37:22.916+0000] {docker.py:429} INFO - ‚Üí 50 posts trouv√©s
[2026-01-04T21:37:25.917+0000] {docker.py:429} INFO - üîé Recherche: 'Africa Cup 2025' (global)...
[2026-01-04T21:37:26.983+0000] {docker.py:429} INFO - ‚úÖ Post envoy√©: Morocco's goal in the Africa Cup of Nations 2025 m... (score: 181)
[2026-01-04T21:37:27.089+0000] {docker.py:429} INFO - ‚úÖ Post envoy√©: Africa Cup of Nations winners... (score: 98)
[2026-01-04T21:37:27.194+0000] {docker.py:429} INFO - ‚úÖ Post envoy√©: Africa Cup of Nations to be held every four years ... (score: 2827)
[2026-01-04T21:37:27.302+0000] {docker.py:429} INFO - ‚úÖ Post envoy√©: All 9 confirmed stadiums that will host the Africa... (score: 48)
[2026-01-04T21:37:27.406+0000] {docker.py:429} INFO - ‚úÖ Post envoy√©: Brahmin Diaz opens the Score for Morocco at the Af... (score: 774)
[2026-01-04T21:37:27.515+0000] {docker.py:429} INFO - ‚úÖ Post envoy√©: FIFAe World Cup 2025 | Event Thread | Day 2 | Dec ... (score: 54)
[2026-01-04T21:37:27.620+0000] {docker.py:429} INFO - ‚úÖ Post envoy√©: FIFAe World Cup 2025 | Event Thread | Day 1 | Dec ... (score: 55)
[2026-01-04T21:37:27.729+0000] {docker.py:429} INFO - ‚úÖ Post envoy√©: [Pre-Match Thread] Arsenal vs Crystal Palace | 23r... (score: 105)
[2026-01-04T21:37:27.834+0000] {docker.py:429} INFO - ‚úÖ Post envoy√©: A year of work mapping U.S. regional food traditio... (score: 2994)
[2026-01-04T21:37:27.941+0000] {docker.py:429} INFO - ‚úÖ Post envoy√©: After a year of work (and a publishing deal), here... (score: 2895)
[2026-01-04T21:37:28.248+0000] {docker.py:429} INFO - ‚úÖ Post envoy√©: [Sounders FC] Best of luck to Nouhou and Georgi in... (score: 144)
[2026-01-04T21:37:28.364+0000] {docker.py:429} INFO - ‚úÖ Post envoy√©: The 2025 Africa Cup of Nations Round of 16... (score: 65)
[2026-01-04T21:37:28.678+0000] {docker.py:429} INFO - ‚úÖ Post envoy√©: The 2025 Africa Cup of Nations kicks off... (score: 90)
[2026-01-04T21:37:28.783+0000] {docker.py:429} INFO - ‚úÖ Post envoy√©: 17 - South Africa had 17 shots on goal against Egy... (score: 19)
[2026-01-04T21:37:28.897+0000] {docker.py:429} INFO - ‚úÖ Post envoy√©: 2025 Africa Cup of Nations broadcasting rights: Ca... (score: 22)
[2026-01-04T21:37:28.996+0000] {docker.py:429} INFO - ‚úÖ Post envoy√©: Africa Cup of Nations Group Standings after Matchd... (score: 37)
[2026-01-04T21:37:29.127+0000] {docker.py:429} INFO - ‚úÖ Post envoy√©: Team India Reaches Squash World Cup Semis After 3‚Äì... (score: 48)
[2026-01-04T21:37:29.210+0000] {docker.py:429} INFO - ‚úÖ Post envoy√©: Equatorial Guinea vs Algeria, Africa Cup of Nation... (score: 4)
[2026-01-04T21:37:29.315+0000] {docker.py:429} INFO - ‚úÖ Post envoy√©: Africa cup paying out... (score: 36)
[2026-01-04T21:37:29.421+0000] {docker.py:429} INFO - ‚úÖ Post envoy√©: South Africa's Bafana Bafana defeat Angola 2-1 at ... (score: 17)
[2026-01-04T21:37:29.548+0000] {docker.py:429} INFO - ‚úÖ Post envoy√©: Zimbabwe vs South Africa, Africa Cup of Nations, 2... (score: 3)
[2026-01-04T21:37:29.653+0000] {docker.py:429} INFO - ‚úÖ Post envoy√©: Ivory Coast vs Cameroon, Africa Cup of Nations, 28... (score: 3)
[2026-01-04T21:37:29.764+0000] {docker.py:429} INFO - ‚úÖ Post envoy√©: REQUEST: Senegal vs Botswana Africa Cup of Nations... (score: 2)
[2026-01-04T21:37:29.867+0000] {docker.py:429} INFO - ‚úÖ Post envoy√©: Uganda vs Nigeria, Africa Cup of Nations, 30-Dec-2... (score: 1)
[2026-01-04T21:37:29.979+0000] {docker.py:429} INFO - ‚úÖ Post envoy√©: Angola vs Egypt, Africa Cup of Nations, 29-Dec-202... (score: 2)
[2026-01-04T21:37:30.085+0000] {docker.py:429} INFO - ‚úÖ Post envoy√©: [ OptaJoe ] Against Tanzania in matchday one , Ale... (score: 7)
[2026-01-04T21:37:30.192+0000] {docker.py:429} INFO - ‚úÖ Post envoy√©: Bank Al-Maghrib Issues a 250 Dirham Silver Commemo... (score: 18)
[2026-01-04T21:37:30.299+0000] {docker.py:429} INFO - ‚úÖ Post envoy√©: ‚öΩ [LIVE MATCH THREAD] Evening Action: Watch, Bet &... (score: 2)
[2026-01-04T21:37:30.407+0000] {docker.py:429} INFO - ‚úÖ Post envoy√©: REQUEST: Nigeria vs Tanzania, Africa Cup of Nation... (score: 2)
[2026-01-04T21:37:30.514+0000] {docker.py:429} INFO - ‚úÖ Post envoy√©: Tanzania vs Tunisia, Africa Cup of Nations, 30-Dec... (score: 2)
[2026-01-04T21:37:30.620+0000] {docker.py:429} INFO - ‚úÖ Post envoy√©: NEWS: Earthquakes‚Äô Ousseni Bouda to Represent Burk... (score: 30)
[2026-01-04T21:37:30.729+0000] {docker.py:429} INFO - ‚úÖ Post envoy√©: Botswana vs DR Congo, Africa Cup of Nations, 30-De... (score: 1)
[2026-01-04T21:37:30.836+0000] {docker.py:429} INFO - ‚úÖ Post envoy√©: Benin vs Senegal, Africa Cup of Nations, 30-Dec-20... (score: 1)
[2026-01-04T21:37:30.944+0000] {docker.py:429} INFO - ‚úÖ Post envoy√©: Zambia vs Morocco, Africa Cup of Nations, 29-Dec-2... (score: 2)
[2026-01-04T21:37:31.050+0000] {docker.py:429} INFO - ‚úÖ Post envoy√©: Comoros vs Mali, Africa Cup of Nations, 29-Dec-202... (score: 2)
[2026-01-04T21:37:31.160+0000] {docker.py:429} INFO - ‚úÖ Post envoy√©: Today‚Äôs Matches 30/12/2025 ‚Äì Africa Cup of Nations... (score: 1)
[2026-01-04T21:37:31.261+0000] {docker.py:429} INFO - ‚úÖ Post envoy√©: Oakland Roots SC‚Äôs Bobosi Byaruhanga selected by U... (score: 18)
[2026-01-04T21:37:31.366+0000] {docker.py:429} INFO - ‚úÖ Post envoy√©: Gabon vs Mozambique, Africa Cup of Nations, 28-Dec... (score: 2)
[2026-01-04T21:37:31.473+0000] {docker.py:429} INFO - ‚úÖ Post envoy√©: Equatorial Guinea vs Sudan, Africa Cup of Nations,... (score: 2)
[2026-01-04T21:37:31.578+0000] {docker.py:429} INFO - ‚úÖ Post envoy√©: Algeria vs Burkina Faso, Africa Cup of Nations, 28... (score: 2)
[2026-01-04T21:37:31.685+0000] {docker.py:429} INFO - ‚úÖ Post envoy√©: Which Premier League Teams Will be Impacted Most b... (score: 6)
[2026-01-04T21:37:31.790+0000] {docker.py:429} INFO - ‚úÖ Post envoy√©: Benin vs Botswana, Africa Cup of Nations, 27-Dec-2... (score: 2)
[2026-01-04T21:37:31.896+0000] {docker.py:429} INFO - ‚úÖ Post envoy√©: Kampleng Com - South Africa vs Cameroon LIVE‚öΩ 2025... (score: 1)
[2026-01-04T21:37:32.001+0000] {docker.py:429} INFO - ‚úÖ Post envoy√©: South Africa Crowned WBSC Africa U15 Baseball Cham... (score: 18)
[2026-01-04T21:37:32.107+0000] {docker.py:429} INFO - ‚úÖ Post envoy√©: Morocco vs. Tanzania (Africa Cup of Nations) | AFC... (score: 1)
[2026-01-04T21:37:32.212+0000] {docker.py:429} INFO - ‚úÖ Post envoy√©: African Cup of Nations Predictions | 2025-12-26... (score: 1)
[2026-01-04T21:37:32.312+0000] {docker.py:429} INFO - ‚Üí 50 posts trouv√©s
[2026-01-04T21:37:32.314+0000] {docker.py:429} INFO - 
[2026-01-04T21:37:35.314+0000] {docker.py:429} INFO - üîé Recherche: 'Morocco AFCON' (global)...
[2026-01-04T21:37:36.639+0000] {docker.py:429} INFO - ‚úÖ Post envoy√©: Does anyone here actually watch the AFCON that is ... (score: 57)
[2026-01-04T21:37:36.828+0000] {docker.py:429} INFO - ‚úÖ Post envoy√©: South Africa coach Hugo Broos says there is no AFC... (score: 131)
[2026-01-04T21:37:36.933+0000] {docker.py:429} INFO - ‚úÖ Post envoy√©: Nicolas Pepe on Morocco‚Äôs lack of success in AFCON... (score: 74)
[2026-01-04T21:37:37.139+0000] {docker.py:429} INFO - ‚úÖ Post envoy√©: Which country are you supporting in the currently ... (score: 23)
[2026-01-04T21:37:37.254+0000] {docker.py:429} INFO - ‚úÖ Post envoy√©: Morocco no longer continental pariah as Afcon show... (score: 0)
[2026-01-04T21:37:37.359+0000] {docker.py:429} INFO - ‚úÖ Post envoy√©: Moroccan squad for AFCON... (score: 58)
[2026-01-04T21:37:37.464+0000] {docker.py:429} INFO - ‚úÖ Post envoy√©: Mbapp√©, Tchouam√©ni and Kound√© are in Morocco for A... (score: 4295)
[2026-01-04T21:37:37.773+0000] {docker.py:429} INFO - ‚úÖ Post envoy√©: Since 2022, Morocco has won the CHAN 2024 (domesti... (score: 506)
[2026-01-04T21:37:37.880+0000] {docker.py:429} INFO - ‚úÖ Post envoy√©: [Rob Dawson] Man United irked with Morocco over Ma... (score: 300)
[2026-01-04T21:37:37.983+0000] {docker.py:429} INFO - ‚úÖ Post envoy√©: Zambia player Wilson Chisala: "Morocco is an overr... (score: 267)
[2026-01-04T21:37:38.287+0000] {docker.py:429} INFO - ‚úÖ Post envoy√©: [Simon Stone] Man Utd anger at Morocco over releas... (score: 216)
[2026-01-04T21:37:38.394+0000] {docker.py:429} INFO - ‚úÖ Post envoy√©: Noussair Mazraoui called up in Morocco squad for A... (score: 253)
[2026-01-04T21:37:38.807+0000] {docker.py:429} INFO - ‚úÖ Post envoy√©: Morocco squad list for AFCON... (score: 56)
[2026-01-04T21:37:38.912+0000] {docker.py:429} INFO - ‚úÖ Post envoy√©: Morocco will face Algeria in the AFCON semi-finals... (score: 48)
[2026-01-04T21:37:39.023+0000] {docker.py:429} INFO - ‚úÖ Post envoy√©: AFCON Megathread: Morocco v. Mali - Dec 26... (score: 7)
[2026-01-04T21:37:39.427+0000] {docker.py:429} INFO - ‚úÖ Post envoy√©: AFCON Megathread: Morocco v. Zambia - Dec 29... (score: 6)
[2026-01-04T21:37:39.532+0000] {docker.py:429} INFO - ‚úÖ Post envoy√©: When can we stop pretending this entire AFCON isn'... (score: 0)
[2026-01-04T21:37:39.648+0000] {docker.py:429} INFO - ‚úÖ Post envoy√©: Morocco AFCON 25 tickets for sale... (score: 1)
[2026-01-04T21:37:39.749+0000] {docker.py:429} INFO - ‚úÖ Post envoy√©: Tangier Grand Stadium, Tangier, Morocco. Remodelle... (score: 71)
[2026-01-04T21:37:39.896+0000] {docker.py:429} INFO - ‚úÖ Post envoy√©: Today's MotD: Uganda vs Nigeria (AFCON, Morocco)... (score: 17)
[2026-01-04T21:37:40.001+0000] {docker.py:429} INFO - ‚úÖ Post envoy√©: Prince Moulay Abdellah Stadium + Olympic Stadium, ... (score: 68)
[2026-01-04T21:37:40.108+0000] {docker.py:429} INFO - ‚úÖ Post envoy√©: Afcon tickets Morocco vs Comores... (score: 1)
[2026-01-04T21:37:40.215+0000] {docker.py:429} INFO - ‚úÖ Post envoy√©: For people going to AFCON Morocco here, did you bu... (score: 4)
[2026-01-04T21:37:40.315+0000] {docker.py:429} INFO - ‚úÖ Post envoy√©: Looking for Afcon Tickets Morocco... (score: 2)
[2026-01-04T21:37:40.437+0000] {docker.py:429} INFO - ‚úÖ Post envoy√©: Morocco will face Cameroon in the AFCON quarter fi... (score: 3)
[2026-01-04T21:37:40.547+0000] {docker.py:429} INFO - ‚úÖ Post envoy√©: Senegal, Mali, Morocco Head to Afcon Quarter-Final... (score: 1)
[2026-01-04T21:37:40.653+0000] {docker.py:429} INFO - ‚úÖ Post envoy√©: Diaz fires Afcon hosts Morocco into quarter-finals... (score: 1)
[2026-01-04T21:37:40.655+0000] {docker.py:429} INFO - 
[2026-01-04T21:37:40.758+0000] {docker.py:429} INFO - ‚úÖ Post envoy√©: [REQUEST] Morocco vs Zambia, AFCON, 29/12/25... (score: 4)
[2026-01-04T21:37:40.865+0000] {docker.py:429} INFO - ‚úÖ Post envoy√©: üá≤üá¶ AFCON 2025 Stadiums: Morocco... (score: 3)
[2026-01-04T21:37:40.969+0000] {docker.py:429} INFO - ‚úÖ Post envoy√©: Afcon hosts Morocco cruise into last 16 as Hakimi ... (score: 1)
[2026-01-04T21:37:41.076+0000] {docker.py:429} INFO - ‚úÖ Post envoy√©: [World] - Morocco lose injured playmaker Ounahi fo... (score: 1)
[2026-01-04T21:37:41.184+0000] {docker.py:429} INFO - ‚úÖ Post envoy√©: [World] - Morocco lose injured playmaker Ounahi fo... (score: 1)
[2026-01-04T21:37:41.288+0000] {docker.py:429} INFO - ‚úÖ Post envoy√©: [Sports] - Brahim D√≠az fires winner as Afcon hosts... (score: 1)
[2026-01-04T21:37:41.395+0000] {docker.py:429} INFO - ‚úÖ Post envoy√©: [Sports] - Brahim D√≠az fires winner as Afcon hosts... (score: 1)
[2026-01-04T21:37:41.500+0000] {docker.py:429} INFO - ‚úÖ Post envoy√©: Morocco qualifies for the AFCON 2025 semi-finals!... (score: 1)
[2026-01-04T21:37:41.608+0000] {docker.py:429} INFO - ‚úÖ Post envoy√©: [World] - AFCON 2025 - Morocco under pressure to g... (score: 1)
[2026-01-04T21:37:41.713+0000] {docker.py:429} INFO - ‚úÖ Post envoy√©: [World] - AFCON 2025 - Morocco under pressure to g... (score: 1)
[2026-01-04T21:37:41.819+0000] {docker.py:429} INFO - ‚úÖ Post envoy√©: [World] - Morocco coach demands 'humility' against... (score: 1)
[2026-01-04T21:37:41.921+0000] {docker.py:429} INFO - ‚Üí 50 posts trouv√©s
[2026-01-04T21:37:44.924+0000] {docker.py:429} INFO - üîé Recherche: 'Senegal AFCON' (global)...
[2026-01-04T21:37:46.149+0000] {docker.py:429} INFO - ‚úÖ Post envoy√©: A DR Congo fan stood for 90+ minutes during the AF... (score: 11543)
[2026-01-04T21:37:46.279+0000] {docker.py:429} INFO - ‚úÖ Post envoy√©: A DR Congo fan stood for 90+ minutes during the AF... (score: 428)
[2026-01-04T21:37:46.481+0000] {docker.py:429} INFO - ‚úÖ Post envoy√©: Who are you supporting for AFCON if not Senegal?... (score: 29)
[2026-01-04T21:37:46.580+0000] {docker.py:429} INFO - ‚úÖ Post envoy√©: Jakobs and Senegal advances to QF of AFCON... (score: 20)
[2026-01-04T21:37:46.688+0000] {docker.py:429} INFO - ‚úÖ Post envoy√©: Ismail Jakobs assists Nicolas Jackson for Senegal'... (score: 79)
[2026-01-04T21:37:46.897+0000] {docker.py:429} INFO - ‚úÖ Post envoy√©: Senegal will face Sudan in the round of 16 of AFCO... (score: 32)
[2026-01-04T21:37:47.001+0000] {docker.py:429} INFO - ‚úÖ Post envoy√©: Diouf doesn't make the squad for Senegal at AFCON?... (score: 12)
[2026-01-04T21:37:47.108+0000] {docker.py:429} INFO - ‚úÖ Post envoy√©: The first AFCON 2025 quarter final match is decide... (score: 37)
[2026-01-04T21:37:47.222+0000] {docker.py:429} INFO - ‚úÖ Post envoy√©: Senegal beat Sudan 3-1 and advance to the AFCON 20... (score: 34)
[2026-01-04T21:37:47.422+0000] {docker.py:429} INFO - ‚úÖ Post envoy√©: Sudan's warriors fall fighting as teenage Mbaye se... (score: 2)
[2026-01-04T21:37:47.528+0000] {docker.py:429} INFO - ‚úÖ Post envoy√©: Gueye double helps Senegal end Sudan's Afcon run... (score: 1)
[2026-01-04T21:37:47.634+0000] {docker.py:429} INFO - ‚úÖ Post envoy√©: Sudan's warriors fall fighting as teenage Mbaye se... (score: 6)
[2026-01-04T21:37:47.739+0000] {docker.py:429} INFO - ‚úÖ Post envoy√©: [World] - AFCON 2025: Pape Gueye double helps Sene... (score: 1)
[2026-01-04T21:37:47.845+0000] {docker.py:429} INFO - ‚úÖ Post envoy√©: [World] - AFCON 2025: Pape Gueye double helps Sene... (score: 1)
[2026-01-04T21:37:47.953+0000] {docker.py:429} INFO - ‚úÖ Post envoy√©: A DR Congo fan stood for 90+ minutes during the AF... (score: 7)
[2026-01-04T21:37:48.058+0000] {docker.py:429} INFO - ‚úÖ Post envoy√©: [World] - AFCON 2025 - Senegal come from behind to... (score: 1)
[2026-01-04T21:37:48.166+0000] {docker.py:429} INFO - ‚úÖ Post envoy√©: [World] - AFCON 2025 - Senegal come from behind to... (score: 1)
[2026-01-04T21:37:48.271+0000] {docker.py:429} INFO - ‚úÖ Post envoy√©: [World] - Senegal beat Sudan to reach AFCON quarte... (score: 1)
[2026-01-04T21:37:48.378+0000] {docker.py:429} INFO - ‚úÖ Post envoy√©: [World] - Senegal beat Sudan to reach AFCON quarte... (score: 1)
[2026-01-04T21:37:48.484+0000] {docker.py:429} INFO - ‚úÖ Post envoy√©: [World] - AFCON 2025 : Senegal and Sudan open knoc... (score: 1)
[2026-01-04T21:37:48.588+0000] {docker.py:429} INFO - ‚úÖ Post envoy√©: [World] - Teen Mbaye seals AFCON last-16 victory f... (score: 1)
[2026-01-04T21:37:48.717+0000] {docker.py:429} INFO - ‚úÖ Post envoy√©: [World] - Teen Mbaye seals AFCON last-16 victory f... (score: 1)
[2026-01-04T21:37:48.821+0000] {docker.py:429} INFO - ‚úÖ Post envoy√©: [World] - AFCON 2025 : Senegal and Sudan open knoc... (score: 1)
[2026-01-04T21:37:48.927+0000] {docker.py:429} INFO - ‚úÖ Post envoy√©: [World] - LIVE: Senegal vs Sudan ‚Äì AFCON 2025 | Al... (score: 1)
[2026-01-04T21:37:49.036+0000] {docker.py:429} INFO - ‚úÖ Post envoy√©: [World] - LIVE: Senegal vs Sudan ‚Äì AFCON 2025... (score: 1)
[2026-01-04T21:37:49.138+0000] {docker.py:429} INFO - ‚úÖ Post envoy√©: [World] - Senegal vs Sudan: AFCON 2025 ‚Äì team news... (score: 1)
[2026-01-04T21:37:49.241+0000] {docker.py:429} INFO - ‚úÖ Post envoy√©: [World] - Senegal vs Sudan: AFCON 2025 ‚Äì team news... (score: 1)
[2026-01-04T21:37:49.346+0000] {docker.py:429} INFO - ‚úÖ Post envoy√©: Senegal vs. Sudan (Africa Cup of Nations) | AFCON ... (score: 1)
[2026-01-04T21:37:49.453+0000] {docker.py:429} INFO - ‚úÖ Post envoy√©: Nigeria stay PERFECT | Senegal Unbeaten | Tunisia ... (score: 1)
[2026-01-04T21:37:49.563+0000] {docker.py:429} INFO - ‚úÖ Post envoy√©: Senegal vs DR Kongo Highlights | AFCON Reaction üò≥... (score: 1)
[2026-01-04T21:37:49.668+0000] {docker.py:429} INFO - ‚úÖ Post envoy√©: [World] - AFCON: Senegal beat Benin and finish top... (score: 1)
[2026-01-04T21:37:49.779+0000] {docker.py:429} INFO - ‚úÖ Post envoy√©: [World] - AFCON: Senegal beat Benin and finish top... (score: 1)
[2026-01-04T21:37:49.894+0000] {docker.py:429} INFO - ‚úÖ Post envoy√©: [World] - Senegal beat Benin to claim AFCON group,... (score: 1)
[2026-01-04T21:37:49.995+0000] {docker.py:429} INFO - ‚úÖ Post envoy√©: [World] - Senegal beat Benin to claim AFCON group,... (score: 1)
[2026-01-04T21:37:50.103+0000] {docker.py:429} INFO - ‚úÖ Post envoy√©: ü¶Å Senegal vs Benin üêÜ | AFCON Group D Decider in Ta... (score: 1)
[2026-01-04T21:37:50.222+0000] {docker.py:429} INFO - ‚úÖ Post envoy√©: Senegal vs Botswana AFCON Highlights | Reaction... (score: 1)
[2026-01-04T21:37:50.330+0000] {docker.py:429} INFO - ‚úÖ Post envoy√©: [World] - AFCON: Sadio Man√©'s equaliser salvages p... (score: 1)
[2026-01-04T21:37:50.435+0000] {docker.py:429} INFO - ‚úÖ Post envoy√©: [World] - AFCON: Sadio Man√©'s equaliser salvages p... (score: 1)
[2026-01-04T21:37:50.541+0000] {docker.py:429} INFO - ‚úÖ Post envoy√©: Ilay Camara is out for 6 weeks and won't be joinin... (score: 4)
[2026-01-04T21:37:50.648+0000] {docker.py:429} INFO - ‚úÖ Post envoy√©: [World] - AFCON Daily Round Up: Super Eagles beat ... (score: 1)
[2026-01-04T21:37:50.752+0000] {docker.py:429} INFO - ‚úÖ Post envoy√©: [World] - AFCON big cat fight ends in draw: Senega... (score: 1)
[2026-01-04T21:37:50.859+0000] {docker.py:429} INFO - ‚úÖ Post envoy√©: [World] - AFCON big cat fight ends in draw: Senega... (score: 1)
[2026-01-04T21:37:50.966+0000] {docker.py:429} INFO - ‚úÖ Post envoy√©: [World] - AFCON Daily Round Up: Super Eagles beat ... (score: 1)
[2026-01-04T21:37:51.071+0000] {docker.py:429} INFO - ‚úÖ Post envoy√©: [World] - Mane rescues Senegal in draw with DR Con... (score: 1)
[2026-01-04T21:37:51.177+0000] {docker.py:429} INFO - ‚úÖ Post envoy√©: [World] - Mane rescues Senegal in draw with DR Con... (score: 1)
[2026-01-04T21:37:51.282+0000] {docker.py:429} INFO - ‚úÖ Post envoy√©: [World] - AFCON 2025: Senegal and DR Congo to targ... (score: 1)
[2026-01-04T21:37:51.388+0000] {docker.py:429} INFO - ‚úÖ Post envoy√©: [World] - AFCON 2025: Senegal and DR Congo to targ... (score: 1)
[2026-01-04T21:37:51.489+0000] {docker.py:429} INFO - ‚Üí 50 posts trouv√©s
[2026-01-04T21:37:54.503+0000] {docker.py:429} INFO - üîé Recherche: 'Nigeria AFCON' (global)...
[2026-01-04T21:37:55.523+0000] {docker.py:429} INFO - ‚úÖ Post envoy√©: Alex Iwobi on Calvin Bassey's chance vs. Burnley: ... (score: 4038)
[2026-01-04T21:37:55.634+0000] {docker.py:429} INFO - ‚úÖ Post envoy√©: Nigeria defeat Tunisia 3-2 and qualify for the AFC... (score: 78)
[2026-01-04T21:37:55.755+0000] {docker.py:429} INFO - ‚úÖ Post envoy√©: Match Thread: Nigeria vs Tanzania... (score: 27)
[2026-01-04T21:37:55.851+0000] {docker.py:429} INFO - ‚úÖ Post envoy√©: I love AFCON, but the state of our continent is de... (score: 80)
[2026-01-04T21:37:55.957+0000] {docker.py:429} INFO - ‚úÖ Post envoy√©: Uganda have used all of their 3 goalkeepers today,... (score: 1153)
[2026-01-04T21:37:56.060+0000] {docker.py:429} INFO - ‚úÖ Post envoy√©: A fan brought out a DR Congo flag during Nigeria v... (score: 483)
[2026-01-04T21:37:56.166+0000] {docker.py:429} INFO - ‚úÖ Post envoy√©: Osimhen's Nigeria have advanced to the round of 16... (score: 38)
[2026-01-04T21:37:56.275+0000] {docker.py:429} INFO - ‚úÖ Post envoy√©: Nigeria vs Tunisia AFCON Tickets... (score: 3)
[2026-01-04T21:37:56.401+0000] {docker.py:429} INFO - ‚úÖ Post envoy√©: Nigeria‚Äôs squad for upcoming AFCON... (score: 21)
[2026-01-04T21:37:56.616+0000] {docker.py:429} INFO - ‚úÖ Post envoy√©: Akinsanmiro: "I was very surprised to be called up... (score: 75)
[2026-01-04T21:37:56.740+0000] {docker.py:429} INFO - ‚úÖ Post envoy√©: AFCON - Nigeria vs Uganda... (score: 23)
[2026-01-04T21:37:56.826+0000] {docker.py:429} INFO - ‚úÖ Post envoy√©: AFCON: Nigeria vs Tanzania... (score: 12)
[2026-01-04T21:37:57.036+0000] {docker.py:429} INFO - ‚úÖ Post envoy√©: Nigeria will face Mozambique in the round of 16 of... (score: 20)
[2026-01-04T21:37:57.142+0000] {docker.py:429} INFO - ‚úÖ Post envoy√©: The only two teams to post a 100% record in the AF... (score: 19)
[2026-01-04T21:37:57.249+0000] {docker.py:429} INFO - ‚úÖ Post envoy√©: Nigeria's Path to Our 4th AFCON... (score: 5)
[2026-01-04T21:37:57.354+0000] {docker.py:429} INFO - ‚úÖ Post envoy√©: Nigeria vs Tunisia Preview: Prediction, Team News,... (score: 3)
[2026-01-04T21:37:57.467+0000] {docker.py:429} INFO - ‚úÖ Post envoy√©: Is the Nigeria comparison accurate here for afcon?... (score: 11)
[2026-01-04T21:37:57.581+0000] {docker.py:429} INFO - ‚úÖ Post envoy√©: Have Nigeria finally found their winning formula a... (score: 4)
[2026-01-04T21:37:57.683+0000] {docker.py:429} INFO - ‚úÖ Post envoy√©: The only two teams to post a 100% record in the AF... (score: 8)
[2026-01-04T21:37:57.782+0000] {docker.py:429} INFO - ‚úÖ Post envoy√©: The Super Eagles kick off their AFCON 2025 campaig... (score: 14)
[2026-01-04T21:37:57.888+0000] {docker.py:429} INFO - ‚úÖ Post envoy√©: Nigeria reach Afcon last 16 despite Tunisia fightb... (score: 1)
[2026-01-04T21:37:57.994+0000] {docker.py:429} INFO - ‚úÖ Post envoy√©: [World] - Nigeria vs Mozambique: AFCON 2025 ‚Äì team... (score: 1)
[2026-01-04T21:37:58.100+0000] {docker.py:429} INFO - ‚úÖ Post envoy√©: [World] - Nigeria vs Mozambique: AFCON 2025 ‚Äì team... (score: 1)
[2026-01-04T21:37:58.206+0000] {docker.py:429} INFO - ‚úÖ Post envoy√©: Uganda vs Nigeria Highlights | AFCON Reaction ‚öΩ... (score: 1)
[2026-01-04T21:37:58.311+0000] {docker.py:429} INFO - ‚úÖ Post envoy√©: Nigeria, Algeria Enter AFCON 2025 Knockouts in Com... (score: 4)
[2026-01-04T21:37:58.516+0000] {docker.py:429} INFO - ‚úÖ Post envoy√©: Nigeria vs Tunesia Highlights | AFCON Reaction üò≥... (score: 1)
[2026-01-04T21:37:58.622+0000] {docker.py:429} INFO - ‚úÖ Post envoy√©: Uganda have used all of their 3 goalkeepers today,... (score: 1)
[2026-01-04T21:37:58.735+0000] {docker.py:429} INFO - ‚úÖ Post envoy√©: [World] - AFCON 2025: Nigeria complete near-perfec... (score: 1)
[2026-01-04T21:37:58.841+0000] {docker.py:429} INFO - ‚úÖ Post envoy√©: [World] - AFCON 2025: Nigeria complete near-perfec... (score: 1)
[2026-01-04T21:37:58.949+0000] {docker.py:429} INFO - ‚úÖ Post envoy√©: [Sports] - Afcon roundup: Nigeria stay perfect as ... (score: 1)
[2026-01-04T21:37:59.053+0000] {docker.py:429} INFO - ‚úÖ Post envoy√©: [Sports] - Afcon roundup: Nigeria stay perfect as ... (score: 1)
[2026-01-04T21:37:59.171+0000] {docker.py:429} INFO - ‚úÖ Post envoy√©: [World] - Nigeria beat Uganda 3-1 to head into AFC... (score: 1)
[2026-01-04T21:37:59.271+0000] {docker.py:429} INFO - ‚úÖ Post envoy√©: [World] - Nigeria beat Uganda 3-1 to head into AFC... (score: 1)
[2026-01-04T21:37:59.377+0000] {docker.py:429} INFO - ‚úÖ Post envoy√©: [World] - LIVE: Uganda vs Nigeria ‚Äì AFCON 2025 | A... (score: 1)
[2026-01-04T21:37:59.485+0000] {docker.py:429} INFO - ‚úÖ Post envoy√©: Today's MotD: Uganda vs Nigeria (AFCON, Morocco)... (score: 1)
[2026-01-04T21:37:59.592+0000] {docker.py:429} INFO - ‚úÖ Post envoy√©: [World] - LIVE: Uganda vs Nigeria ‚Äì AFCON 2025... (score: 1)
[2026-01-04T21:37:59.699+0000] {docker.py:429} INFO - ‚úÖ Post envoy√©: (Request) Nigeria vs Tunisia, AFCON, 27/12/25 ‚ÄìFul... (score: 2)
[2026-01-04T21:37:59.803+0000] {docker.py:429} INFO - ‚úÖ Post envoy√©: Nigeria vs Tanzania Highlights | AFCON Reaction üò≥... (score: 1)
[2026-01-04T21:37:59.908+0000] {docker.py:429} INFO - ‚úÖ Post envoy√©: [World] - Uganda vs Nigeria: AFCON 2025 ‚Äì team new... (score: 1)
[2026-01-04T21:38:00.017+0000] {docker.py:429} INFO - ‚úÖ Post envoy√©: [World] - Uganda vs Nigeria: AFCON 2025 ‚Äì team new... (score: 1)
[2026-01-04T21:38:00.124+0000] {docker.py:429} INFO - ‚úÖ Post envoy√©: Nigeria Lookman Stars As 3-2 Win Over Tunisia Book... (score: 1)
[2026-01-04T21:38:00.228+0000] {docker.py:429} INFO - ‚úÖ Post envoy√©: [World] - Nigeria reach AFCON knockouts despite la... (score: 1)
[2026-01-04T21:38:00.335+0000] {docker.py:429} INFO - ‚úÖ Post envoy√©: [World] - Nigeria reach AFCON knockouts despite la... (score: 1)
[2026-01-04T21:38:00.441+0000] {docker.py:429} INFO - ‚úÖ Post envoy√©: (Request) Nigeria vs Tunisia, AFCON, 27/12/25... (score: 1)
[2026-01-04T21:38:00.550+0000] {docker.py:429} INFO - ‚úÖ Post envoy√©: [World] - LIVE: Nigeria vs Tunisia ‚Äì AFCON 2025 | ... (score: 1)
[2026-01-04T21:38:00.656+0000] {docker.py:429} INFO - ‚úÖ Post envoy√©: [World] - LIVE: Nigeria vs Tunisia ‚Äì AFCON 2025... (score: 1)
[2026-01-04T21:38:00.761+0000] {docker.py:429} INFO - ‚úÖ Post envoy√©: [World] - Nigeria vs Tunisia: AFCON 2025 ‚Äì team ne... (score: 1)
[2026-01-04T21:38:00.862+0000] {docker.py:429} INFO - ‚Üí 50 posts trouv√©s
[2026-01-04T21:38:03.865+0000] {docker.py:429} INFO - üìç PHASE 2: Scraping des subreddits
----------------------------------------------------------------------
üîç Scraping r/soccer/hot (limit=50)...
[2026-01-04T21:38:04.880+0000] {docker.py:429} INFO - ‚úÖ Post envoy√©: Morocco 1-0 Tanzania - Brahim Diaz 64'... (score: 118)
[2026-01-04T21:38:04.982+0000] {docker.py:429} INFO - ‚úÖ Post envoy√©: South African players before their game against Ca... (score: 90)
[2026-01-04T21:38:05.083+0000] {docker.py:429} INFO - ‚Üí 2 posts CAN trouv√©s
[2026-01-04T21:38:07.087+0000] {docker.py:429} INFO - üîç Scraping r/soccer/new (limit=50)...
[2026-01-04T21:38:08.152+0000] {docker.py:429} INFO - ‚úÖ Post envoy√©: Post Match Thread: South Africa 1-2 Cameroon... (score: 16)
[2026-01-04T21:38:08.258+0000] {docker.py:429} INFO - ‚úÖ Post envoy√©: South Africa [1]-2 Cameroon - Evidence Makgopa 88'... (score: 17)
[2026-01-04T21:38:08.363+0000] {docker.py:429} INFO - ‚úÖ Post envoy√©: South Africa 0-2 Cameroon - Christian Kofane 47'... (score: 40)
[2026-01-04T21:38:08.469+0000] {docker.py:429} INFO - ‚úÖ Post envoy√©: Match Thread: Paris Saint-Germain vs Paris FC... (score: 8)
[2026-01-04T21:38:08.575+0000] {docker.py:429} INFO - ‚úÖ Post envoy√©: South Africa 0-1 Cameroon - Junior Tchamadeu 34'... (score: 21)
[2026-01-04T21:38:08.681+0000] {docker.py:429} INFO - ‚úÖ Post envoy√©: The AFCON is finished for Azeddine Ounahi, after i... (score: 61)
[2026-01-04T21:38:08.795+0000] {docker.py:429} INFO - ‚úÖ Post envoy√©: Match Thread: South Africa vs Cameroon... (score: 15)
[2026-01-04T21:38:08.999+0000] {docker.py:429} INFO - ‚úÖ Post envoy√©: Tanzania penalty shout vs. Morocco... (score: 5)
[2026-01-04T21:38:09.108+0000] {docker.py:429} INFO - ‚úÖ Post envoy√©: Post Match Thread: Morocco 1-0 Tanzania... (score: 23)
[2026-01-04T21:38:09.210+0000] {docker.py:429} INFO - ‚Üí 10 posts CAN trouv√©s
[2026-01-04T21:38:11.205+0000] {docker.py:429} INFO - üîç Scraping r/football/hot (limit=50)...
[2026-01-04T21:38:13.009+0000] {docker.py:429} INFO - ‚úÖ Post envoy√©: After poor results at Afcon (africa), the Gabon fo... (score: 205)
[2026-01-04T21:38:13.217+0000] {docker.py:429} INFO - ‚úÖ Post envoy√©: Africa Cup of Nations to be held every four years ... (score: 347)
[2026-01-04T21:38:13.318+0000] {docker.py:429} INFO - ‚Üí 3 posts CAN trouv√©s
[2026-01-04T21:38:15.319+0000] {docker.py:429} INFO - üîç Scraping r/football/new (limit=50)...
[2026-01-04T21:38:16.675+0000] {docker.py:429} INFO - ‚úÖ Post envoy√©: Iran objects to ‚ÄòPride Match‚Äô branding for Egypt g... (score: 392)
[2026-01-04T21:38:16.794+0000] {docker.py:429} INFO - ‚úÖ Post envoy√©: 2026 World Cup 'Pride Match' to feature Egypt and ... (score: 318)
[2026-01-04T21:38:16.800+0000] {docker.py:429} INFO - 
[2026-01-04T21:38:16.903+0000] {docker.py:429} INFO - ‚Üí 2 posts CAN trouv√©s
[2026-01-04T21:38:18.912+0000] {docker.py:429} INFO - üîç Scraping r/sports/hot (limit=50)...
[2026-01-04T21:38:19.944+0000] {docker.py:429} INFO - ‚úÖ Post envoy√©: Boxer Anthony Joshua‚Äôs driver charged after deadly... (score: 1164)
[2026-01-04T21:38:20.050+0000] {docker.py:429} INFO - ‚Üí 1 posts CAN trouv√©s
[2026-01-04T21:38:22.048+0000] {docker.py:429} INFO - üîç Scraping r/sports/new (limit=50)...
[2026-01-04T21:38:23.198+0000] {docker.py:429} INFO - ‚Üí 1 posts CAN trouv√©s
[2026-01-04T21:38:25.200+0000] {docker.py:429} INFO - üîç Scraping r/worldcup/hot (limit=50)...
[2026-01-04T21:38:26.559+0000] {docker.py:429} INFO - ‚úÖ Post envoy√©: Song and clip AFCON African cup 2026 hosted by Mor... (score: 5)
[2026-01-04T21:38:26.819+0000] {docker.py:429} INFO - ‚úÖ Post envoy√©: Nigeria files World Cup complaint to FIFA over Con... (score: 174)
[2026-01-04T21:38:26.863+0000] {docker.py:429} INFO - ‚úÖ Post envoy√©: World Cup countries Senegal and C√¥te d‚ÄôIvoire amon... (score: 199)
[2026-01-04T21:38:26.968+0000] {docker.py:429} INFO - ‚úÖ Post envoy√©: European World cup winner stats when played outsid... (score: 36)
[2026-01-04T21:38:27.075+0000] {docker.py:429} INFO - ‚úÖ Post envoy√©: World Cup 'Pride Match' still on after Egypt, Iran... (score: 955)
[2026-01-04T21:38:27.175+0000] {docker.py:429} INFO - ‚Üí 6 posts CAN trouv√©s
[2026-01-04T21:38:29.175+0000] {docker.py:429} INFO - üîç Scraping r/worldcup/new (limit=50)...
[2026-01-04T21:38:31.043+0000] {docker.py:429} INFO - ‚Üí 6 posts CAN trouv√©s
[2026-01-04T21:38:33.047+0000] {docker.py:429} INFO - üîç Scraping r/Africa/hot (limit=50)...
[2026-01-04T21:38:34.547+0000] {docker.py:429} INFO - ‚úÖ Post envoy√©: African Diaspora Sex Tourism (LONG READ)... (score: 345)
[2026-01-04T21:38:34.655+0000] {docker.py:429} INFO - ‚úÖ Post envoy√©: During the U.S intervention in Somalia in the earl... (score: 36)
[2026-01-04T21:38:34.762+0000] {docker.py:429} INFO - ‚úÖ Post envoy√©: UAE recognizes Somaliland Passports but blocks Vis... (score: 168)
[2026-01-04T21:38:34.868+0000] {docker.py:429} INFO - ‚úÖ Post envoy√©: Why do SOME North Africans claim not to be African... (score: 271)
[2026-01-04T21:38:34.974+0000] {docker.py:429} INFO - ‚úÖ Post envoy√©: Leading Private Investment Countries In 2025... (score: 27)
[2026-01-04T21:38:35.078+0000] {docker.py:429} INFO - ‚úÖ Post envoy√©: Baka People of Cameroon: Traditional Music from th... (score: 38)
[2026-01-04T21:38:35.182+0000] {docker.py:429} INFO - ‚úÖ Post envoy√©: Mali and Burkina Faso impose travel ban on US citi... (score: 440)
[2026-01-04T21:38:35.289+0000] {docker.py:429} INFO - ‚úÖ Post envoy√©: Anyone else notice how Ankara print is evolving? F... (score: 8)
[2026-01-04T21:38:35.399+0000] {docker.py:429} INFO - ‚úÖ Post envoy√©: There is no legal route for Israelis to reach soma... (score: 94)
[2026-01-04T21:38:35.532+0000] {docker.py:429} INFO - ‚úÖ Post envoy√©: Angolans didn‚Äôt get to share that sweet border wit... (score: 332)
[2026-01-04T21:38:35.642+0000] {docker.py:429} INFO - ‚úÖ Post envoy√©: Guinea elections: Gen Mamady Doumbouya takes lead ... (score: 22)
[2026-01-04T21:38:35.744+0000] {docker.py:429} INFO - ‚úÖ Post envoy√©: Le grand Mali... (score: 158)
[2026-01-04T21:38:35.861+0000] {docker.py:429} INFO - ‚úÖ Post envoy√©: Eyo Festival of Lagos Nigeria, Dec 27, 2025... (score: 241)
[2026-01-04T21:38:35.958+0000] {docker.py:429} INFO - ‚úÖ Post envoy√©: Explain why Somaliland is a big deal?... (score: 221)
[2026-01-04T21:38:36.062+0000] {docker.py:429} INFO - ‚úÖ Post envoy√©: IGAD rejects Israel‚Äôs recognition of Somaliland, c... (score: 90)
[2026-01-04T21:38:36.170+0000] {docker.py:429} INFO - ‚úÖ Post envoy√©: UN Security Council to hold emergency meeting afte... (score: 20)
[2026-01-04T21:38:36.271+0000] {docker.py:429} INFO - ‚Üí 16 posts CAN trouv√©s
[2026-01-04T21:38:38.271+0000] {docker.py:429} INFO - üîç Scraping r/Africa/new (limit=50)...
[2026-01-04T21:38:41.354+0000] {docker.py:429} INFO - ‚úÖ Post envoy√©: Recommendations for countries to visit in Africa... (score: 8)
[2026-01-04T21:38:41.661+0000] {docker.py:429} INFO - ‚úÖ Post envoy√©: Thoughts on the US military intervention against t... (score: 16)
[2026-01-04T21:38:41.762+0000] {docker.py:429} INFO - ‚Üí 18 posts CAN trouv√©s
[2026-01-04T21:38:43.764+0000] {docker.py:429} INFO - üîç Scraping r/africapics/hot (limit=50)...
[2026-01-04T21:38:44.291+0000] {docker.py:429} INFO - ‚Üí 0 posts CAN trouv√©s
[2026-01-04T21:38:46.272+0000] {docker.py:429} INFO - üîç Scraping r/africapics/new (limit=50)...
[2026-01-04T21:38:47.224+0000] {docker.py:429} INFO - ‚Üí 0 posts CAN trouv√©s
[2026-01-04T21:38:49.224+0000] {docker.py:429} INFO - üîç Scraping r/African/hot (limit=50)...
[2026-01-04T21:38:49.500+0000] {docker.py:429} INFO - ‚ùå Erreur scraping r/African: 404 Client Error: Not Found for url: https://www.reddit.com/r/African/hot.json?limit=50
[2026-01-04T21:38:51.489+0000] {docker.py:429} INFO - üîç Scraping r/African/new (limit=50)...
[2026-01-04T21:38:51.972+0000] {docker.py:429} INFO - ‚ùå Erreur scraping r/African: 404 Client Error: Not Found for url: https://www.reddit.com/r/African/new.json?limit=50
[2026-01-04T21:38:53.972+0000] {docker.py:429} INFO - üîç Scraping r/Morocco/hot (limit=50)...
[2026-01-04T21:38:55.519+0000] {docker.py:429} INFO - ‚úÖ Post envoy√©: Mod recruitment is open... (score: 4)
[2026-01-04T21:38:55.641+0000] {docker.py:429} INFO - ‚úÖ Post envoy√©: Present to myself... (score: 61)
[2026-01-04T21:38:55.748+0000] {docker.py:429} INFO - ‚úÖ Post envoy√©: What‚Äôs with the high hopes for Europe?... (score: 2)
[2026-01-04T21:38:55.850+0000] {docker.py:429} INFO - ‚úÖ Post envoy√©: Morocco is beautiful ‚ùÑÔ∏èü•∂üèîÔ∏è... (score: 366)
[2026-01-04T21:38:55.965+0000] {docker.py:429} INFO - ‚úÖ Post envoy√©: How are Moroccans raised abroad viewed in relation... (score: 1)
[2026-01-04T21:38:56.062+0000] {docker.py:429} INFO - ‚Üí 5 posts CAN trouv√©s
[2026-01-04T21:38:58.062+0000] {docker.py:429} INFO - üîç Scraping r/Morocco/new (limit=50)...
[2026-01-04T21:38:59.121+0000] {docker.py:429} INFO - ‚úÖ Post envoy√©: I want to travel without money... (score: 1)
[2026-01-04T21:38:59.534+0000] {docker.py:429} INFO - ‚úÖ Post envoy√©: Foreign income -... (score: 1)
[2026-01-04T21:38:59.645+0000] {docker.py:429} INFO - ‚úÖ Post envoy√©: Baking/Cooking School... (score: 1)
[2026-01-04T21:38:59.746+0000] {docker.py:429} INFO - ‚Üí 6 posts CAN trouv√©s
[2026-01-04T21:39:01.750+0000] {docker.py:429} INFO - üìç PHASE 3: Top posts du mois
----------------------------------------------------------------------
üîç Scraping r/soccer/top (limit=50)...
[2026-01-04T21:39:02.913+0000] {docker.py:429} INFO - ‚úÖ Post envoy√©: Zinedine Zidane at AFCON watching his son Luca Zid... (score: 10912)
[2026-01-04T21:39:03.018+0000] {docker.py:429} INFO - ‚úÖ Post envoy√©: A fan in the Senegal vs Botswana game (no idea for... (score: 10497)
[2026-01-04T21:39:03.124+0000] {docker.py:429} INFO - ‚úÖ Post envoy√©: FIFA World Cup match in Seattle on June 26 had alr... (score: 9639)
[2026-01-04T21:39:03.230+0000] {docker.py:429} INFO - ‚úÖ Post envoy√©: Weird Clearance by Algeria's defender Achref Abada... (score: 8392)
[2026-01-04T21:39:03.333+0000] {docker.py:429} INFO - ‚Üí 5 posts CAN trouv√©s
[2026-01-04T21:39:05.337+0000] {docker.py:429} INFO - üîç Scraping r/Africa/top (limit=50)...
[2026-01-04T21:39:06.831+0000] {docker.py:429} INFO - ‚úÖ Post envoy√©: Mother, Daughter and Maid, Johannesburg, South Afr... (score: 2401)
[2026-01-04T21:39:06.928+0000] {docker.py:429} INFO - ‚úÖ Post envoy√©: The original "Waka Waka"song (1986)... (score: 1177)
[2026-01-04T21:39:07.043+0000] {docker.py:429} INFO - ‚úÖ Post envoy√©: Faces of Ghana (1950s-1970s) James Barnor... (score: 1036)
[2026-01-04T21:39:07.144+0000] {docker.py:429} INFO - ‚úÖ Post envoy√©: West Africa‚Äôs Megacity‚Ä¶Lagos, Nigeria.... (score: 910)
[2026-01-04T21:39:07.253+0000] {docker.py:429} INFO - ‚úÖ Post envoy√©: Medieval Towns of Mali... (score: 713)
[2026-01-04T21:39:07.358+0000] {docker.py:429} INFO - ‚úÖ Post envoy√©: Algeria Government Declares French Colonisation A ... (score: 569)
[2026-01-04T21:39:07.573+0000] {docker.py:429} INFO - ‚úÖ Post envoy√©: African mythology... (score: 433)
[2026-01-04T21:39:07.578+0000] {docker.py:429} INFO - 
[2026-01-04T21:39:07.888+0000] {docker.py:429} INFO - ‚úÖ Post envoy√©: Shoutout to the Somali community... (score: 274)
[2026-01-04T21:39:08.092+0000] {docker.py:429} INFO - ‚úÖ Post envoy√©: Ghana's president urged to rally African leaders b... (score: 264)
[2026-01-04T21:39:08.400+0000] {docker.py:429} INFO - ‚úÖ Post envoy√©: Somali hate... (score: 224)
[2026-01-04T21:39:08.506+0000] {docker.py:429} INFO - ‚úÖ Post envoy√©: Israel becomes first country to recognize Somalila... (score: 204)
[2026-01-04T21:39:08.612+0000] {docker.py:429} INFO - ‚úÖ Post envoy√©: Burkina Faso, Mali and Niger Launch NATO-Like Mili... (score: 204)
[2026-01-04T21:39:08.833+0000] {docker.py:429} INFO - ‚úÖ Post envoy√©: US launches 'powerful strikes' against Islamic Sta... (score: 168)
[2026-01-04T21:39:09.037+0000] {docker.py:429} INFO - ‚Üí 21 posts CAN trouv√©s
[2026-01-04T21:39:11.031+0000] {docker.py:429} INFO - üîç Scraping r/Morocco/top (limit=50)...
[2026-01-04T21:39:12.143+0000] {docker.py:429} INFO - ‚úÖ Post envoy√©: morocco wins the arab cup! üá≤üá¶... (score: 1129)
[2026-01-04T21:39:12.247+0000] {docker.py:429} INFO - ‚úÖ Post envoy√©: Handmade map of Morocco... (score: 720)
[2026-01-04T21:39:12.351+0000] {docker.py:429} INFO - ‚úÖ Post envoy√©: Wld l malik m9mr 3la l mghreb rab7... (score: 494)
[2026-01-04T21:39:12.560+0000] {docker.py:429} INFO - ‚úÖ Post envoy√©: I moved to Morocco two months ago and i already re... (score: 255)
[2026-01-04T21:39:12.667+0000] {docker.py:429} INFO - ‚úÖ Post envoy√©: Iraqi fan tries to stir something between Algerian... (score: 243)
[2026-01-04T21:39:12.770+0000] {docker.py:429} INFO - ‚úÖ Post envoy√©: weird name for a caf√© lol... (score: 235)
[2026-01-04T21:39:12.875+0000] {docker.py:429} INFO - ‚úÖ Post envoy√©: Another hospital scandal... (score: 213)
[2026-01-04T21:39:12.981+0000] {docker.py:429} INFO - ‚úÖ Post envoy√©: Orange Morocco has exceeded all legal limits in re... (score: 206)
[2026-01-04T21:39:13.089+0000] {docker.py:429} INFO - ‚úÖ Post envoy√©: Took this shot at Tangier Stadium during the Seneg... (score: 190)
[2026-01-04T21:39:13.195+0000] {docker.py:429} INFO - ‚úÖ Post envoy√©: Am I screwed? 305,000 MAD debt in my early 20s and... (score: 191)
[2026-01-04T21:39:13.297+0000] {docker.py:429} INFO - ‚Üí 11 posts CAN trouv√©s
[2026-01-04T21:39:15.298+0000] {docker.py:429} INFO - üí¨ PHASE 4: R√©cup√©ration des commentaires
----------------------------------------------------------------------
[2026-01-04T21:39:15.302+0000] {docker.py:429} INFO - üìù Commentaires pour: A DR Congo fan stood for 90+ minutes during the AF...
[2026-01-04T21:39:16.175+0000] {docker.py:429} INFO - ‚Üí 9 commentaires r√©cup√©r√©s
[2026-01-04T21:39:18.173+0000] {docker.py:429} INFO - üìù Commentaires pour: A DR Congo fan stood for 90+ minutes during the AF...
[2026-01-04T21:39:18.682+0000] {docker.py:429} INFO - ‚Üí 9 commentaires r√©cup√©r√©s
[2026-01-04T21:39:20.677+0000] {docker.py:429} INFO - üìù Commentaires pour: Zinedine Zidane at AFCON watching his son Luca Zid...
[2026-01-04T21:39:21.267+0000] {docker.py:429} INFO - ‚Üí 8 commentaires r√©cup√©r√©s
[2026-01-04T21:39:23.267+0000] {docker.py:429} INFO - üìù Commentaires pour: A fan in the Senegal vs Botswana game (no idea for...
[2026-01-04T21:39:24.092+0000] {docker.py:429} INFO - ‚Üí 16 commentaires r√©cup√©r√©s
[2026-01-04T21:39:26.096+0000] {docker.py:429} INFO - üìù Commentaires pour: FIFA World Cup match in Seattle on June 26 had alr...
[2026-01-04T21:39:26.817+0000] {docker.py:429} INFO - ‚Üí 6 commentaires r√©cup√©r√©s
[2026-01-04T21:39:28.807+0000] {docker.py:429} INFO - üìù Commentaires pour: Weird Clearance by Algeria's defender Achref Abada...
[2026-01-04T21:39:29.453+0000] {docker.py:429} INFO - ‚Üí 15 commentaires r√©cup√©r√©s
[2026-01-04T21:39:31.449+0000] {docker.py:429} INFO - üìù Commentaires pour: Zambia coach Moses Sichone on Morocco as the Host ...
[2026-01-04T21:39:32.440+0000] {docker.py:429} INFO - ‚Üí 9 commentaires r√©cup√©r√©s
[2026-01-04T21:39:34.436+0000] {docker.py:429} INFO - üìù Commentaires pour: Zambia coach Moses Sichone on Morocco as the Host ...
[2026-01-04T21:39:35.352+0000] {docker.py:429} INFO - ‚Üí 9 commentaires r√©cup√©r√©s
[2026-01-04T21:39:37.355+0000] {docker.py:429} INFO - üìù Commentaires pour: Mbapp√©, Tchouam√©ni and Kound√© are in Morocco for A...
[2026-01-04T21:39:38.106+0000] {docker.py:429} INFO - ‚Üí 14 commentaires r√©cup√©r√©s
[2026-01-04T21:39:40.107+0000] {docker.py:429} INFO - üìù Commentaires pour: Alex Iwobi on Calvin Bassey's chance vs. Burnley: ...
[2026-01-04T21:39:40.644+0000] {docker.py:429} INFO - ‚Üí 15 commentaires r√©cup√©r√©s
[2026-01-04T21:39:42.632+0000] {docker.py:429} INFO - ======================================================================
üìä RAPPORT DE COLLECTE INTENSIVE
======================================================================
Posts envoy√©s:         302
Commentaires envoy√©s:  92
Doublons √©vit√©s:       79
Erreurs:               0
Total unique:          394
======================================================================
[2026-01-04T21:39:42.634+0000] {docker.py:429} INFO - ‚è∏Ô∏è  Pause de 600s avant prochain cycle...
[2026-01-04T21:49:11.888+0000] {timeout.py:68} ERROR - Process timed out, PID: 3774
[2026-01-04T21:49:11.975+0000] {taskinstance.py:2698} ERROR - Task failed with exception
Traceback (most recent call last):
  File "/home/airflow/.local/lib/python3.11/site-packages/airflow/providers/docker/operators/docker.py", line 426, in _run_image_with_mounts
    for log_chunk in logstream:
  File "/home/airflow/.local/lib/python3.11/site-packages/docker/types/daemon.py", line 29, in __next__
    return next(self._stream)
           ^^^^^^^^^^^^^^^^^^
  File "/home/airflow/.local/lib/python3.11/site-packages/docker/api/client.py", line 428, in <genexpr>
    gen = (data for (_, data) in gen)
          ^^^^^^^^^^^^^^^^^^^^^^^^^^^
  File "/home/airflow/.local/lib/python3.11/site-packages/docker/utils/socket.py", line 112, in frames_iter_no_tty
    (stream, n) = next_frame_header(socket)
                  ^^^^^^^^^^^^^^^^^^^^^^^^^
  File "/home/airflow/.local/lib/python3.11/site-packages/docker/utils/socket.py", line 84, in next_frame_header
    data = read_exactly(socket, 8)
           ^^^^^^^^^^^^^^^^^^^^^^^
  File "/home/airflow/.local/lib/python3.11/site-packages/docker/utils/socket.py", line 69, in read_exactly
    next_data = read(socket, n - len(data))
                ^^^^^^^^^^^^^^^^^^^^^^^^^^^
  File "/home/airflow/.local/lib/python3.11/site-packages/docker/utils/socket.py", line 40, in read
    poll.poll()
  File "/home/airflow/.local/lib/python3.11/site-packages/airflow/utils/timeout.py", line 69, in handle_timeout
    raise AirflowTaskTimeout(self.error_message)
airflow.exceptions.AirflowTaskTimeout: Timeout, PID: 3774

During handling of the above exception, another exception occurred:

Traceback (most recent call last):
  File "/home/airflow/.local/lib/python3.11/site-packages/docker/api/client.py", line 265, in _raise_for_status
    response.raise_for_status()
  File "/home/airflow/.local/lib/python3.11/site-packages/requests/models.py", line 1021, in raise_for_status
    raise HTTPError(http_error_msg, response=self)
requests.exceptions.HTTPError: 409 Client Error: Conflict for url: http+docker://localhost/v1.51/containers/0871c6cf7421d1e8d440ca516f12bddeeefda3c7be393d1eb5c79d768eef3213?v=False&link=False&force=False

The above exception was the direct cause of the following exception:

Traceback (most recent call last):
  File "/home/airflow/.local/lib/python3.11/site-packages/airflow/models/taskinstance.py", line 428, in _execute_task
    result = execute_callable(context=context, **execute_callable_kwargs)
             ^^^^^^^^^^^^^^^^^^^^^^^^^^^^^^^^^^^^^^^^^^^^^^^^^^^^^^^^^^^^
  File "/home/airflow/.local/lib/python3.11/site-packages/airflow/providers/docker/operators/docker.py", line 502, in execute
    return self._run_image()
           ^^^^^^^^^^^^^^^^^
  File "/home/airflow/.local/lib/python3.11/site-packages/airflow/providers/docker/operators/docker.py", line 376, in _run_image
    return self._run_image_with_mounts(self.mounts, add_tmp_variable=False)
           ^^^^^^^^^^^^^^^^^^^^^^^^^^^^^^^^^^^^^^^^^^^^^^^^^^^^^^^^^^^^^^^^
  File "/home/airflow/.local/lib/python3.11/site-packages/airflow/providers/docker/operators/docker.py", line 455, in _run_image_with_mounts
    self.cli.remove_container(self.container["Id"])
  File "/home/airflow/.local/lib/python3.11/site-packages/docker/utils/decorators.py", line 19, in wrapped
    return f(self, resource_id, *args, **kwargs)
           ^^^^^^^^^^^^^^^^^^^^^^^^^^^^^^^^^^^^^
  File "/home/airflow/.local/lib/python3.11/site-packages/docker/api/container.py", line 1036, in remove_container
    self._raise_for_status(res)
  File "/home/airflow/.local/lib/python3.11/site-packages/docker/api/client.py", line 267, in _raise_for_status
    raise create_api_error_from_http_exception(e) from e
          ^^^^^^^^^^^^^^^^^^^^^^^^^^^^^^^^^^^^^^^
  File "/home/airflow/.local/lib/python3.11/site-packages/docker/errors.py", line 39, in create_api_error_from_http_exception
    raise cls(e, response=response, explanation=explanation) from e
docker.errors.APIError: 409 Client Error for http+docker://localhost/v1.51/containers/0871c6cf7421d1e8d440ca516f12bddeeefda3c7be393d1eb5c79d768eef3213?v=False&link=False&force=False: Conflict ("cannot remove container "0871c6cf7421d1e8d440ca516f12bddeeefda3c7be393d1eb5c79d768eef3213": container is running: stop the container before removing or force remove")
[2026-01-04T21:49:12.073+0000] {taskinstance.py:1138} INFO - Marking task as UP_FOR_RETRY. dag_id=reddit_can_complete_pipeline, task_id=scraping_reddit_to_kafka, execution_date=20260104T213703, start_date=20260104T213711, end_date=20260104T214912
[2026-01-04T21:49:12.222+0000] {standard_task_runner.py:107} ERROR - Failed to execute job 32 for task scraping_reddit_to_kafka (409 Client Error for http+docker://localhost/v1.51/containers/0871c6cf7421d1e8d440ca516f12bddeeefda3c7be393d1eb5c79d768eef3213?v=False&link=False&force=False: Conflict ("cannot remove container "0871c6cf7421d1e8d440ca516f12bddeeefda3c7be393d1eb5c79d768eef3213": container is running: stop the container before removing or force remove"); 3774)
[2026-01-04T21:49:12.288+0000] {local_task_job_runner.py:234} INFO - Task exited with return code 1
[2026-01-04T21:49:12.402+0000] {taskinstance.py:3280} INFO - 0 downstream tasks scheduled from follow-on schedule check
