[2026-01-04T17:49:52.596+0000] {taskinstance.py:1956} INFO - Dependencies all met for dep_context=non-requeueable deps ti=<TaskInstance: reddit_can_pipeline_optimized.scraping_intensive scheduled__2026-01-04T12:00:00+00:00 [queued]>
[2026-01-04T17:49:52.641+0000] {taskinstance.py:1956} INFO - Dependencies all met for dep_context=requeueable deps ti=<TaskInstance: reddit_can_pipeline_optimized.scraping_intensive scheduled__2026-01-04T12:00:00+00:00 [queued]>
[2026-01-04T17:49:52.644+0000] {taskinstance.py:2170} INFO - Starting attempt 1 of 4
[2026-01-04T17:49:52.688+0000] {taskinstance.py:2191} INFO - Executing <Task(DockerOperator): scraping_intensive> on 2026-01-04 12:00:00+00:00
[2026-01-04T17:49:52.712+0000] {standard_task_runner.py:60} INFO - Started process 220 to run task
[2026-01-04T17:49:52.729+0000] {standard_task_runner.py:87} INFO - Running: ['***', 'tasks', 'run', 'reddit_can_pipeline_optimized', 'scraping_intensive', 'scheduled__2026-01-04T12:00:00+00:00', '--job-id', '2', '--raw', '--subdir', 'DAGS_FOLDER/reddit_can_pipeline_optimized.py', '--cfg-path', '/tmp/tmpot8tw1wa']
[2026-01-04T17:49:52.746+0000] {standard_task_runner.py:88} INFO - Job 2: Subtask scraping_intensive
[2026-01-04T17:49:53.082+0000] {task_command.py:423} INFO - Running <TaskInstance: reddit_can_pipeline_optimized.scraping_intensive scheduled__2026-01-04T12:00:00+00:00 [running]> on host ea2e4c1a0da0
[2026-01-04T17:49:53.803+0000] {taskinstance.py:2480} INFO - Exporting env vars: AIRFLOW_CTX_DAG_OWNER='bigdata_team' AIRFLOW_CTX_DAG_ID='reddit_can_pipeline_optimized' AIRFLOW_CTX_TASK_ID='scraping_intensive' AIRFLOW_CTX_EXECUTION_DATE='2026-01-04T12:00:00+00:00' AIRFLOW_CTX_TRY_NUMBER='1' AIRFLOW_CTX_DAG_RUN_ID='scheduled__2026-01-04T12:00:00+00:00'
[2026-01-04T17:49:54.533+0000] {docker.py:359} INFO - Starting docker container from image projet-bigdata-can-scraper-producer:latest
[2026-01-04T17:49:54.655+0000] {docker.py:367} WARNING - Using remote engine or docker-in-docker and mounting temporary volume from host is not supported. Falling back to `mount_tmp_dir=False` mode. You can set `mount_tmp_dir` parameter to False to disable mounting and remove the warning
[2026-01-04T17:49:56.946+0000] {docker.py:429} INFO - üîå Connexion √† Kafka: kafka:29092
üìç Topic: reddit-can-posts
‚è≥ Attente de Kafka...
[2026-01-04T17:49:57.340+0000] {docker.py:429} INFO - ‚úÖ Kafka est pr√™t!
[2026-01-04T17:49:57.461+0000] {docker.py:429} INFO - ‚úÖ Connect√© √† Kafka!
[2026-01-04T17:49:57.477+0000] {docker.py:429} INFO - ======================================================================
[2026-01-04T17:49:57.486+0000] {docker.py:429} INFO - üéØ REDDIT KAFKA PRODUCER - MODE INTENSIF
======================================================================
üìç Topic Kafka: reddit-can-posts
‚è±Ô∏è  Intervalle: 600s
üîç Mots-cl√©s: 52
üìç Subreddits: 18
======================================================================


üîÑ CYCLE #1

======================================================================
üöÄ COLLECTE INTENSIVE - 2026-01-04 17:49:57
======================================================================

üìç PHASE 1: Recherche cibl√©e par mots-cl√©s
----------------------------------------------------------------------
üîé Recherche: 'AFCON 2025' (global)...
[2026-01-04T17:50:00.368+0000] {docker.py:429} INFO - ‚úÖ Post envoy√©: AFCON 2025 in Morocco will be the first edition wh... (score: 827)
[2026-01-04T17:50:00.480+0000] {docker.py:429} INFO - ‚úÖ Post envoy√©: Birthplaces of all AFCON 2025 players on the map... (score: 335)
[2026-01-04T17:50:00.604+0000] {docker.py:429} INFO - ‚úÖ Post envoy√©: Meet Assad, the official mascot for AFCON 2025... (score: 140)
[2026-01-04T17:50:00.724+0000] {docker.py:429} INFO - ‚úÖ Post envoy√©: Clubs with the most players in AFCON 2025... (score: 39)
[2026-01-04T17:50:00.823+0000] {docker.py:429} INFO - ‚úÖ Post envoy√©: AFCON 2025: Faced with empty seats during Egypt-Zi... (score: 239)
[2026-01-04T17:50:00.936+0000] {docker.py:429} INFO - ‚úÖ Post envoy√©: Opta Supercomputer predicts AFCON 2025  Morocco fa... (score: 80)
[2026-01-04T17:50:00.942+0000] {docker.py:429} INFO - 
[2026-01-04T17:50:01.051+0000] {docker.py:429} INFO - ‚úÖ Post envoy√©: Zambia coach Moses Sichone on Morocco as the Host ... (score: 6571)
[2026-01-04T17:50:01.159+0000] {docker.py:429} INFO - ‚úÖ Post envoy√©: "Show Dem" Nike commercial for AFCON 2025, featuri... (score: 3325)
[2026-01-04T17:50:01.281+0000] {docker.py:429} INFO - ‚úÖ Post envoy√©: The 29-year-old Abdou Abdel Mefire is the youngest... (score: 2334)
[2026-01-04T17:50:01.404+0000] {docker.py:429} INFO - ‚úÖ Post envoy√©: The C√¥te d'Ivoire national football team arriving ... (score: 1635)
[2026-01-04T17:50:01.510+0000] {docker.py:429} INFO - ‚úÖ Post envoy√©: Amad and the rest of the C√¥te d'Ivoire squad arriv... (score: 1422)
[2026-01-04T17:50:01.627+0000] {docker.py:429} INFO - ‚úÖ Post envoy√©: Kylian Mbappe at the Morocco vs Mali game at Afcon... (score: 1226)
[2026-01-04T17:50:01.752+0000] {docker.py:429} INFO - ‚úÖ Post envoy√©: AFCON 2025 Megathread... (score: 28)
[2026-01-04T17:50:01.867+0000] {docker.py:429} INFO - ‚úÖ Post envoy√©: 2025 AFCON Knockout Bracket... (score: 320)
[2026-01-04T17:50:01.970+0000] {docker.py:429} INFO - ‚úÖ Post envoy√©: C√¥te d'Ivoire, arrived in style in Morocco for the... (score: 822)
[2026-01-04T17:50:02.082+0000] {docker.py:429} INFO - ‚úÖ Post envoy√©: [CAF] Official AFCON 2025 Team of the group stage... (score: 324)
[2026-01-04T17:50:02.192+0000] {docker.py:429} INFO - ‚úÖ Post envoy√©: [CAF] Official AFCON 2025 Team of the group stage... (score: 316)
[2026-01-04T17:50:02.301+0000] {docker.py:429} INFO - ‚úÖ Post envoy√©: Brahim Diaz opens the scoring for Morocco against ... (score: 568)
[2026-01-04T17:50:02.412+0000] {docker.py:429} INFO - ‚úÖ Post envoy√©: Noussair Mazraoui assist vs Comoros (AFCON 2025 Gr... (score: 344)
[2026-01-04T17:50:02.528+0000] {docker.py:429} INFO - ‚úÖ Post envoy√©: AFCON 2025 (so far): penalties missed ‚Äî 2/2, bicyc... (score: 399)
[2026-01-04T17:50:02.644+0000] {docker.py:429} INFO - ‚úÖ Post envoy√©: What if every dual nationality player could repres... (score: 38)
[2026-01-04T17:50:02.764+0000] {docker.py:429} INFO - ‚úÖ Post envoy√©: Question for Algerians attending the 2025 AFCON in... (score: 57)
[2026-01-04T17:50:02.880+0000] {docker.py:429} INFO - ‚úÖ Post envoy√©: BeIN Sports France's predictions for the 2025 AFCO... (score: 29)
[2026-01-04T17:50:02.997+0000] {docker.py:429} INFO - ‚úÖ Post envoy√©: Match Thread: Algeria vs Equatorial Guinea - AFCON... (score: 3)
[2026-01-04T17:50:03.030+0000] {docker.py:429} INFO - 
[2026-01-04T17:50:03.180+0000] {docker.py:429} INFO - ‚úÖ Post envoy√©: [BBC] 'I can kill you right now' - Sudan's footbal... (score: 3011)
[2026-01-04T17:50:03.304+0000] {docker.py:429} INFO - ‚úÖ Post envoy√©: Match Thread: Algeria vs Sudan - AFCON 2025... (score: 5)
[2026-01-04T17:50:03.448+0000] {docker.py:429} INFO - ‚úÖ Post envoy√©: Match Thread: Algeria vs Burkina Faso - AFCON 2025... (score: 4)
[2026-01-04T17:50:03.547+0000] {docker.py:429} INFO - ‚úÖ Post envoy√©: CAF fines Egypt 5000 dollars after AFCON 2025 open... (score: 104)
[2026-01-04T17:50:03.550+0000] {docker.py:429} INFO - 
[2026-01-04T17:50:03.680+0000] {docker.py:429} INFO - ‚úÖ Post envoy√©: Two weeks until AFCON 2025... (score: 118)
[2026-01-04T17:50:03.773+0000] {docker.py:429} INFO - ‚úÖ Post envoy√©: EFL Championship Players Called Up For Africa Cup ... (score: 33)
[2026-01-04T17:50:03.884+0000] {docker.py:429} INFO - ‚úÖ Post envoy√©: Mali will face Tunisia in the round of 16 of AFCON... (score: 23)
[2026-01-04T17:50:04.008+0000] {docker.py:429} INFO - ‚úÖ Post envoy√©: The 2025 AFCON Squad... (score: 3)
[2026-01-04T17:50:04.144+0000] {docker.py:429} INFO - ‚úÖ Post envoy√©: Crown Prince Moulay Hassan Greets Players and Kick... (score: 55)
[2026-01-04T17:50:04.264+0000] {docker.py:429} INFO - ‚úÖ Post envoy√©: I made clean stadium &amp; city access diagrams fo... (score: 6)
[2026-01-04T17:50:04.377+0000] {docker.py:429} INFO - ‚úÖ Post envoy√©: AFCON 2025 Group Stage best XI by CAF... (score: 43)
[2026-01-04T17:50:04.495+0000] {docker.py:429} INFO - ‚úÖ Post envoy√©: Post-Match Thread: Algeria vs Sudan - AFCON 2025... (score: 4)
[2026-01-04T17:50:04.621+0000] {docker.py:429} INFO - ‚úÖ Post envoy√©: Post-Match Thread: Algeria vs Burkina Faso - AFCON... (score: 4)
[2026-01-04T17:50:04.747+0000] {docker.py:429} INFO - ‚úÖ Post envoy√©: [Official] Senegal squad for 2025 AFCON... (score: 52)
[2026-01-04T17:50:04.762+0000] {docker.py:429} INFO - 
[2026-01-04T17:50:04.905+0000] {docker.py:429} INFO - ‚úÖ Post envoy√©: Morocco will face Tanzania in the round of 16 of A... (score: 25)
[2026-01-04T17:50:05.022+0000] {docker.py:429} INFO - ‚úÖ Post envoy√©: Algeria will face DR Congo in the round of 16 of A... (score: 56)
[2026-01-04T17:50:05.036+0000] {docker.py:429} INFO - 
[2026-01-04T17:50:05.172+0000] {docker.py:429} INFO - ‚úÖ Post envoy√©: Nigeria will face Mozambique in the round of 16 of... (score: 29)
[2026-01-04T17:50:05.298+0000] {docker.py:429} INFO - ‚úÖ Post envoy√©: South Africa will face Cameroon in the round of 16... (score: 46)
[2026-01-04T17:50:05.413+0000] {docker.py:429} INFO - ‚úÖ Post envoy√©: Match thread - Angola VS Zimbabwe - AFCON 2025... (score: 3)
[2026-01-04T17:50:05.531+0000] {docker.py:429} INFO - ‚úÖ Post envoy√©: üî• FOR SALE ‚Äì 2025 AFCON TICKETS FULL ROUND MOROCCA... (score: 0)
[2026-01-04T17:50:05.656+0000] {docker.py:429} INFO - ‚úÖ Post envoy√©: Pre-Match Thread: Algeria vs Burkina Faso - AFCON ... (score: 5)
[2026-01-04T17:50:05.658+0000] {docker.py:429} INFO - 
[2026-01-04T17:50:05.778+0000] {docker.py:429} INFO - ‚úÖ Post envoy√©: Where to Watch AFCON 2025 Live? Africa Cup of Nati... (score: 8)
[2026-01-04T17:50:05.910+0000] {docker.py:429} INFO - ‚úÖ Post envoy√©: The 2025 AFCON Squad... (score: 4)
[2026-01-04T17:50:06.018+0000] {docker.py:429} INFO - ‚úÖ Post envoy√©: AFCON 2025: Team guide and ones to watch ahead of ... (score: 31)
[2026-01-04T17:50:06.118+0000] {docker.py:429} INFO - ‚úÖ Post envoy√©: AFCON 2025 Matchday 1!... (score: 37)
[2026-01-04T17:50:06.247+0000] {docker.py:429} INFO - ‚úÖ Post envoy√©: AFCON 2025 - News Website... (score: 10)
[2026-01-04T17:50:06.350+0000] {docker.py:429} INFO - ‚Üí 50 posts trouv√©s
[2026-01-04T17:50:06.351+0000] {docker.py:429} INFO - 
[2026-01-04T17:50:09.356+0000] {docker.py:429} INFO - üîé Recherche: 'Africa Cup 2025' (global)...
[2026-01-04T17:50:10.555+0000] {docker.py:429} INFO - ‚úÖ Post envoy√©: Morocco's goal in the Africa Cup of Nations 2025 m... (score: 177)
[2026-01-04T17:50:10.664+0000] {docker.py:429} INFO - ‚úÖ Post envoy√©: Africa Cup of Nations winners... (score: 99)
[2026-01-04T17:50:10.773+0000] {docker.py:429} INFO - ‚úÖ Post envoy√©: Africa Cup of Nations to be held every four years ... (score: 2823)
[2026-01-04T17:50:10.881+0000] {docker.py:429} INFO - ‚úÖ Post envoy√©: All 9 confirmed stadiums that will host the Africa... (score: 48)
[2026-01-04T17:50:10.988+0000] {docker.py:429} INFO - ‚úÖ Post envoy√©: Brahmin Diaz opens the Score for Morocco at the Af... (score: 768)
[2026-01-04T17:50:11.098+0000] {docker.py:429} INFO - ‚úÖ Post envoy√©: FIFAe World Cup 2025 | Event Thread | Day 2 | Dec ... (score: 55)
[2026-01-04T17:50:11.208+0000] {docker.py:429} INFO - ‚úÖ Post envoy√©: FIFAe World Cup 2025 | Event Thread | Day 1 | Dec ... (score: 54)
[2026-01-04T17:50:11.320+0000] {docker.py:429} INFO - ‚úÖ Post envoy√©: [Pre-Match Thread] Arsenal vs Crystal Palace | 23r... (score: 107)
[2026-01-04T17:50:11.427+0000] {docker.py:429} INFO - ‚úÖ Post envoy√©: A year of work mapping U.S. regional food traditio... (score: 2988)
[2026-01-04T17:50:11.539+0000] {docker.py:429} INFO - ‚úÖ Post envoy√©: After a year of work (and a publishing deal), here... (score: 2889)
[2026-01-04T17:50:11.859+0000] {docker.py:429} INFO - ‚úÖ Post envoy√©: [Sounders FC] Best of luck to Nouhou and Georgi in... (score: 145)
[2026-01-04T17:50:11.970+0000] {docker.py:429} INFO - ‚úÖ Post envoy√©: The 2025 Africa Cup of Nations Round of 16... (score: 64)
[2026-01-04T17:50:12.281+0000] {docker.py:429} INFO - ‚úÖ Post envoy√©: The 2025 Africa Cup of Nations kicks off... (score: 89)
[2026-01-04T17:50:12.389+0000] {docker.py:429} INFO - ‚úÖ Post envoy√©: 17 - South Africa had 17 shots on goal against Egy... (score: 20)
[2026-01-04T17:50:12.496+0000] {docker.py:429} INFO - ‚úÖ Post envoy√©: 2025 Africa Cup of Nations broadcasting rights: Ca... (score: 22)
[2026-01-04T17:50:12.606+0000] {docker.py:429} INFO - ‚úÖ Post envoy√©: Africa Cup of Nations Group Standings after Matchd... (score: 33)
[2026-01-04T17:50:12.717+0000] {docker.py:429} INFO - ‚úÖ Post envoy√©: Team India Reaches Squash World Cup Semis After 3‚Äì... (score: 48)
[2026-01-04T17:50:12.823+0000] {docker.py:429} INFO - ‚úÖ Post envoy√©: Equatorial Guinea vs Algeria, Africa Cup of Nation... (score: 3)
[2026-01-04T17:50:12.930+0000] {docker.py:429} INFO - ‚úÖ Post envoy√©: Africa cup paying out... (score: 35)
[2026-01-04T17:50:13.049+0000] {docker.py:429} INFO - ‚úÖ Post envoy√©: South Africa's Bafana Bafana defeat Angola 2-1 at ... (score: 16)
[2026-01-04T17:50:13.172+0000] {docker.py:429} INFO - ‚úÖ Post envoy√©: Zimbabwe vs South Africa, Africa Cup of Nations, 2... (score: 3)
[2026-01-04T17:50:13.274+0000] {docker.py:429} INFO - ‚úÖ Post envoy√©: Ivory Coast vs Cameroon, Africa Cup of Nations, 28... (score: 3)
[2026-01-04T17:50:13.395+0000] {docker.py:429} INFO - ‚úÖ Post envoy√©: REQUEST: Senegal vs Botswana Africa Cup of Nations... (score: 2)
[2026-01-04T17:50:13.506+0000] {docker.py:429} INFO - ‚úÖ Post envoy√©: Uganda vs Nigeria, Africa Cup of Nations, 30-Dec-2... (score: 1)
[2026-01-04T17:50:13.630+0000] {docker.py:429} INFO - ‚úÖ Post envoy√©: Angola vs Egypt, Africa Cup of Nations, 29-Dec-202... (score: 2)
[2026-01-04T17:50:13.737+0000] {docker.py:429} INFO - ‚úÖ Post envoy√©: Morocco vs Tanzania: Africa Cup of Nations preview... (score: 1)
[2026-01-04T17:50:13.850+0000] {docker.py:429} INFO - ‚úÖ Post envoy√©: [ OptaJoe ] Against Tanzania in matchday one , Ale... (score: 6)
[2026-01-04T17:50:13.956+0000] {docker.py:429} INFO - ‚úÖ Post envoy√©: Bank Al-Maghrib Issues a 250 Dirham Silver Commemo... (score: 19)
[2026-01-04T17:50:14.067+0000] {docker.py:429} INFO - ‚úÖ Post envoy√©: ‚öΩ [LIVE MATCH THREAD] Evening Action: Watch, Bet &... (score: 2)
[2026-01-04T17:50:14.170+0000] {docker.py:429} INFO - ‚úÖ Post envoy√©: REQUEST: Nigeria vs Tanzania, Africa Cup of Nation... (score: 2)
[2026-01-04T17:50:14.295+0000] {docker.py:429} INFO - ‚úÖ Post envoy√©: Tanzania vs Tunisia, Africa Cup of Nations, 30-Dec... (score: 2)
[2026-01-04T17:50:14.396+0000] {docker.py:429} INFO - ‚úÖ Post envoy√©: NEWS: Earthquakes‚Äô Ousseni Bouda to Represent Burk... (score: 30)
[2026-01-04T17:50:14.399+0000] {docker.py:429} INFO - 
[2026-01-04T17:50:14.517+0000] {docker.py:429} INFO - ‚úÖ Post envoy√©: Botswana vs DR Congo, Africa Cup of Nations, 30-De... (score: 1)
[2026-01-04T17:50:14.618+0000] {docker.py:429} INFO - ‚úÖ Post envoy√©: Benin vs Senegal, Africa Cup of Nations, 30-Dec-20... (score: 1)
[2026-01-04T17:50:14.726+0000] {docker.py:429} INFO - ‚úÖ Post envoy√©: Zambia vs Morocco, Africa Cup of Nations, 29-Dec-2... (score: 2)
[2026-01-04T17:50:14.836+0000] {docker.py:429} INFO - ‚úÖ Post envoy√©: Comoros vs Mali, Africa Cup of Nations, 29-Dec-202... (score: 2)
[2026-01-04T17:50:14.938+0000] {docker.py:429} INFO - ‚úÖ Post envoy√©: Today‚Äôs Matches 30/12/2025 ‚Äì Africa Cup of Nations... (score: 1)
[2026-01-04T17:50:15.045+0000] {docker.py:429} INFO - ‚úÖ Post envoy√©: Oakland Roots SC‚Äôs Bobosi Byaruhanga selected by U... (score: 18)
[2026-01-04T17:50:15.152+0000] {docker.py:429} INFO - ‚úÖ Post envoy√©: Gabon vs Mozambique, Africa Cup of Nations, 28-Dec... (score: 2)
[2026-01-04T17:50:15.259+0000] {docker.py:429} INFO - ‚úÖ Post envoy√©: Equatorial Guinea vs Sudan, Africa Cup of Nations,... (score: 2)
[2026-01-04T17:50:15.373+0000] {docker.py:429} INFO - ‚úÖ Post envoy√©: Algeria vs Burkina Faso, Africa Cup of Nations, 28... (score: 2)
[2026-01-04T17:50:15.476+0000] {docker.py:429} INFO - ‚úÖ Post envoy√©: Which Premier League Teams Will be Impacted Most b... (score: 5)
[2026-01-04T17:50:15.593+0000] {docker.py:429} INFO - ‚úÖ Post envoy√©: Benin vs Botswana, Africa Cup of Nations, 27-Dec-2... (score: 2)
[2026-01-04T17:50:15.691+0000] {docker.py:429} INFO - ‚úÖ Post envoy√©: South Africa Crowned WBSC Africa U15 Baseball Cham... (score: 18)
[2026-01-04T17:50:15.799+0000] {docker.py:429} INFO - ‚úÖ Post envoy√©: Morocco vs. Tanzania (Africa Cup of Nations) | AFC... (score: 1)
[2026-01-04T17:50:15.906+0000] {docker.py:429} INFO - ‚úÖ Post envoy√©: African Cup of Nations Predictions | 2025-12-26... (score: 1)
[2026-01-04T17:50:16.011+0000] {docker.py:429} INFO - ‚Üí 50 posts trouv√©s
[2026-01-04T17:50:19.034+0000] {docker.py:429} INFO - üîé Recherche: 'Morocco AFCON' (global)...
[2026-01-04T17:50:20.417+0000] {docker.py:429} INFO - ‚úÖ Post envoy√©: Does anyone here actually watch the AFCON that is ... (score: 58)
[2026-01-04T17:50:20.634+0000] {docker.py:429} INFO - ‚úÖ Post envoy√©: South Africa coach Hugo Broos says there is no AFC... (score: 133)
[2026-01-04T17:50:20.740+0000] {docker.py:429} INFO - ‚úÖ Post envoy√©: Nicolas Pepe on Morocco‚Äôs lack of success in AFCON... (score: 70)
[2026-01-04T17:50:20.985+0000] {docker.py:429} INFO - ‚úÖ Post envoy√©: Which country are you supporting in the currently ... (score: 23)
[2026-01-04T17:50:21.081+0000] {docker.py:429} INFO - ‚úÖ Post envoy√©: Morocco no longer continental pariah as Afcon show... (score: 0)
[2026-01-04T17:50:21.180+0000] {docker.py:429} INFO - ‚úÖ Post envoy√©: Moroccan squad for AFCON... (score: 59)
[2026-01-04T17:50:21.297+0000] {docker.py:429} INFO - ‚úÖ Post envoy√©: Mbapp√©, Tchouam√©ni and Kound√© are in Morocco for A... (score: 4297)
[2026-01-04T17:50:21.608+0000] {docker.py:429} INFO - ‚úÖ Post envoy√©: Since 2022, Morocco has won the CHAN 2024 (domesti... (score: 506)
[2026-01-04T17:50:21.755+0000] {docker.py:429} INFO - ‚úÖ Post envoy√©: [Rob Dawson] Man United irked with Morocco over Ma... (score: 305)
[2026-01-04T17:50:21.862+0000] {docker.py:429} INFO - ‚úÖ Post envoy√©: Zambia player Wilson Chisala: "Morocco is an overr... (score: 269)
[2026-01-04T17:50:22.177+0000] {docker.py:429} INFO - ‚úÖ Post envoy√©: [Simon Stone] Man Utd anger at Morocco over releas... (score: 213)
[2026-01-04T17:50:22.288+0000] {docker.py:429} INFO - ‚úÖ Post envoy√©: Noussair Mazraoui called up in Morocco squad for A... (score: 255)
[2026-01-04T17:50:22.708+0000] {docker.py:429} INFO - ‚úÖ Post envoy√©: Morocco squad list for AFCON... (score: 56)
[2026-01-04T17:50:22.846+0000] {docker.py:429} INFO - ‚úÖ Post envoy√©: Morocco will face Algeria in the AFCON semi-finals... (score: 50)
[2026-01-04T17:50:22.945+0000] {docker.py:429} INFO - ‚úÖ Post envoy√©: AFCON Megathread: Morocco v. Mali - Dec 26... (score: 8)
[2026-01-04T17:50:23.379+0000] {docker.py:429} INFO - ‚úÖ Post envoy√©: AFCON Megathread: Morocco v. Zambia - Dec 29... (score: 6)
[2026-01-04T17:50:23.520+0000] {docker.py:429} INFO - ‚úÖ Post envoy√©: Morocco AFCON 25 tickets for sale... (score: 1)
[2026-01-04T17:50:23.614+0000] {docker.py:429} INFO - ‚úÖ Post envoy√©: Tangier Grand Stadium, Tangier, Morocco. Remodelle... (score: 70)
[2026-01-04T17:50:23.742+0000] {docker.py:429} INFO - ‚úÖ Post envoy√©: Today's MotD: Uganda vs Nigeria (AFCON, Morocco)... (score: 17)
[2026-01-04T17:50:23.773+0000] {docker.py:429} INFO - 
[2026-01-04T17:50:23.862+0000] {docker.py:429} INFO - ‚úÖ Post envoy√©: Prince Moulay Abdellah Stadium + Olympic Stadium, ... (score: 64)
[2026-01-04T17:50:23.980+0000] {docker.py:429} INFO - ‚úÖ Post envoy√©: Afcon tickets Morocco vs Comores... (score: 1)
[2026-01-04T17:50:24.097+0000] {docker.py:429} INFO - ‚úÖ Post envoy√©: For people going to AFCON Morocco here, did you bu... (score: 4)
[2026-01-04T17:50:24.194+0000] {docker.py:429} INFO - ‚úÖ Post envoy√©: Looking for Afcon Tickets Morocco... (score: 2)
[2026-01-04T17:50:24.305+0000] {docker.py:429} INFO - ‚úÖ Post envoy√©: How I find AFCON  Streams: Morocco vs Tanzania  ùíÆùìâ... (score: 1)
[2026-01-04T17:50:24.426+0000] {docker.py:429} INFO - ‚úÖ Post envoy√©: How Can I find AFCON Ôº≥ÔΩîÔΩíÔΩÖÔΩÅÔΩçÔΩì: Morocco vs Tanzania ... (score: 1)
[2026-01-04T17:50:24.530+0000] {docker.py:429} INFO - ‚úÖ Post envoy√©: ùìóùì∏ùîÄ ùìíùì™ùì∑ ùìò ùìØùì≤ùì∑ùì≠ AFCON Ôº≥ÔΩîÔΩíÔΩÖÔΩÅÔΩç: Morocco vs Tanzania  ... (score: 1)
[2026-01-04T17:50:24.651+0000] {docker.py:429} INFO - ‚úÖ Post envoy√©: How Can I find AFCON Ôº≥ÔΩîÔΩíÔΩÖÔΩÅÔΩçÔΩì: Morocco vs Tanzania ... (score: 1)
[2026-01-04T17:50:24.772+0000] {docker.py:429} INFO - ‚úÖ Post envoy√©: Can I find AFCON ùíÆùìâùìá‚ÑØùí∂ùìÇ: Morocco vs Tanzania ùóπùó∂ùòÉùó≤ ... (score: 1)
[2026-01-04T17:50:24.885+0000] {docker.py:429} INFO - ‚úÖ Post envoy√©: [REQUEST] Morocco vs Zambia, AFCON, 29/12/25... (score: 5)
[2026-01-04T17:50:24.893+0000] {docker.py:429} INFO - 
[2026-01-04T17:50:24.991+0000] {docker.py:429} INFO - ‚úÖ Post envoy√©: üá≤üá¶ AFCON 2025 Stadiums: Morocco... (score: 3)
[2026-01-04T17:50:25.096+0000] {docker.py:429} INFO - ‚úÖ Post envoy√©: Afcon hosts Morocco cruise into last 16 as Hakimi ... (score: 1)
[2026-01-04T17:50:25.205+0000] {docker.py:429} INFO - ‚úÖ Post envoy√©: [World] - AFCON 2025 - Morocco under pressure to g... (score: 1)
[2026-01-04T17:50:25.324+0000] {docker.py:429} INFO - ‚úÖ Post envoy√©: [World] - AFCON 2025 - Morocco under pressure to g... (score: 1)
[2026-01-04T17:50:25.449+0000] {docker.py:429} INFO - ‚úÖ Post envoy√©: [World] - Morocco coach demands 'humility' against... (score: 1)
[2026-01-04T17:50:25.570+0000] {docker.py:429} INFO - ‚úÖ Post envoy√©: [World] - Morocco coach demands 'humility' against... (score: 1)
[2026-01-04T17:50:25.666+0000] {docker.py:429} INFO - ‚úÖ Post envoy√©: Mali rally to claim draw against Afcon hosts Moroc... (score: 1)
[2026-01-04T17:50:25.771+0000] {docker.py:429} INFO - ‚úÖ Post envoy√©: AFCON 2025 Round of 16th: Morocco faces Tanzania... (score: 5)
[2026-01-04T17:50:25.880+0000] {docker.py:429} INFO - ‚úÖ Post envoy√©: From Comoros to Morocco: Amir Abdou Reflects on AF... (score: 12)
[2026-01-04T17:50:25.979+0000] {docker.py:429} INFO - ‚Üí 50 posts trouv√©s
[2026-01-04T17:50:28.986+0000] {docker.py:429} INFO - üîé Recherche: 'Senegal AFCON' (global)...
[2026-01-04T17:50:30.232+0000] {docker.py:429} INFO - ‚úÖ Post envoy√©: A DR Congo fan stood for 90+ minutes during the AF... (score: 11526)
[2026-01-04T17:50:30.338+0000] {docker.py:429} INFO - ‚úÖ Post envoy√©: A DR Congo fan stood for 90+ minutes during the AF... (score: 428)
[2026-01-04T17:50:30.544+0000] {docker.py:429} INFO - ‚úÖ Post envoy√©: Who are you supporting for AFCON if not Senegal?... (score: 27)
[2026-01-04T17:50:30.653+0000] {docker.py:429} INFO - ‚úÖ Post envoy√©: Jakobs and Senegal advances to QF of AFCON... (score: 20)
[2026-01-04T17:50:30.763+0000] {docker.py:429} INFO - ‚úÖ Post envoy√©: Ismail Jakobs assists Nicolas Jackson for Senegal'... (score: 80)
[2026-01-04T17:50:30.970+0000] {docker.py:429} INFO - ‚úÖ Post envoy√©: Senegal will face Sudan in the round of 16 of AFCO... (score: 32)
[2026-01-04T17:50:31.076+0000] {docker.py:429} INFO - ‚úÖ Post envoy√©: Diouf doesn't make the squad for Senegal at AFCON?... (score: 11)
[2026-01-04T17:50:31.184+0000] {docker.py:429} INFO - ‚úÖ Post envoy√©: The first AFCON 2025 quarter final match is decide... (score: 37)
[2026-01-04T17:50:31.302+0000] {docker.py:429} INFO - ‚úÖ Post envoy√©: Senegal beat Sudan 3-1 and advance to the AFCON 20... (score: 36)
[2026-01-04T17:50:31.400+0000] {docker.py:429} INFO - ‚úÖ Post envoy√©: Sudan's warriors fall fighting as teenage Mbaye se... (score: 2)
[2026-01-04T17:50:31.510+0000] {docker.py:429} INFO - ‚úÖ Post envoy√©: Gueye double helps Senegal end Sudan's Afcon run... (score: 1)
[2026-01-04T17:50:31.616+0000] {docker.py:429} INFO - ‚úÖ Post envoy√©: Sudan's warriors fall fighting as teenage Mbaye se... (score: 7)
[2026-01-04T17:50:31.723+0000] {docker.py:429} INFO - ‚úÖ Post envoy√©: [World] - AFCON 2025: Pape Gueye double helps Sene... (score: 1)
[2026-01-04T17:50:31.833+0000] {docker.py:429} INFO - ‚úÖ Post envoy√©: [World] - AFCON 2025: Pape Gueye double helps Sene... (score: 1)
[2026-01-04T17:50:31.948+0000] {docker.py:429} INFO - ‚úÖ Post envoy√©: A DR Congo fan stood for 90+ minutes during the AF... (score: 4)
[2026-01-04T17:50:32.054+0000] {docker.py:429} INFO - ‚úÖ Post envoy√©: [World] - AFCON 2025 - Senegal come from behind to... (score: 1)
[2026-01-04T17:50:32.167+0000] {docker.py:429} INFO - ‚úÖ Post envoy√©: [World] - AFCON 2025 - Senegal come from behind to... (score: 1)
[2026-01-04T17:50:32.260+0000] {docker.py:429} INFO - ‚úÖ Post envoy√©: [World] - Senegal beat Sudan to reach AFCON quarte... (score: 1)
[2026-01-04T17:50:32.368+0000] {docker.py:429} INFO - ‚úÖ Post envoy√©: [World] - Senegal beat Sudan to reach AFCON quarte... (score: 1)
[2026-01-04T17:50:32.478+0000] {docker.py:429} INFO - ‚úÖ Post envoy√©: [World] - AFCON 2025 : Senegal and Sudan open knoc... (score: 1)
[2026-01-04T17:50:32.582+0000] {docker.py:429} INFO - ‚úÖ Post envoy√©: [World] - Teen Mbaye seals AFCON last-16 victory f... (score: 1)
[2026-01-04T17:50:32.691+0000] {docker.py:429} INFO - ‚úÖ Post envoy√©: [World] - AFCON 2025 : Senegal and Sudan open knoc... (score: 1)
[2026-01-04T17:50:32.809+0000] {docker.py:429} INFO - ‚úÖ Post envoy√©: [World] - Teen Mbaye seals AFCON last-16 victory f... (score: 1)
[2026-01-04T17:50:32.919+0000] {docker.py:429} INFO - ‚úÖ Post envoy√©: [World] - LIVE: Senegal vs Sudan ‚Äì AFCON 2025 | Al... (score: 1)
[2026-01-04T17:50:33.032+0000] {docker.py:429} INFO - ‚úÖ Post envoy√©: [World] - LIVE: Senegal vs Sudan ‚Äì AFCON 2025... (score: 1)
[2026-01-04T17:50:33.132+0000] {docker.py:429} INFO - ‚úÖ Post envoy√©: [World] - Senegal vs Sudan: AFCON 2025 ‚Äì team news... (score: 1)
[2026-01-04T17:50:33.256+0000] {docker.py:429} INFO - ‚úÖ Post envoy√©: [World] - Senegal vs Sudan: AFCON 2025 ‚Äì team news... (score: 1)
[2026-01-04T17:50:33.355+0000] {docker.py:429} INFO - ‚úÖ Post envoy√©: Senegal vs. Sudan (Africa Cup of Nations) | AFCON ... (score: 1)
[2026-01-04T17:50:33.471+0000] {docker.py:429} INFO - ‚úÖ Post envoy√©: Nigeria stay PERFECT | Senegal Unbeaten | Tunisia ... (score: 1)
[2026-01-04T17:50:33.572+0000] {docker.py:429} INFO - ‚úÖ Post envoy√©: Senegal vs DR Kongo Highlights | AFCON Reaction üò≥... (score: 1)
[2026-01-04T17:50:33.682+0000] {docker.py:429} INFO - ‚úÖ Post envoy√©: [World] - AFCON: Senegal beat Benin and finish top... (score: 1)
[2026-01-04T17:50:33.788+0000] {docker.py:429} INFO - ‚úÖ Post envoy√©: [World] - AFCON: Senegal beat Benin and finish top... (score: 1)
[2026-01-04T17:50:33.893+0000] {docker.py:429} INFO - ‚úÖ Post envoy√©: [World] - Senegal beat Benin to claim AFCON group,... (score: 1)
[2026-01-04T17:50:34.004+0000] {docker.py:429} INFO - ‚úÖ Post envoy√©: [World] - Senegal beat Benin to claim AFCON group,... (score: 1)
[2026-01-04T17:50:34.120+0000] {docker.py:429} INFO - ‚úÖ Post envoy√©: ü¶Å Senegal vs Benin üêÜ | AFCON Group D Decider in Ta... (score: 1)
[2026-01-04T17:50:34.240+0000] {docker.py:429} INFO - ‚úÖ Post envoy√©: Senegal vs Botswana AFCON Highlights | Reaction... (score: 1)
[2026-01-04T17:50:34.348+0000] {docker.py:429} INFO - ‚úÖ Post envoy√©: [World] - AFCON: Sadio Man√©'s equaliser salvages p... (score: 1)
[2026-01-04T17:50:34.459+0000] {docker.py:429} INFO - ‚úÖ Post envoy√©: [World] - AFCON: Sadio Man√©'s equaliser salvages p... (score: 1)
[2026-01-04T17:50:34.567+0000] {docker.py:429} INFO - ‚úÖ Post envoy√©: Ilay Camara is out for 6 weeks and won't be joinin... (score: 5)
[2026-01-04T17:50:34.677+0000] {docker.py:429} INFO - ‚úÖ Post envoy√©: [World] - AFCON Daily Round Up: Super Eagles beat ... (score: 1)
[2026-01-04T17:50:34.806+0000] {docker.py:429} INFO - ‚úÖ Post envoy√©: [World] - AFCON big cat fight ends in draw: Senega... (score: 1)
[2026-01-04T17:50:34.906+0000] {docker.py:429} INFO - ‚úÖ Post envoy√©: [World] - AFCON Daily Round Up: Super Eagles beat ... (score: 1)
[2026-01-04T17:50:35.031+0000] {docker.py:429} INFO - ‚úÖ Post envoy√©: [World] - AFCON big cat fight ends in draw: Senega... (score: 1)
[2026-01-04T17:50:35.154+0000] {docker.py:429} INFO - ‚úÖ Post envoy√©: [World] - Mane rescues Senegal in draw with DR Con... (score: 1)
[2026-01-04T17:50:35.283+0000] {docker.py:429} INFO - ‚úÖ Post envoy√©: [World] - Mane rescues Senegal in draw with DR Con... (score: 1)
[2026-01-04T17:50:35.391+0000] {docker.py:429} INFO - ‚úÖ Post envoy√©: [World] - AFCON 2025: Senegal and DR Congo to targ... (score: 1)
[2026-01-04T17:50:35.520+0000] {docker.py:429} INFO - ‚úÖ Post envoy√©: [World] - AFCON 2025: Senegal and DR Congo to targ... (score: 1)
[2026-01-04T17:50:35.532+0000] {docker.py:429} INFO - 
[2026-01-04T17:50:35.656+0000] {docker.py:429} INFO - ‚úÖ Post envoy√©: [World] - AFCON 2025: Senegal off to perfect start... (score: 1)
[2026-01-04T17:50:35.759+0000] {docker.py:429} INFO - ‚Üí 50 posts trouv√©s
[2026-01-04T17:50:35.781+0000] {docker.py:429} INFO - 
[2026-01-04T17:50:38.798+0000] {docker.py:429} INFO - üîé Recherche: 'Nigeria AFCON' (global)...
[2026-01-04T17:50:40.249+0000] {docker.py:429} INFO - ‚úÖ Post envoy√©: Alex Iwobi on Calvin Bassey's chance vs. Burnley: ... (score: 4027)
[2026-01-04T17:50:40.295+0000] {docker.py:429} INFO - 
[2026-01-04T17:50:40.379+0000] {docker.py:429} INFO - ‚úÖ Post envoy√©: Nigeria defeat Tunisia 3-2 and qualify for the AFC... (score: 76)
[2026-01-04T17:50:40.488+0000] {docker.py:429} INFO - ‚úÖ Post envoy√©: Match Thread: Nigeria vs Tanzania... (score: 25)
[2026-01-04T17:50:40.613+0000] {docker.py:429} INFO - ‚úÖ Post envoy√©: I love AFCON, but the state of our continent is de... (score: 80)
[2026-01-04T17:50:40.728+0000] {docker.py:429} INFO - ‚úÖ Post envoy√©: Uganda have used all of their 3 goalkeepers today,... (score: 1147)
[2026-01-04T17:50:40.839+0000] {docker.py:429} INFO - ‚úÖ Post envoy√©: A fan brought out a DR Congo flag during Nigeria v... (score: 482)
[2026-01-04T17:50:40.947+0000] {docker.py:429} INFO - ‚úÖ Post envoy√©: Osimhen's Nigeria have advanced to the round of 16... (score: 43)
[2026-01-04T17:50:40.952+0000] {docker.py:429} INFO - 
[2026-01-04T17:50:41.052+0000] {docker.py:429} INFO - ‚úÖ Post envoy√©: Nigeria vs Tunisia AFCON Tickets... (score: 3)
[2026-01-04T17:50:41.064+0000] {docker.py:429} INFO - 
[2026-01-04T17:50:41.171+0000] {docker.py:429} INFO - ‚úÖ Post envoy√©: Nigeria‚Äôs squad for upcoming AFCON... (score: 23)
[2026-01-04T17:50:41.416+0000] {docker.py:429} INFO - ‚úÖ Post envoy√©: Akinsanmiro: "I was very surprised to be called up... (score: 73)
[2026-01-04T17:50:41.536+0000] {docker.py:429} INFO - ‚úÖ Post envoy√©: AFCON - Nigeria vs Uganda... (score: 23)
[2026-01-04T17:50:41.543+0000] {docker.py:429} INFO - 
[2026-01-04T17:50:41.635+0000] {docker.py:429} INFO - ‚úÖ Post envoy√©: AFCON: Nigeria vs Tanzania... (score: 13)
[2026-01-04T17:50:41.642+0000] {docker.py:429} INFO - 
[2026-01-04T17:50:41.844+0000] {docker.py:429} INFO - ‚úÖ Post envoy√©: Nigeria will face Mozambique in the round of 16 of... (score: 21)
[2026-01-04T17:50:41.952+0000] {docker.py:429} INFO - ‚úÖ Post envoy√©: The only two teams to post a 100% record in the AF... (score: 21)
[2026-01-04T17:50:42.057+0000] {docker.py:429} INFO - ‚úÖ Post envoy√©: Nigeria's Path to Our 4th AFCON... (score: 5)
[2026-01-04T17:50:42.159+0000] {docker.py:429} INFO - ‚úÖ Post envoy√©: Nigeria vs Tunisia Preview: Prediction, Team News,... (score: 3)
[2026-01-04T17:50:42.161+0000] {docker.py:429} INFO - 
[2026-01-04T17:50:42.289+0000] {docker.py:429} INFO - ‚úÖ Post envoy√©: Is the Nigeria comparison accurate here for afcon?... (score: 11)
[2026-01-04T17:50:42.382+0000] {docker.py:429} INFO - ‚úÖ Post envoy√©: Have Nigeria finally found their winning formula a... (score: 5)
[2026-01-04T17:50:42.489+0000] {docker.py:429} INFO - ‚úÖ Post envoy√©: The only two teams to post a 100% record in the AF... (score: 7)
[2026-01-04T17:50:42.601+0000] {docker.py:429} INFO - ‚úÖ Post envoy√©: The Super Eagles kick off their AFCON 2025 campaig... (score: 14)
[2026-01-04T17:50:42.699+0000] {docker.py:429} INFO - ‚úÖ Post envoy√©: Nigeria reach Afcon last 16 despite Tunisia fightb... (score: 1)
[2026-01-04T17:50:42.808+0000] {docker.py:429} INFO - ‚úÖ Post envoy√©: [World] - Nigeria vs Mozambique: AFCON 2025 ‚Äì team... (score: 1)
[2026-01-04T17:50:42.916+0000] {docker.py:429} INFO - ‚úÖ Post envoy√©: [World] - Nigeria vs Mozambique: AFCON 2025 ‚Äì team... (score: 1)
[2026-01-04T17:50:43.034+0000] {docker.py:429} INFO - ‚úÖ Post envoy√©: Uganda vs Nigeria Highlights | AFCON Reaction ‚öΩ... (score: 1)
[2026-01-04T17:50:43.148+0000] {docker.py:429} INFO - ‚úÖ Post envoy√©: Nigeria, Algeria Enter AFCON 2025 Knockouts in Com... (score: 3)
[2026-01-04T17:50:43.357+0000] {docker.py:429} INFO - ‚úÖ Post envoy√©: Nigeria vs Tunesia Highlights | AFCON Reaction üò≥... (score: 1)
[2026-01-04T17:50:43.467+0000] {docker.py:429} INFO - ‚úÖ Post envoy√©: Uganda have used all of their 3 goalkeepers today,... (score: 1)
[2026-01-04T17:50:43.581+0000] {docker.py:429} INFO - ‚úÖ Post envoy√©: [World] - AFCON 2025: Nigeria complete near-perfec... (score: 1)
[2026-01-04T17:50:43.692+0000] {docker.py:429} INFO - ‚úÖ Post envoy√©: [World] - AFCON 2025: Nigeria complete near-perfec... (score: 1)
[2026-01-04T17:50:43.808+0000] {docker.py:429} INFO - ‚úÖ Post envoy√©: [Sports] - Afcon roundup: Nigeria stay perfect as ... (score: 1)
[2026-01-04T17:50:43.900+0000] {docker.py:429} INFO - ‚úÖ Post envoy√©: [Sports] - Afcon roundup: Nigeria stay perfect as ... (score: 1)
[2026-01-04T17:50:44.005+0000] {docker.py:429} INFO - ‚úÖ Post envoy√©: [World] - Nigeria beat Uganda 3-1 to head into AFC... (score: 1)
[2026-01-04T17:50:44.121+0000] {docker.py:429} INFO - ‚úÖ Post envoy√©: [World] - Nigeria beat Uganda 3-1 to head into AFC... (score: 1)
[2026-01-04T17:50:44.224+0000] {docker.py:429} INFO - ‚úÖ Post envoy√©: [World] - LIVE: Uganda vs Nigeria ‚Äì AFCON 2025 | A... (score: 1)
[2026-01-04T17:50:44.349+0000] {docker.py:429} INFO - ‚úÖ Post envoy√©: Today's MotD: Uganda vs Nigeria (AFCON, Morocco)... (score: 1)
[2026-01-04T17:50:44.357+0000] {docker.py:429} INFO - 
[2026-01-04T17:50:44.461+0000] {docker.py:429} INFO - ‚úÖ Post envoy√©: [World] - LIVE: Uganda vs Nigeria ‚Äì AFCON 2025... (score: 1)
[2026-01-04T17:50:44.584+0000] {docker.py:429} INFO - ‚úÖ Post envoy√©: (Request) Nigeria vs Tunisia, AFCON, 27/12/25 ‚ÄìFul... (score: 2)
[2026-01-04T17:50:44.669+0000] {docker.py:429} INFO - ‚úÖ Post envoy√©: Nigeria vs Tanzania Highlights | AFCON Reaction üò≥... (score: 1)
[2026-01-04T17:50:44.781+0000] {docker.py:429} INFO - ‚úÖ Post envoy√©: [World] - Uganda vs Nigeria: AFCON 2025 ‚Äì team new... (score: 1)
[2026-01-04T17:50:44.890+0000] {docker.py:429} INFO - ‚úÖ Post envoy√©: [World] - Uganda vs Nigeria: AFCON 2025 ‚Äì team new... (score: 1)
[2026-01-04T17:50:44.997+0000] {docker.py:429} INFO - ‚úÖ Post envoy√©: Nigeria Lookman Stars As 3-2 Win Over Tunisia Book... (score: 1)
[2026-01-04T17:50:45.001+0000] {docker.py:429} INFO - 
[2026-01-04T17:50:45.131+0000] {docker.py:429} INFO - ‚úÖ Post envoy√©: [World] - Nigeria reach AFCON knockouts despite la... (score: 1)
[2026-01-04T17:50:45.133+0000] {docker.py:429} INFO - 
[2026-01-04T17:50:45.236+0000] {docker.py:429} INFO - ‚úÖ Post envoy√©: [World] - Nigeria reach AFCON knockouts despite la... (score: 1)
[2026-01-04T17:50:45.250+0000] {docker.py:429} INFO - 
[2026-01-04T17:50:45.351+0000] {docker.py:429} INFO - ‚úÖ Post envoy√©: (Request) Nigeria vs Tunisia, AFCON, 27/12/25... (score: 1)
[2026-01-04T17:50:45.364+0000] {docker.py:429} INFO - 
[2026-01-04T17:50:45.471+0000] {docker.py:429} INFO - ‚úÖ Post envoy√©: [World] - LIVE: Nigeria vs Tunisia ‚Äì AFCON 2025 | ... (score: 1)
[2026-01-04T17:50:45.479+0000] {docker.py:429} INFO - 
[2026-01-04T17:50:45.625+0000] {docker.py:429} INFO - ‚úÖ Post envoy√©: [World] - LIVE: Nigeria vs Tunisia ‚Äì AFCON 2025... (score: 1)
[2026-01-04T17:50:45.636+0000] {docker.py:429} INFO - 
[2026-01-04T17:50:45.722+0000] {docker.py:429} INFO - ‚úÖ Post envoy√©: [World] - Nigeria vs Tunisia: AFCON 2025 ‚Äì team ne... (score: 1)
[2026-01-04T17:50:45.824+0000] {docker.py:429} INFO - ‚Üí 50 posts trouv√©s
[2026-01-04T17:50:48.813+0000] {docker.py:429} INFO - üìç PHASE 2: Scraping des subreddits
----------------------------------------------------------------------
üîç Scraping r/soccer/hot (limit=50)...
[2026-01-04T17:50:49.679+0000] {docker.py:429} INFO - ‚Üí 0 posts CAN trouv√©s
[2026-01-04T17:50:51.637+0000] {docker.py:429} INFO - üîç Scraping r/soccer/new (limit=50)...
[2026-01-04T17:50:52.416+0000] {docker.py:429} INFO - ‚úÖ Post envoy√©: Morocco 1-0 Tanzania - Brahim Diaz 64'... (score: 52)
[2026-01-04T17:50:52.523+0000] {docker.py:429} INFO - ‚úÖ Post envoy√©: Post Match Thread: Newcastle United 2-0 Crystal Pa... (score: 18)
[2026-01-04T17:50:52.629+0000] {docker.py:429} INFO - ‚Üí 2 posts CAN trouv√©s
[2026-01-04T17:50:54.645+0000] {docker.py:429} INFO - üîç Scraping r/football/hot (limit=50)...
[2026-01-04T17:50:55.955+0000] {docker.py:429} INFO - ‚úÖ Post envoy√©: After poor results at Afcon (africa), the Gabon fo... (score: 202)
[2026-01-04T17:50:56.170+0000] {docker.py:429} INFO - ‚úÖ Post envoy√©: Africa Cup of Nations to be held every four years ... (score: 347)
[2026-01-04T17:50:56.266+0000] {docker.py:429} INFO - ‚Üí 3 posts CAN trouv√©s
[2026-01-04T17:50:58.257+0000] {docker.py:429} INFO - üîç Scraping r/football/new (limit=50)...
[2026-01-04T17:50:59.952+0000] {docker.py:429} INFO - ‚úÖ Post envoy√©: AFCON 2025 Group Stage Preview: Hosts Morocco Ente... (score: 6)
[2026-01-04T17:50:59.970+0000] {docker.py:429} INFO - ‚Üí 4 posts CAN trouv√©s
[2026-01-04T17:51:01.981+0000] {docker.py:429} INFO - üîç Scraping r/sports/hot (limit=50)...
[2026-01-04T17:51:02.849+0000] {docker.py:429} INFO - ‚úÖ Post envoy√©: Boxer Anthony Joshua‚Äôs driver charged after deadly... (score: 1159)
[2026-01-04T17:51:02.957+0000] {docker.py:429} INFO - ‚úÖ Post envoy√©: Texas Tech Lady Raiders Add 7' Nigerian Stephanie ... (score: 185)
[2026-01-04T17:51:03.080+0000] {docker.py:429} INFO - ‚Üí 2 posts CAN trouv√©s
[2026-01-04T17:51:05.059+0000] {docker.py:429} INFO - üîç Scraping r/sports/new (limit=50)...
[2026-01-04T17:51:06.263+0000] {docker.py:429} INFO - ‚Üí 2 posts CAN trouv√©s
[2026-01-04T17:51:08.271+0000] {docker.py:429} INFO - üîç Scraping r/worldcup/hot (limit=50)...
[2026-01-04T17:51:09.324+0000] {docker.py:429} INFO - ‚úÖ Post envoy√©: Song and clip AFCON African cup 2026 hosted by Mor... (score: 5)
[2026-01-04T17:51:09.546+0000] {docker.py:429} INFO - ‚úÖ Post envoy√©: Nigeria files World Cup complaint to FIFA over Con... (score: 168)
[2026-01-04T17:51:09.694+0000] {docker.py:429} INFO - ‚úÖ Post envoy√©: World Cup countries Senegal and C√¥te d‚ÄôIvoire amon... (score: 204)
[2026-01-04T17:51:09.804+0000] {docker.py:429} INFO - ‚úÖ Post envoy√©: European World cup winner stats when played outsid... (score: 37)
[2026-01-04T17:51:09.910+0000] {docker.py:429} INFO - ‚úÖ Post envoy√©: World Cup 'Pride Match' still on after Egypt, Iran... (score: 957)
[2026-01-04T17:51:10.027+0000] {docker.py:429} INFO - ‚úÖ Post envoy√©: Egypt protests Pride plans for World Cup match aga... (score: 299)
[2026-01-04T17:51:10.134+0000] {docker.py:429} INFO - ‚Üí 7 posts CAN trouv√©s
[2026-01-04T17:51:12.113+0000] {docker.py:429} INFO - üîç Scraping r/worldcup/new (limit=50)...
[2026-01-04T17:51:13.703+0000] {docker.py:429} INFO - ‚Üí 6 posts CAN trouv√©s
[2026-01-04T17:51:15.702+0000] {docker.py:429} INFO - üîç Scraping r/Africa/hot (limit=50)...
[2026-01-04T17:51:17.060+0000] {docker.py:429} INFO - ‚úÖ Post envoy√©: African Diaspora Sex Tourism (LONG READ)... (score: 274)
[2026-01-04T17:51:17.167+0000] {docker.py:429} INFO - ‚úÖ Post envoy√©: UAE recognizes Somaliland Passports but blocks Vis... (score: 168)
[2026-01-04T17:51:17.275+0000] {docker.py:429} INFO - ‚úÖ Post envoy√©: Leading Private Investment Countries In 2025... (score: 29)
[2026-01-04T17:51:17.378+0000] {docker.py:429} INFO - ‚úÖ Post envoy√©: Why do SOME North Africans claim not to be African... (score: 267)
[2026-01-04T17:51:17.486+0000] {docker.py:429} INFO - ‚úÖ Post envoy√©: Baka People of Cameroon: Traditional Music from th... (score: 39)
[2026-01-04T17:51:17.593+0000] {docker.py:429} INFO - ‚úÖ Post envoy√©: Mali and Burkina Faso impose travel ban on US citi... (score: 437)
[2026-01-04T17:51:17.697+0000] {docker.py:429} INFO - ‚úÖ Post envoy√©: Anyone else notice how Ankara print is evolving? F... (score: 9)
[2026-01-04T17:51:17.803+0000] {docker.py:429} INFO - ‚úÖ Post envoy√©: There is no legal route for Israelis to reach soma... (score: 86)
[2026-01-04T17:51:17.910+0000] {docker.py:429} INFO - ‚úÖ Post envoy√©: Angolans didn‚Äôt get to share that sweet border wit... (score: 328)
[2026-01-04T17:51:18.014+0000] {docker.py:429} INFO - ‚úÖ Post envoy√©: Guinea elections: Gen Mamady Doumbouya takes lead ... (score: 23)
[2026-01-04T17:51:18.120+0000] {docker.py:429} INFO - ‚úÖ Post envoy√©: Le grand Mali... (score: 156)
[2026-01-04T17:51:18.225+0000] {docker.py:429} INFO - ‚úÖ Post envoy√©: Eyo Festival of Lagos Nigeria, Dec 27, 2025... (score: 241)
[2026-01-04T17:51:18.330+0000] {docker.py:429} INFO - ‚úÖ Post envoy√©: Explain why Somaliland is a big deal?... (score: 222)
[2026-01-04T17:51:18.436+0000] {docker.py:429} INFO - ‚úÖ Post envoy√©: IGAD rejects Israel‚Äôs recognition of Somaliland, c... (score: 93)
[2026-01-04T17:51:18.544+0000] {docker.py:429} INFO - ‚úÖ Post envoy√©: UN Security Council to hold emergency meeting afte... (score: 20)
[2026-01-04T17:51:18.649+0000] {docker.py:429} INFO - ‚úÖ Post envoy√©: Recommendations for countries to visit in Africa... (score: 8)
[2026-01-04T17:51:18.758+0000] {docker.py:429} INFO - ‚úÖ Post envoy√©: Thoughts on the US military intervention against t... (score: 16)
[2026-01-04T17:51:18.855+0000] {docker.py:429} INFO - ‚Üí 17 posts CAN trouv√©s
[2026-01-04T17:51:20.858+0000] {docker.py:429} INFO - üîç Scraping r/Africa/new (limit=50)...
[2026-01-04T17:51:23.741+0000] {docker.py:429} INFO - ‚Üí 17 posts CAN trouv√©s
[2026-01-04T17:51:25.743+0000] {docker.py:429} INFO - üîç Scraping r/africapics/hot (limit=50)...
[2026-01-04T17:51:26.064+0000] {docker.py:429} INFO - ‚Üí 0 posts CAN trouv√©s
[2026-01-04T17:51:28.061+0000] {docker.py:429} INFO - üîç Scraping r/africapics/new (limit=50)...
[2026-01-04T17:51:28.415+0000] {docker.py:429} INFO - ‚Üí 0 posts CAN trouv√©s
[2026-01-04T17:51:30.440+0000] {docker.py:429} INFO - üîç Scraping r/African/hot (limit=50)...
[2026-01-04T17:51:31.065+0000] {docker.py:429} INFO - ‚ùå Erreur scraping r/African: 404 Client Error: Not Found for url: https://www.reddit.com/r/African/hot.json?limit=50
[2026-01-04T17:51:33.063+0000] {docker.py:429} INFO - üîç Scraping r/African/new (limit=50)...
[2026-01-04T17:51:33.480+0000] {docker.py:429} INFO - ‚ùå Erreur scraping r/African: 404 Client Error: Not Found for url: https://www.reddit.com/r/African/new.json?limit=50
[2026-01-04T17:51:35.480+0000] {docker.py:429} INFO - üîç Scraping r/Morocco/hot (limit=50)...
[2026-01-04T17:51:36.565+0000] {docker.py:429} INFO - ‚úÖ Post envoy√©: Mod recruitment is open... (score: 2)
[2026-01-04T17:51:36.672+0000] {docker.py:429} INFO - ‚úÖ Post envoy√©: Present to myself... (score: 30)
[2026-01-04T17:51:36.781+0000] {docker.py:429} INFO - ‚úÖ Post envoy√©: üî• I‚Äôm saying Morocco will win üá≤üá¶ What about you? D... (score: 16)
[2026-01-04T17:51:36.885+0000] {docker.py:429} INFO - ‚úÖ Post envoy√©: Morocco is beautiful ‚ùÑÔ∏èü•∂üèîÔ∏è... (score: 361)
[2026-01-04T17:51:36.990+0000] {docker.py:429} INFO - ‚úÖ Post envoy√©: How are Moroccans raised abroad viewed in relation... (score: 1)
[2026-01-04T17:51:37.097+0000] {docker.py:429} INFO - ‚úÖ Post envoy√©: The quiet power of presence during AFCON... (score: 45)
[2026-01-04T17:51:37.203+0000] {docker.py:429} INFO - ‚úÖ Post envoy√©: Business programs in Morocco... (score: 3)
[2026-01-04T17:51:37.309+0000] {docker.py:429} INFO - ‚úÖ Post envoy√©: Foreign income -... (score: 1)
[2026-01-04T17:51:37.413+0000] {docker.py:429} INFO - ‚úÖ Post envoy√©: moving to Morocco from europe... (score: 3)
[2026-01-04T17:51:37.520+0000] {docker.py:429} INFO - ‚úÖ Post envoy√©: I keep sabotaging potential relationships because ... (score: 39)
[2026-01-04T17:51:37.621+0000] {docker.py:429} INFO - ‚Üí 10 posts CAN trouv√©s
[2026-01-04T17:51:39.624+0000] {docker.py:429} INFO - üîç Scraping r/Morocco/new (limit=50)...
[2026-01-04T17:51:42.124+0000] {docker.py:429} INFO - ‚úÖ Post envoy√©: Baking/Cooking School... (score: 1)
[2026-01-04T17:51:42.235+0000] {docker.py:429} INFO - ‚úÖ Post envoy√©: Revolut payments in Morocco... (score: 1)
[2026-01-04T17:51:42.336+0000] {docker.py:429} INFO - ‚úÖ Post envoy√©: What is the minimum purchase required to sit in an... (score: 1)
[2026-01-04T17:51:42.548+0000] {docker.py:429} INFO - ‚úÖ Post envoy√©: Marrakech should lowk be the capital... (score: 0)
[2026-01-04T17:51:42.654+0000] {docker.py:429} INFO - ‚Üí 8 posts CAN trouv√©s
[2026-01-04T17:51:44.648+0000] {docker.py:429} INFO - üìç PHASE 3: Top posts du mois
----------------------------------------------------------------------
üîç Scraping r/soccer/top (limit=50)...
[2026-01-04T17:51:45.506+0000] {docker.py:429} INFO - ‚úÖ Post envoy√©: Zinedine Zidane at AFCON watching his son Luca Zid... (score: 10911)
[2026-01-04T17:51:45.610+0000] {docker.py:429} INFO - ‚úÖ Post envoy√©: A fan in the Senegal vs Botswana game (no idea for... (score: 10495)
[2026-01-04T17:51:45.716+0000] {docker.py:429} INFO - ‚úÖ Post envoy√©: FIFA World Cup match in Seattle on June 26 had alr... (score: 9633)
[2026-01-04T17:51:45.821+0000] {docker.py:429} INFO - ‚úÖ Post envoy√©: Weird Clearance by Algeria's defender Achref Abada... (score: 8394)
[2026-01-04T17:51:45.923+0000] {docker.py:429} INFO - ‚Üí 5 posts CAN trouv√©s
[2026-01-04T17:51:47.923+0000] {docker.py:429} INFO - üîç Scraping r/Africa/top (limit=50)...
[2026-01-04T17:51:49.378+0000] {docker.py:429} INFO - ‚úÖ Post envoy√©: Mother, Daughter and Maid, Johannesburg, South Afr... (score: 2399)
[2026-01-04T17:51:49.494+0000] {docker.py:429} INFO - ‚úÖ Post envoy√©: The original "Waka Waka"song (1986)... (score: 1181)
[2026-01-04T17:51:49.594+0000] {docker.py:429} INFO - ‚úÖ Post envoy√©: Faces of Ghana (1950s-1970s) James Barnor... (score: 1035)
[2026-01-04T17:51:49.703+0000] {docker.py:429} INFO - ‚úÖ Post envoy√©: West Africa‚Äôs Megacity‚Ä¶Lagos, Nigeria.... (score: 904)
[2026-01-04T17:51:49.812+0000] {docker.py:429} INFO - ‚úÖ Post envoy√©: Medieval Towns of Mali... (score: 711)
[2026-01-04T17:51:49.919+0000] {docker.py:429} INFO - ‚úÖ Post envoy√©: Algeria Government Declares French Colonisation A ... (score: 571)
[2026-01-04T17:51:50.040+0000] {docker.py:429} INFO - ‚úÖ Post envoy√©: Fang Women... (score: 523)
[2026-01-04T17:51:50.233+0000] {docker.py:429} INFO - ‚úÖ Post envoy√©: African mythology... (score: 434)
[2026-01-04T17:51:50.540+0000] {docker.py:429} INFO - ‚úÖ Post envoy√©: Shoutout to the Somali community... (score: 272)
[2026-01-04T17:51:50.648+0000] {docker.py:429} INFO - ‚úÖ Post envoy√©: Ghana's president urged to rally African leaders b... (score: 267)
[2026-01-04T17:51:51.054+0000] {docker.py:429} INFO - ‚úÖ Post envoy√©: Somali hate... (score: 223)
[2026-01-04T17:51:51.162+0000] {docker.py:429} INFO - ‚úÖ Post envoy√©: Israel becomes first country to recognize Somalila... (score: 201)
[2026-01-04T17:51:51.269+0000] {docker.py:429} INFO - ‚úÖ Post envoy√©: Burkina Faso, Mali and Niger Launch NATO-Like Mili... (score: 206)
[2026-01-04T17:51:51.472+0000] {docker.py:429} INFO - ‚úÖ Post envoy√©: US launches 'powerful strikes' against Islamic Sta... (score: 171)
[2026-01-04T17:51:51.573+0000] {docker.py:429} INFO - ‚Üí 21 posts CAN trouv√©s
[2026-01-04T17:51:53.574+0000] {docker.py:429} INFO - üîç Scraping r/Morocco/top (limit=50)...
[2026-01-04T17:51:54.736+0000] {docker.py:429} INFO - ‚úÖ Post envoy√©: morocco wins the arab cup! üá≤üá¶... (score: 1134)
[2026-01-04T17:51:54.841+0000] {docker.py:429} INFO - ‚úÖ Post envoy√©: Handmade map of Morocco... (score: 715)
[2026-01-04T17:51:54.948+0000] {docker.py:429} INFO - ‚úÖ Post envoy√©: Wld l malik m9mr 3la l mghreb rab7... (score: 495)
[2026-01-04T17:51:55.054+0000] {docker.py:429} INFO - ‚úÖ Post envoy√©: I moved to Morocco two months ago and i already re... (score: 254)
[2026-01-04T17:51:55.164+0000] {docker.py:429} INFO - ‚úÖ Post envoy√©: Iraqi fan tries to stir something between Algerian... (score: 245)
[2026-01-04T17:51:55.270+0000] {docker.py:429} INFO - ‚úÖ Post envoy√©: weird name for a caf√© lol... (score: 235)
[2026-01-04T17:51:55.375+0000] {docker.py:429} INFO - ‚úÖ Post envoy√©: Another hospital scandal... (score: 212)
[2026-01-04T17:51:55.481+0000] {docker.py:429} INFO - ‚úÖ Post envoy√©: Orange Morocco has exceeded all legal limits in re... (score: 204)
[2026-01-04T17:51:55.589+0000] {docker.py:429} INFO - ‚úÖ Post envoy√©: Am I screwed? 305,000 MAD debt in my early 20s and... (score: 189)
[2026-01-04T17:51:55.696+0000] {docker.py:429} INFO - ‚úÖ Post envoy√©: Took this shot at Tangier Stadium during the Seneg... (score: 191)
[2026-01-04T17:51:55.797+0000] {docker.py:429} INFO - ‚Üí 10 posts CAN trouv√©s
[2026-01-04T17:51:57.794+0000] {docker.py:429} INFO - üí¨ PHASE 4: R√©cup√©ration des commentaires
----------------------------------------------------------------------
[2026-01-04T17:51:57.796+0000] {docker.py:429} INFO - üìù Commentaires pour: A DR Congo fan stood for 90+ minutes during the AF...
[2026-01-04T17:51:58.451+0000] {docker.py:429} INFO - ‚Üí 9 commentaires r√©cup√©r√©s
[2026-01-04T17:52:00.456+0000] {docker.py:429} INFO - üìù Commentaires pour: A DR Congo fan stood for 90+ minutes during the AF...
[2026-01-04T17:52:01.262+0000] {docker.py:429} INFO - ‚Üí 9 commentaires r√©cup√©r√©s
[2026-01-04T17:52:03.256+0000] {docker.py:429} INFO - üìù Commentaires pour: Zinedine Zidane at AFCON watching his son Luca Zid...
[2026-01-04T17:52:03.732+0000] {docker.py:429} INFO - ‚Üí 8 commentaires r√©cup√©r√©s
[2026-01-04T17:52:05.732+0000] {docker.py:429} INFO - üìù Commentaires pour: A fan in the Senegal vs Botswana game (no idea for...
[2026-01-04T17:52:06.261+0000] {docker.py:429} INFO - ‚Üí 16 commentaires r√©cup√©r√©s
[2026-01-04T17:52:08.264+0000] {docker.py:429} INFO - üìù Commentaires pour: FIFA World Cup match in Seattle on June 26 had alr...
[2026-01-04T17:52:08.864+0000] {docker.py:429} INFO - ‚Üí 6 commentaires r√©cup√©r√©s
[2026-01-04T17:52:10.868+0000] {docker.py:429} INFO - üìù Commentaires pour: Weird Clearance by Algeria's defender Achref Abada...
[2026-01-04T17:52:11.787+0000] {docker.py:429} INFO - ‚Üí 15 commentaires r√©cup√©r√©s
[2026-01-04T17:52:13.787+0000] {docker.py:429} INFO - üìù Commentaires pour: Zambia coach Moses Sichone on Morocco as the Host ...
[2026-01-04T17:52:14.342+0000] {docker.py:429} INFO - ‚Üí 9 commentaires r√©cup√©r√©s
[2026-01-04T17:52:16.342+0000] {docker.py:429} INFO - üìù Commentaires pour: Zambia coach Moses Sichone on Morocco as the Host ...
[2026-01-04T17:52:16.919+0000] {docker.py:429} INFO - ‚Üí 9 commentaires r√©cup√©r√©s
[2026-01-04T17:52:18.920+0000] {docker.py:429} INFO - üìù Commentaires pour: Mbapp√©, Tchouam√©ni and Kound√© are in Morocco for A...
[2026-01-04T17:52:19.682+0000] {docker.py:429} INFO - ‚Üí 14 commentaires r√©cup√©r√©s
[2026-01-04T17:52:21.667+0000] {docker.py:429} INFO - üìù Commentaires pour: Alex Iwobi on Calvin Bassey's chance vs. Burnley: ...
[2026-01-04T17:52:22.314+0000] {docker.py:429} INFO - ‚Üí 15 commentaires r√©cup√©r√©s
[2026-01-04T17:52:24.314+0000] {docker.py:429} INFO - ======================================================================
üìä RAPPORT DE COLLECTE INTENSIVE
======================================================================
Posts envoy√©s:         301
Commentaires envoy√©s:  92
Doublons √©vit√©s:       81
Erreurs:               0
Total unique:          393
======================================================================
[2026-01-04T17:52:24.318+0000] {docker.py:429} INFO - ‚è∏Ô∏è  Pause de 600s avant prochain cycle...
[2026-01-04T18:02:24.275+0000] {docker.py:429} INFO - üîÑ CYCLE #2

======================================================================
[2026-01-04T18:02:24.283+0000] {docker.py:429} INFO - üöÄ COLLECTE INTENSIVE - 2026-01-04 18:02:24
======================================================================

üìç PHASE 1: Recherche cibl√©e par mots-cl√©s
----------------------------------------------------------------------
üîé Recherche: 'AFCON 2025' (global)...
[2026-01-04T18:02:37.756+0000] {docker.py:429} INFO - ‚Üí 50 posts trouv√©s
[2026-01-04T18:02:40.758+0000] {docker.py:429} INFO - üîé Recherche: 'Africa Cup 2025' (global)...
[2026-01-04T18:02:49.570+0000] {docker.py:429} INFO - ‚Üí 50 posts trouv√©s
[2026-01-04T18:02:52.571+0000] {docker.py:429} INFO - üîé Recherche: 'Morocco AFCON' (global)...
[2026-01-04T18:03:00.905+0000] {docker.py:429} INFO - ‚Üí 50 posts trouv√©s
[2026-01-04T18:03:03.909+0000] {docker.py:429} INFO - üîé Recherche: 'Senegal AFCON' (global)...
[2026-01-04T18:03:10.557+0000] {docker.py:429} INFO - ‚Üí 50 posts trouv√©s
[2026-01-04T18:03:13.554+0000] {docker.py:429} INFO - üîé Recherche: 'Nigeria AFCON' (global)...
[2026-01-04T18:03:20.006+0000] {docker.py:429} INFO - ‚Üí 50 posts trouv√©s
[2026-01-04T18:03:23.008+0000] {docker.py:429} INFO - üìç PHASE 2: Scraping des subreddits
----------------------------------------------------------------------
üîç Scraping r/soccer/hot (limit=50)...
[2026-01-04T18:03:24.273+0000] {docker.py:429} INFO - ‚Üí 1 posts CAN trouv√©s
[2026-01-04T18:03:26.277+0000] {docker.py:429} INFO - üîç Scraping r/soccer/new (limit=50)...
[2026-01-04T18:03:27.644+0000] {docker.py:429} INFO - ‚Üí 2 posts CAN trouv√©s
[2026-01-04T18:03:29.644+0000] {docker.py:429} INFO - üîç Scraping r/football/hot (limit=50)...
[2026-01-04T18:03:31.201+0000] {docker.py:429} INFO - ‚Üí 3 posts CAN trouv√©s
[2026-01-04T18:03:33.203+0000] {docker.py:429} INFO - üîç Scraping r/football/new (limit=50)...
[2026-01-04T18:03:34.817+0000] {docker.py:429} INFO - ‚Üí 4 posts CAN trouv√©s
[2026-01-04T18:03:36.821+0000] {docker.py:429} INFO - üîç Scraping r/sports/hot (limit=50)...
[2026-01-04T18:03:38.343+0000] {docker.py:429} INFO - ‚Üí 2 posts CAN trouv√©s
[2026-01-04T18:03:40.343+0000] {docker.py:429} INFO - üîç Scraping r/sports/new (limit=50)...
[2026-01-04T18:03:41.981+0000] {docker.py:429} INFO - ‚Üí 2 posts CAN trouv√©s
[2026-01-04T18:03:43.981+0000] {docker.py:429} INFO - üîç Scraping r/worldcup/hot (limit=50)...
[2026-01-04T18:03:46.871+0000] {docker.py:429} INFO - ‚Üí 7 posts CAN trouv√©s
[2026-01-04T18:03:48.880+0000] {docker.py:429} INFO - üîç Scraping r/worldcup/new (limit=50)...
[2026-01-04T18:03:50.821+0000] {docker.py:429} INFO - ‚Üí 6 posts CAN trouv√©s
[2026-01-04T18:03:52.822+0000] {docker.py:429} INFO - üîç Scraping r/Africa/hot (limit=50)...
[2026-01-04T18:03:56.106+0000] {docker.py:429} INFO - ‚Üí 17 posts CAN trouv√©s
[2026-01-04T18:03:58.103+0000] {docker.py:429} INFO - üîç Scraping r/Africa/new (limit=50)...
[2026-01-04T18:04:01.191+0000] {docker.py:429} INFO - ‚Üí 17 posts CAN trouv√©s
[2026-01-04T18:04:03.192+0000] {docker.py:429} INFO - üîç Scraping r/africapics/hot (limit=50)...
[2026-01-04T18:04:03.797+0000] {docker.py:429} INFO - ‚Üí 0 posts CAN trouv√©s
[2026-01-04T18:04:05.797+0000] {docker.py:429} INFO - üîç Scraping r/africapics/new (limit=50)...
[2026-01-04T18:04:06.294+0000] {docker.py:429} INFO - ‚Üí 0 posts CAN trouv√©s
[2026-01-04T18:04:08.289+0000] {docker.py:429} INFO - üîç Scraping r/African/hot (limit=50)...
[2026-01-04T18:04:08.763+0000] {docker.py:429} INFO - ‚ùå Erreur scraping r/African: 404 Client Error: Not Found for url: https://www.reddit.com/r/African/hot.json?limit=50
[2026-01-04T18:04:10.765+0000] {docker.py:429} INFO - üîç Scraping r/African/new (limit=50)...
[2026-01-04T18:04:11.178+0000] {docker.py:429} INFO - ‚ùå Erreur scraping r/African: 404 Client Error: Not Found for url: https://www.reddit.com/r/African/new.json?limit=50
[2026-01-04T18:04:13.179+0000] {docker.py:429} INFO - üîç Scraping r/Morocco/hot (limit=50)...
[2026-01-04T18:04:15.266+0000] {docker.py:429} INFO - ‚Üí 9 posts CAN trouv√©s
[2026-01-04T18:04:17.266+0000] {docker.py:429} INFO - üîç Scraping r/Morocco/new (limit=50)...
[2026-01-04T18:04:20.181+0000] {docker.py:429} INFO - ‚Üí 8 posts CAN trouv√©s
[2026-01-04T18:04:22.187+0000] {docker.py:429} INFO - üìç PHASE 3: Top posts du mois
----------------------------------------------------------------------
üîç Scraping r/soccer/top (limit=50)...
[2026-01-04T18:04:24.160+0000] {docker.py:429} INFO - ‚Üí 5 posts CAN trouv√©s
[2026-01-04T18:04:26.162+0000] {docker.py:429} INFO - üîç Scraping r/Africa/top (limit=50)...
[2026-01-04T18:04:30.988+0000] {docker.py:429} INFO - ‚Üí 21 posts CAN trouv√©s
[2026-01-04T18:04:32.991+0000] {docker.py:429} INFO - üîç Scraping r/Morocco/top (limit=50)...
[2026-01-04T18:04:37.108+0000] {docker.py:429} INFO - ‚Üí 10 posts CAN trouv√©s
[2026-01-04T18:04:39.110+0000] {docker.py:429} INFO - üí¨ PHASE 4: R√©cup√©ration des commentaires
----------------------------------------------------------------------
   üìù Commentaires pour: A DR Congo fan stood for 90+ minutes during the AF...
[2026-01-04T18:04:40.052+0000] {docker.py:429} INFO - ‚Üí 9 commentaires r√©cup√©r√©s
[2026-01-04T18:04:42.050+0000] {docker.py:429} INFO - üìù Commentaires pour: A DR Congo fan stood for 90+ minutes during the AF...
[2026-01-04T18:04:43.200+0000] {docker.py:429} INFO - ‚Üí 9 commentaires r√©cup√©r√©s
[2026-01-04T18:04:45.201+0000] {docker.py:429} INFO - üìù Commentaires pour: Zinedine Zidane at AFCON watching his son Luca Zid...
[2026-01-04T18:04:46.882+0000] {docker.py:429} INFO - ‚Üí 8 commentaires r√©cup√©r√©s
[2026-01-04T18:04:48.889+0000] {docker.py:429} INFO - üìù Commentaires pour: A fan in the Senegal vs Botswana game (no idea for...
[2026-01-04T18:04:50.870+0000] {docker.py:429} INFO - ‚Üí 16 commentaires r√©cup√©r√©s
[2026-01-04T18:04:52.871+0000] {docker.py:429} INFO - üìù Commentaires pour: FIFA World Cup match in Seattle on June 26 had alr...
[2026-01-04T18:04:53.710+0000] {timeout.py:68} ERROR - Process timed out, PID: 220
[2026-01-04T18:04:53.827+0000] {taskinstance.py:2698} ERROR - Task failed with exception
Traceback (most recent call last):
  File "/home/airflow/.local/lib/python3.11/site-packages/docker/api/client.py", line 265, in _raise_for_status
    response.raise_for_status()
  File "/home/airflow/.local/lib/python3.11/site-packages/requests/models.py", line 1021, in raise_for_status
    raise HTTPError(http_error_msg, response=self)
requests.exceptions.HTTPError: 400 Client Error: Bad Request for url: http+docker://localhost/v1.51/containers/create?name=***_scraper_intensive_20260104T120000

The above exception was the direct cause of the following exception:

Traceback (most recent call last):
  File "/home/airflow/.local/lib/python3.11/site-packages/airflow/providers/docker/operators/docker.py", line 364, in _run_image
    return self._run_image_with_mounts([*self.mounts, tmp_mount], add_tmp_variable=True)
           ^^^^^^^^^^^^^^^^^^^^^^^^^^^^^^^^^^^^^^^^^^^^^^^^^^^^^^^^^^^^^^^^^^^^^^^^^^^^^
  File "/home/airflow/.local/lib/python3.11/site-packages/airflow/providers/docker/operators/docker.py", line 391, in _run_image_with_mounts
    self.container = self.cli.create_container(
                     ^^^^^^^^^^^^^^^^^^^^^^^^^^
  File "/home/airflow/.local/lib/python3.11/site-packages/docker/api/container.py", line 439, in create_container
    return self.create_container_from_config(config, name, platform)
           ^^^^^^^^^^^^^^^^^^^^^^^^^^^^^^^^^^^^^^^^^^^^^^^^^^^^^^^^^
  File "/home/airflow/.local/lib/python3.11/site-packages/docker/api/container.py", line 456, in create_container_from_config
    return self._result(res, True)
           ^^^^^^^^^^^^^^^^^^^^^^^
  File "/home/airflow/.local/lib/python3.11/site-packages/docker/api/client.py", line 271, in _result
    self._raise_for_status(response)
  File "/home/airflow/.local/lib/python3.11/site-packages/docker/api/client.py", line 267, in _raise_for_status
    raise create_api_error_from_http_exception(e) from e
          ^^^^^^^^^^^^^^^^^^^^^^^^^^^^^^^^^^^^^^^
  File "/home/airflow/.local/lib/python3.11/site-packages/docker/errors.py", line 39, in create_api_error_from_http_exception
    raise cls(e, response=response, explanation=explanation) from e
docker.errors.APIError: 400 Client Error for http+docker://localhost/v1.51/containers/create?name=airflow_scraper_intensive_20260104T120000: Bad Request ("invalid mount config for type "bind": bind source path does not exist: /tmp/airflowtmpu2dud5kt")

During handling of the above exception, another exception occurred:

Traceback (most recent call last):
  File "/home/airflow/.local/lib/python3.11/site-packages/airflow/providers/docker/operators/docker.py", line 426, in _run_image_with_mounts
    for log_chunk in logstream:
  File "/home/airflow/.local/lib/python3.11/site-packages/docker/types/daemon.py", line 29, in __next__
    return next(self._stream)
           ^^^^^^^^^^^^^^^^^^
  File "/home/airflow/.local/lib/python3.11/site-packages/docker/api/client.py", line 428, in <genexpr>
    gen = (data for (_, data) in gen)
          ^^^^^^^^^^^^^^^^^^^^^^^^^^^
  File "/home/airflow/.local/lib/python3.11/site-packages/docker/utils/socket.py", line 112, in frames_iter_no_tty
    (stream, n) = next_frame_header(socket)
                  ^^^^^^^^^^^^^^^^^^^^^^^^^
  File "/home/airflow/.local/lib/python3.11/site-packages/docker/utils/socket.py", line 84, in next_frame_header
    data = read_exactly(socket, 8)
           ^^^^^^^^^^^^^^^^^^^^^^^
  File "/home/airflow/.local/lib/python3.11/site-packages/docker/utils/socket.py", line 69, in read_exactly
    next_data = read(socket, n - len(data))
                ^^^^^^^^^^^^^^^^^^^^^^^^^^^
  File "/home/airflow/.local/lib/python3.11/site-packages/docker/utils/socket.py", line 40, in read
    poll.poll()
  File "/home/airflow/.local/lib/python3.11/site-packages/airflow/utils/timeout.py", line 69, in handle_timeout
    raise AirflowTaskTimeout(self.error_message)
airflow.exceptions.AirflowTaskTimeout: Timeout, PID: 220

During handling of the above exception, another exception occurred:

Traceback (most recent call last):
  File "/home/airflow/.local/lib/python3.11/site-packages/docker/api/client.py", line 265, in _raise_for_status
    response.raise_for_status()
  File "/home/airflow/.local/lib/python3.11/site-packages/requests/models.py", line 1021, in raise_for_status
    raise HTTPError(http_error_msg, response=self)
requests.exceptions.HTTPError: 409 Client Error: Conflict for url: http+docker://localhost/v1.51/containers/962ca05f1265fffee94812737e44e882dc47bd593fe8abc3149939d03d1131d9?v=False&link=False&force=False

The above exception was the direct cause of the following exception:

Traceback (most recent call last):
  File "/home/airflow/.local/lib/python3.11/site-packages/airflow/models/taskinstance.py", line 428, in _execute_task
    result = execute_callable(context=context, **execute_callable_kwargs)
             ^^^^^^^^^^^^^^^^^^^^^^^^^^^^^^^^^^^^^^^^^^^^^^^^^^^^^^^^^^^^
  File "/home/airflow/.local/lib/python3.11/site-packages/airflow/providers/docker/operators/docker.py", line 502, in execute
    return self._run_image()
           ^^^^^^^^^^^^^^^^^
  File "/home/airflow/.local/lib/python3.11/site-packages/airflow/providers/docker/operators/docker.py", line 373, in _run_image
    return self._run_image_with_mounts(self.mounts, add_tmp_variable=False)
           ^^^^^^^^^^^^^^^^^^^^^^^^^^^^^^^^^^^^^^^^^^^^^^^^^^^^^^^^^^^^^^^^
  File "/home/airflow/.local/lib/python3.11/site-packages/airflow/providers/docker/operators/docker.py", line 455, in _run_image_with_mounts
    self.cli.remove_container(self.container["Id"])
  File "/home/airflow/.local/lib/python3.11/site-packages/docker/utils/decorators.py", line 19, in wrapped
    return f(self, resource_id, *args, **kwargs)
           ^^^^^^^^^^^^^^^^^^^^^^^^^^^^^^^^^^^^^
  File "/home/airflow/.local/lib/python3.11/site-packages/docker/api/container.py", line 1036, in remove_container
    self._raise_for_status(res)
  File "/home/airflow/.local/lib/python3.11/site-packages/docker/api/client.py", line 267, in _raise_for_status
    raise create_api_error_from_http_exception(e) from e
          ^^^^^^^^^^^^^^^^^^^^^^^^^^^^^^^^^^^^^^^
  File "/home/airflow/.local/lib/python3.11/site-packages/docker/errors.py", line 39, in create_api_error_from_http_exception
    raise cls(e, response=response, explanation=explanation) from e
docker.errors.APIError: 409 Client Error for http+docker://localhost/v1.51/containers/962ca05f1265fffee94812737e44e882dc47bd593fe8abc3149939d03d1131d9?v=False&link=False&force=False: Conflict ("cannot remove container "962ca05f1265fffee94812737e44e882dc47bd593fe8abc3149939d03d1131d9": container is running: stop the container before removing or force remove")
[2026-01-04T18:04:53.997+0000] {taskinstance.py:1138} INFO - Marking task as UP_FOR_RETRY. dag_id=reddit_can_pipeline_optimized, task_id=scraping_intensive, execution_date=20260104T120000, start_date=20260104T174952, end_date=20260104T180453
[2026-01-04T18:04:54.246+0000] {standard_task_runner.py:107} ERROR - Failed to execute job 2 for task scraping_intensive (409 Client Error for http+docker://localhost/v1.51/containers/962ca05f1265fffee94812737e44e882dc47bd593fe8abc3149939d03d1131d9?v=False&link=False&force=False: Conflict ("cannot remove container "962ca05f1265fffee94812737e44e882dc47bd593fe8abc3149939d03d1131d9": container is running: stop the container before removing or force remove"); 220)
[2026-01-04T18:04:54.322+0000] {local_task_job_runner.py:234} INFO - Task exited with return code 1
[2026-01-04T18:04:54.587+0000] {taskinstance.py:3280} INFO - 0 downstream tasks scheduled from follow-on schedule check
